{"total": {"lines":{"total":889,"covered":137,"skipped":0,"pct":15.41},"statements":{"total":935,"covered":140,"skipped":0,"pct":14.97},"functions":{"total":295,"covered":28,"skipped":0,"pct":9.49},"branches":{"total":199,"covered":20,"skipped":0,"pct":10.05}}
,"/media/ramdisk/1/KIT-PSE_Sensordatenbankmanagementsystem/frontend/src/App.tsx": {"lines":{"total":1,"covered":1,"skipped":0,"pct":100},"functions":{"total":1,"covered":1,"skipped":0,"pct":100},"statements":{"total":1,"covered":1,"skipped":0,"pct":100},"branches":{"total":0,"covered":0,"skipped":0,"pct":100}}
,"/media/ramdisk/1/KIT-PSE_Sensordatenbankmanagementsystem/frontend/src/index.tsx": {"lines":{"total":2,"covered":0,"skipped":0,"pct":0},"functions":{"total":0,"covered":0,"skipped":0,"pct":100},"statements":{"total":2,"covered":0,"skipped":0,"pct":0},"branches":{"total":0,"covered":0,"skipped":0,"pct":100}}
,"/media/ramdisk/1/KIT-PSE_Sensordatenbankmanagementsystem/frontend/src/reportWebVitals.ts": {"lines":{"total":8,"covered":0,"skipped":0,"pct":0},"functions":{"total":2,"covered":0,"skipped":0,"pct":0},"statements":{"total":8,"covered":0,"skipped":0,"pct":0},"branches":{"total":4,"covered":0,"skipped":0,"pct":0}}
,"/media/ramdisk/1/KIT-PSE_Sensordatenbankmanagementsystem/frontend/src/setupProxy.js": {"lines":{"total":5,"covered":0,"skipped":0,"pct":0},"functions":{"total":1,"covered":0,"skipped":0,"pct":0},"statements":{"total":5,"covered":0,"skipped":0,"pct":0},"branches":{"total":4,"covered":0,"skipped":0,"pct":0}}
,"/media/ramdisk/1/KIT-PSE_Sensordatenbankmanagementsystem/frontend/src/components/Loading.tsx": {"lines":{"total":4,"covered":0,"skipped":0,"pct":0},"functions":{"total":1,"covered":0,"skipped":0,"pct":0},"statements":{"total":4,"covered":0,"skipped":0,"pct":0},"branches":{"total":0,"covered":0,"skipped":0,"pct":100}}
,"/media/ramdisk/1/KIT-PSE_Sensordatenbankmanagementsystem/frontend/src/components/Providers.tsx": {"lines":{"total":2,"covered":0,"skipped":0,"pct":0},"functions":{"total":1,"covered":0,"skipped":0,"pct":0},"statements":{"total":2,"covered":0,"skipped":0,"pct":0},"branches":{"total":0,"covered":0,"skipped":0,"pct":100}}
,"/media/ramdisk/1/KIT-PSE_Sensordatenbankmanagementsystem/frontend/src/components/datastreams/Data.tsx": {"lines":{"total":19,"covered":0,"skipped":0,"pct":0},"functions":{"total":7,"covered":0,"skipped":0,"pct":0},"statements":{"total":19,"covered":0,"skipped":0,"pct":0},"branches":{"total":0,"covered":0,"skipped":0,"pct":100}}
,"/media/ramdisk/1/KIT-PSE_Sensordatenbankmanagementsystem/frontend/src/components/datastreams/DatastreamView.tsx": {"lines":{"total":32,"covered":0,"skipped":0,"pct":0},"functions":{"total":10,"covered":0,"skipped":0,"pct":0},"statements":{"total":34,"covered":0,"skipped":0,"pct":0},"branches":{"total":18,"covered":0,"skipped":0,"pct":0}}
,"/media/ramdisk/1/KIT-PSE_Sensordatenbankmanagementsystem/frontend/src/components/datastreams/Export.tsx": {"lines":{"total":22,"covered":0,"skipped":0,"pct":0},"functions":{"total":6,"covered":0,"skipped":0,"pct":0},"statements":{"total":24,"covered":0,"skipped":0,"pct":0},"branches":{"total":0,"covered":0,"skipped":0,"pct":100}}
,"/media/ramdisk/1/KIT-PSE_Sensordatenbankmanagementsystem/frontend/src/components/header/NavigationBar.tsx": {"lines":{"total":1,"covered":0,"skipped":0,"pct":0},"functions":{"total":1,"covered":0,"skipped":0,"pct":0},"statements":{"total":1,"covered":0,"skipped":0,"pct":0},"branches":{"total":0,"covered":0,"skipped":0,"pct":100}}
,"/media/ramdisk/1/KIT-PSE_Sensordatenbankmanagementsystem/frontend/src/components/header/NavigationButton.tsx": {"lines":{"total":1,"covered":0,"skipped":0,"pct":0},"functions":{"total":1,"covered":0,"skipped":0,"pct":0},"statements":{"total":1,"covered":0,"skipped":0,"pct":0},"branches":{"total":0,"covered":0,"skipped":0,"pct":100}}
,"/media/ramdisk/1/KIT-PSE_Sensordatenbankmanagementsystem/frontend/src/components/header/UserMenu.tsx": {"lines":{"total":1,"covered":0,"skipped":0,"pct":0},"functions":{"total":1,"covered":0,"skipped":0,"pct":0},"statements":{"total":1,"covered":0,"skipped":0,"pct":0},"branches":{"total":0,"covered":0,"skipped":0,"pct":100}}
,"/media/ramdisk/1/KIT-PSE_Sensordatenbankmanagementsystem/frontend/src/components/layout/AppLayout.tsx": {"lines":{"total":17,"covered":0,"skipped":0,"pct":0},"functions":{"total":7,"covered":0,"skipped":0,"pct":0},"statements":{"total":17,"covered":0,"skipped":0,"pct":0},"branches":{"total":8,"covered":0,"skipped":0,"pct":0}}
,"/media/ramdisk/1/KIT-PSE_Sensordatenbankmanagementsystem/frontend/src/components/login/LoginStep1.tsx": {"lines":{"total":7,"covered":0,"skipped":0,"pct":0},"functions":{"total":4,"covered":0,"skipped":0,"pct":0},"statements":{"total":8,"covered":0,"skipped":0,"pct":0},"branches":{"total":0,"covered":0,"skipped":0,"pct":100}}
,"/media/ramdisk/1/KIT-PSE_Sensordatenbankmanagementsystem/frontend/src/components/login/LoginStep2.tsx": {"lines":{"total":7,"covered":0,"skipped":0,"pct":0},"functions":{"total":4,"covered":0,"skipped":0,"pct":0},"statements":{"total":8,"covered":0,"skipped":0,"pct":0},"branches":{"total":0,"covered":0,"skipped":0,"pct":100}}
,"/media/ramdisk/1/KIT-PSE_Sensordatenbankmanagementsystem/frontend/src/components/login/LoginView.tsx": {"lines":{"total":13,"covered":0,"skipped":0,"pct":0},"functions":{"total":3,"covered":0,"skipped":0,"pct":0},"statements":{"total":13,"covered":0,"skipped":0,"pct":0},"branches":{"total":4,"covered":0,"skipped":0,"pct":0}}
,"/media/ramdisk/1/KIT-PSE_Sensordatenbankmanagementsystem/frontend/src/components/replay/ReplayHelp.tsx": {"lines":{"total":9,"covered":0,"skipped":0,"pct":0},"functions":{"total":3,"covered":0,"skipped":0,"pct":0},"statements":{"total":9,"covered":0,"skipped":0,"pct":0},"branches":{"total":0,"covered":0,"skipped":0,"pct":100}}
,"/media/ramdisk/1/KIT-PSE_Sensordatenbankmanagementsystem/frontend/src/components/replay/ReplayRequest.tsx": {"lines":{"total":6,"covered":0,"skipped":0,"pct":0},"functions":{"total":1,"covered":0,"skipped":0,"pct":0},"statements":{"total":6,"covered":0,"skipped":0,"pct":0},"branches":{"total":2,"covered":0,"skipped":0,"pct":0}}
,"/media/ramdisk/1/KIT-PSE_Sensordatenbankmanagementsystem/frontend/src/components/replay/ReplaySettings.tsx": {"lines":{"total":26,"covered":0,"skipped":0,"pct":0},"functions":{"total":11,"covered":0,"skipped":0,"pct":0},"statements":{"total":29,"covered":0,"skipped":0,"pct":0},"branches":{"total":0,"covered":0,"skipped":0,"pct":100}}
,"/media/ramdisk/1/KIT-PSE_Sensordatenbankmanagementsystem/frontend/src/components/replay/ReplayThingList.tsx": {"lines":{"total":10,"covered":0,"skipped":0,"pct":0},"functions":{"total":4,"covered":0,"skipped":0,"pct":0},"statements":{"total":10,"covered":0,"skipped":0,"pct":0},"branches":{"total":0,"covered":0,"skipped":0,"pct":100}}
,"/media/ramdisk/1/KIT-PSE_Sensordatenbankmanagementsystem/frontend/src/components/replay/ReplayView.tsx": {"lines":{"total":11,"covered":0,"skipped":0,"pct":0},"functions":{"total":3,"covered":0,"skipped":0,"pct":0},"statements":{"total":11,"covered":0,"skipped":0,"pct":0},"branches":{"total":0,"covered":0,"skipped":0,"pct":100}}
,"/media/ramdisk/1/KIT-PSE_Sensordatenbankmanagementsystem/frontend/src/components/startpage/Search.tsx": {"lines":{"total":8,"covered":0,"skipped":0,"pct":0},"functions":{"total":4,"covered":0,"skipped":0,"pct":0},"statements":{"total":10,"covered":0,"skipped":0,"pct":0},"branches":{"total":0,"covered":0,"skipped":0,"pct":100}}
,"/media/ramdisk/1/KIT-PSE_Sensordatenbankmanagementsystem/frontend/src/components/startpage/StartpageView.tsx": {"lines":{"total":12,"covered":0,"skipped":0,"pct":0},"functions":{"total":4,"covered":0,"skipped":0,"pct":0},"statements":{"total":12,"covered":0,"skipped":0,"pct":0},"branches":{"total":0,"covered":0,"skipped":0,"pct":100}}
,"/media/ramdisk/1/KIT-PSE_Sensordatenbankmanagementsystem/frontend/src/components/startpage/ThingList.tsx": {"lines":{"total":29,"covered":0,"skipped":0,"pct":0},"functions":{"total":10,"covered":0,"skipped":0,"pct":0},"statements":{"total":29,"covered":0,"skipped":0,"pct":0},"branches":{"total":14,"covered":0,"skipped":0,"pct":0}}
,"/media/ramdisk/1/KIT-PSE_Sensordatenbankmanagementsystem/frontend/src/components/subscribe/SubscriptionEditorView.tsx": {"lines":{"total":42,"covered":0,"skipped":0,"pct":0},"functions":{"total":11,"covered":0,"skipped":0,"pct":0},"statements":{"total":51,"covered":0,"skipped":0,"pct":0},"branches":{"total":43,"covered":0,"skipped":0,"pct":0}}
,"/media/ramdisk/1/KIT-PSE_Sensordatenbankmanagementsystem/frontend/src/components/subscribe/SubscriptionList.tsx": {"lines":{"total":25,"covered":0,"skipped":0,"pct":0},"functions":{"total":10,"covered":0,"skipped":0,"pct":0},"statements":{"total":26,"covered":0,"skipped":0,"pct":0},"branches":{"total":2,"covered":0,"skipped":0,"pct":0}}
,"/media/ramdisk/1/KIT-PSE_Sensordatenbankmanagementsystem/frontend/src/components/subscribe/SubscriptionListView.tsx": {"lines":{"total":9,"covered":0,"skipped":0,"pct":0},"functions":{"total":4,"covered":0,"skipped":0,"pct":0},"statements":{"total":9,"covered":0,"skipped":0,"pct":0},"branches":{"total":0,"covered":0,"skipped":0,"pct":100}}
,"/media/ramdisk/1/KIT-PSE_Sensordatenbankmanagementsystem/frontend/src/components/subscribe/SubscriptionSettings.jsx": {"lines":{"total":7,"covered":0,"skipped":0,"pct":0},"functions":{"total":4,"covered":0,"skipped":0,"pct":0},"statements":{"total":7,"covered":0,"skipped":0,"pct":0},"branches":{"total":0,"covered":0,"skipped":0,"pct":100}}
,"/media/ramdisk/1/KIT-PSE_Sensordatenbankmanagementsystem/frontend/src/components/thingInformation/DatastreamList.tsx": {"lines":{"total":15,"covered":0,"skipped":0,"pct":0},"functions":{"total":7,"covered":0,"skipped":0,"pct":0},"statements":{"total":15,"covered":0,"skipped":0,"pct":0},"branches":{"total":0,"covered":0,"skipped":0,"pct":100}}
,"/media/ramdisk/1/KIT-PSE_Sensordatenbankmanagementsystem/frontend/src/components/thingInformation/Export.tsx": {"lines":{"total":5,"covered":0,"skipped":0,"pct":0},"functions":{"total":2,"covered":0,"skipped":0,"pct":0},"statements":{"total":5,"covered":0,"skipped":0,"pct":0},"branches":{"total":0,"covered":0,"skipped":0,"pct":100}}
,"/media/ramdisk/1/KIT-PSE_Sensordatenbankmanagementsystem/frontend/src/components/thingInformation/Properties.tsx": {"lines":{"total":13,"covered":0,"skipped":0,"pct":0},"functions":{"total":5,"covered":0,"skipped":0,"pct":0},"statements":{"total":13,"covered":0,"skipped":0,"pct":0},"branches":{"total":2,"covered":0,"skipped":0,"pct":0}}
,"/media/ramdisk/1/KIT-PSE_Sensordatenbankmanagementsystem/frontend/src/components/thingInformation/ThingInformationView.tsx": {"lines":{"total":29,"covered":0,"skipped":0,"pct":0},"functions":{"total":7,"covered":0,"skipped":0,"pct":0},"statements":{"total":33,"covered":0,"skipped":0,"pct":0},"branches":{"total":14,"covered":0,"skipped":0,"pct":0}}
,"/media/ramdisk/1/KIT-PSE_Sensordatenbankmanagementsystem/frontend/src/components/thingInformation/ThingTitle.tsx": {"lines":{"total":14,"covered":0,"skipped":0,"pct":0},"functions":{"total":6,"covered":0,"skipped":0,"pct":0},"statements":{"total":15,"covered":0,"skipped":0,"pct":0},"branches":{"total":8,"covered":0,"skipped":0,"pct":0}}
,"/media/ramdisk/1/KIT-PSE_Sensordatenbankmanagementsystem/frontend/src/context/DatastreamStoreProvider.tsx": {"lines":{"total":4,"covered":0,"skipped":0,"pct":0},"functions":{"total":1,"covered":0,"skipped":0,"pct":0},"statements":{"total":4,"covered":0,"skipped":0,"pct":0},"branches":{"total":0,"covered":0,"skipped":0,"pct":100}}
,"/media/ramdisk/1/KIT-PSE_Sensordatenbankmanagementsystem/frontend/src/context/LanguageProvider.js": {"lines":{"total":5,"covered":0,"skipped":0,"pct":0},"functions":{"total":1,"covered":0,"skipped":0,"pct":0},"statements":{"total":5,"covered":0,"skipped":0,"pct":0},"branches":{"total":1,"covered":0,"skipped":0,"pct":0}}
,"/media/ramdisk/1/KIT-PSE_Sensordatenbankmanagementsystem/frontend/src/context/LanguageProviderWrapper.js": {"lines":{"total":3,"covered":0,"skipped":0,"pct":0},"functions":{"total":1,"covered":0,"skipped":0,"pct":0},"statements":{"total":3,"covered":0,"skipped":0,"pct":0},"branches":{"total":0,"covered":0,"skipped":0,"pct":100}}
,"/media/ramdisk/1/KIT-PSE_Sensordatenbankmanagementsystem/frontend/src/context/ReplayStoreProvider.tsx": {"lines":{"total":4,"covered":0,"skipped":0,"pct":0},"functions":{"total":1,"covered":0,"skipped":0,"pct":0},"statements":{"total":4,"covered":0,"skipped":0,"pct":0},"branches":{"total":0,"covered":0,"skipped":0,"pct":100}}
,"/media/ramdisk/1/KIT-PSE_Sensordatenbankmanagementsystem/frontend/src/context/SubscriptionStoreProvider.tsx": {"lines":{"total":12,"covered":0,"skipped":0,"pct":0},"functions":{"total":4,"covered":0,"skipped":0,"pct":0},"statements":{"total":13,"covered":0,"skipped":0,"pct":0},"branches":{"total":8,"covered":0,"skipped":0,"pct":0}}
,"/media/ramdisk/1/KIT-PSE_Sensordatenbankmanagementsystem/frontend/src/context/ThingStoreProvider.tsx": {"lines":{"total":7,"covered":0,"skipped":0,"pct":0},"functions":{"total":2,"covered":0,"skipped":0,"pct":0},"statements":{"total":8,"covered":0,"skipped":0,"pct":0},"branches":{"total":2,"covered":0,"skipped":0,"pct":0}}
,"/media/ramdisk/1/KIT-PSE_Sensordatenbankmanagementsystem/frontend/src/context/UserStoreProvider.tsx": {"lines":{"total":4,"covered":0,"skipped":0,"pct":0},"functions":{"total":1,"covered":0,"skipped":0,"pct":0},"statements":{"total":4,"covered":0,"skipped":0,"pct":0},"branches":{"total":0,"covered":0,"skipped":0,"pct":100}}
,"/media/ramdisk/1/KIT-PSE_Sensordatenbankmanagementsystem/frontend/src/hooks/UseDatastreamStore.ts": {"lines":{"total":1,"covered":0,"skipped":0,"pct":0},"functions":{"total":1,"covered":0,"skipped":0,"pct":0},"statements":{"total":2,"covered":0,"skipped":0,"pct":0},"branches":{"total":0,"covered":0,"skipped":0,"pct":100}}
,"/media/ramdisk/1/KIT-PSE_Sensordatenbankmanagementsystem/frontend/src/hooks/UseReplayStore.ts": {"lines":{"total":1,"covered":0,"skipped":0,"pct":0},"functions":{"total":1,"covered":0,"skipped":0,"pct":0},"statements":{"total":2,"covered":0,"skipped":0,"pct":0},"branches":{"total":0,"covered":0,"skipped":0,"pct":100}}
,"/media/ramdisk/1/KIT-PSE_Sensordatenbankmanagementsystem/frontend/src/hooks/UseSubscriptionStore.ts": {"lines":{"total":1,"covered":0,"skipped":0,"pct":0},"functions":{"total":1,"covered":0,"skipped":0,"pct":0},"statements":{"total":2,"covered":0,"skipped":0,"pct":0},"branches":{"total":0,"covered":0,"skipped":0,"pct":100}}
,"/media/ramdisk/1/KIT-PSE_Sensordatenbankmanagementsystem/frontend/src/hooks/UseThingStore.ts": {"lines":{"total":1,"covered":0,"skipped":0,"pct":0},"functions":{"total":1,"covered":0,"skipped":0,"pct":0},"statements":{"total":2,"covered":0,"skipped":0,"pct":0},"branches":{"total":0,"covered":0,"skipped":0,"pct":100}}
,"/media/ramdisk/1/KIT-PSE_Sensordatenbankmanagementsystem/frontend/src/hooks/UseUserStore.ts": {"lines":{"total":1,"covered":0,"skipped":0,"pct":0},"functions":{"total":1,"covered":0,"skipped":0,"pct":0},"statements":{"total":2,"covered":0,"skipped":0,"pct":0},"branches":{"total":0,"covered":0,"skipped":0,"pct":100}}
,"/media/ramdisk/1/KIT-PSE_Sensordatenbankmanagementsystem/frontend/src/intl/AppContextProvider.js": {"lines":{"total":12,"covered":0,"skipped":0,"pct":0},"functions":{"total":2,"covered":0,"skipped":0,"pct":0},"statements":{"total":12,"covered":0,"skipped":0,"pct":0},"branches":{"total":3,"covered":0,"skipped":0,"pct":0}}
,"/media/ramdisk/1/KIT-PSE_Sensordatenbankmanagementsystem/frontend/src/intl/constants.js": {"lines":{"total":1,"covered":0,"skipped":0,"pct":0},"functions":{"total":0,"covered":0,"skipped":0,"pct":100},"statements":{"total":1,"covered":0,"skipped":0,"pct":0},"branches":{"total":0,"covered":0,"skipped":0,"pct":100}}
,"/media/ramdisk/1/KIT-PSE_Sensordatenbankmanagementsystem/frontend/src/intl/defaultContext.js": {"lines":{"total":1,"covered":0,"skipped":0,"pct":0},"functions":{"total":0,"covered":0,"skipped":0,"pct":100},"statements":{"total":1,"covered":0,"skipped":0,"pct":0},"branches":{"total":2,"covered":0,"skipped":0,"pct":0}}
,"/media/ramdisk/1/KIT-PSE_Sensordatenbankmanagementsystem/frontend/src/intl/localStorage.js": {"lines":{"total":13,"covered":0,"skipped":0,"pct":0},"functions":{"total":2,"covered":0,"skipped":0,"pct":0},"statements":{"total":13,"covered":0,"skipped":0,"pct":0},"branches":{"total":8,"covered":0,"skipped":0,"pct":0}}
,"/media/ramdisk/1/KIT-PSE_Sensordatenbankmanagementsystem/frontend/src/intl/messages/de-DE.js": {"lines":{"total":0,"covered":0,"skipped":0,"pct":100},"functions":{"total":0,"covered":0,"skipped":0,"pct":100},"statements":{"total":0,"covered":0,"skipped":0,"pct":100},"branches":{"total":0,"covered":0,"skipped":0,"pct":100}}
,"/media/ramdisk/1/KIT-PSE_Sensordatenbankmanagementsystem/frontend/src/intl/messages/en-US.js": {"lines":{"total":0,"covered":0,"skipped":0,"pct":100},"functions":{"total":0,"covered":0,"skipped":0,"pct":100},"statements":{"total":0,"covered":0,"skipped":0,"pct":100},"branches":{"total":0,"covered":0,"skipped":0,"pct":100}}
,"/media/ramdisk/1/KIT-PSE_Sensordatenbankmanagementsystem/frontend/src/intl/messages/messages.js": {"lines":{"total":0,"covered":0,"skipped":0,"pct":100},"functions":{"total":0,"covered":0,"skipped":0,"pct":100},"statements":{"total":0,"covered":0,"skipped":0,"pct":100},"branches":{"total":0,"covered":0,"skipped":0,"pct":100}}
,"/media/ramdisk/1/KIT-PSE_Sensordatenbankmanagementsystem/frontend/src/material/Datastream.ts": {"lines":{"total":3,"covered":0,"skipped":0,"pct":0},"functions":{"total":1,"covered":0,"skipped":0,"pct":0},"statements":{"total":3,"covered":0,"skipped":0,"pct":0},"branches":{"total":0,"covered":0,"skipped":0,"pct":100}}
,"/media/ramdisk/1/KIT-PSE_Sensordatenbankmanagementsystem/frontend/src/material/DatastreamName.ts": {"lines":{"total":3,"covered":0,"skipped":0,"pct":0},"functions":{"total":2,"covered":0,"skipped":0,"pct":0},"statements":{"total":3,"covered":0,"skipped":0,"pct":0},"branches":{"total":0,"covered":0,"skipped":0,"pct":100}}
,"/media/ramdisk/1/KIT-PSE_Sensordatenbankmanagementsystem/frontend/src/material/DatastreamRow.ts": {"lines":{"total":0,"covered":0,"skipped":0,"pct":100},"functions":{"total":0,"covered":0,"skipped":0,"pct":100},"statements":{"total":0,"covered":0,"skipped":0,"pct":100},"branches":{"total":0,"covered":0,"skipped":0,"pct":100}}
,"/media/ramdisk/1/KIT-PSE_Sensordatenbankmanagementsystem/frontend/src/material/EMail.ts": {"lines":{"total":3,"covered":0,"skipped":0,"pct":0},"functions":{"total":2,"covered":0,"skipped":0,"pct":0},"statements":{"total":3,"covered":0,"skipped":0,"pct":0},"branches":{"total":0,"covered":0,"skipped":0,"pct":100}}
,"/media/ramdisk/1/KIT-PSE_Sensordatenbankmanagementsystem/frontend/src/material/Id.ts": {"lines":{"total":3,"covered":3,"skipped":0,"pct":100},"functions":{"total":2,"covered":2,"skipped":0,"pct":100},"statements":{"total":3,"covered":3,"skipped":0,"pct":100},"branches":{"total":0,"covered":0,"skipped":0,"pct":100}}
,"/media/ramdisk/1/KIT-PSE_Sensordatenbankmanagementsystem/frontend/src/material/Location.ts": {"lines":{"total":6,"covered":2,"skipped":0,"pct":33.33},"functions":{"total":3,"covered":1,"skipped":0,"pct":33.33},"statements":{"total":6,"covered":2,"skipped":0,"pct":33.33},"branches":{"total":0,"covered":0,"skipped":0,"pct":100}}
,"/media/ramdisk/1/KIT-PSE_Sensordatenbankmanagementsystem/frontend/src/material/LocationWithAddress.ts": {"lines":{"total":6,"covered":2,"skipped":0,"pct":33.33},"functions":{"total":3,"covered":1,"skipped":0,"pct":33.33},"statements":{"total":6,"covered":2,"skipped":0,"pct":33.33},"branches":{"total":0,"covered":0,"skipped":0,"pct":100}}
,"/media/ramdisk/1/KIT-PSE_Sensordatenbankmanagementsystem/frontend/src/material/LoginCode.ts": {"lines":{"total":1,"covered":0,"skipped":0,"pct":0},"functions":{"total":1,"covered":0,"skipped":0,"pct":0},"statements":{"total":1,"covered":0,"skipped":0,"pct":0},"branches":{"total":0,"covered":0,"skipped":0,"pct":100}}
,"/media/ramdisk/1/KIT-PSE_Sensordatenbankmanagementsystem/frontend/src/material/NotificationLevel.ts": {"lines":{"total":2,"covered":0,"skipped":0,"pct":0},"functions":{"total":1,"covered":0,"skipped":0,"pct":0},"statements":{"total":2,"covered":0,"skipped":0,"pct":0},"branches":{"total":1,"covered":0,"skipped":0,"pct":0}}
,"/media/ramdisk/1/KIT-PSE_Sensordatenbankmanagementsystem/frontend/src/material/Replay.ts": {"lines":{"total":5,"covered":0,"skipped":0,"pct":0},"functions":{"total":1,"covered":0,"skipped":0,"pct":0},"statements":{"total":5,"covered":0,"skipped":0,"pct":0},"branches":{"total":0,"covered":0,"skipped":0,"pct":100}}
,"/media/ramdisk/1/KIT-PSE_Sensordatenbankmanagementsystem/frontend/src/material/ReplaySpeed.ts": {"lines":{"total":5,"covered":0,"skipped":0,"pct":0},"functions":{"total":3,"covered":0,"skipped":0,"pct":0},"statements":{"total":5,"covered":0,"skipped":0,"pct":0},"branches":{"total":0,"covered":0,"skipped":0,"pct":100}}
,"/media/ramdisk/1/KIT-PSE_Sensordatenbankmanagementsystem/frontend/src/material/SensorValue.ts": {"lines":{"total":6,"covered":0,"skipped":0,"pct":0},"functions":{"total":3,"covered":0,"skipped":0,"pct":0},"statements":{"total":6,"covered":0,"skipped":0,"pct":0},"branches":{"total":0,"covered":0,"skipped":0,"pct":100}}
,"/media/ramdisk/1/KIT-PSE_Sensordatenbankmanagementsystem/frontend/src/material/Subscription.ts": {"lines":{"total":15,"covered":0,"skipped":0,"pct":0},"functions":{"total":6,"covered":0,"skipped":0,"pct":0},"statements":{"total":15,"covered":0,"skipped":0,"pct":0},"branches":{"total":0,"covered":0,"skipped":0,"pct":100}}
,"/media/ramdisk/1/KIT-PSE_Sensordatenbankmanagementsystem/frontend/src/material/Thing.ts": {"lines":{"total":14,"covered":9,"skipped":0,"pct":64.29},"functions":{"total":4,"covered":2,"skipped":0,"pct":50},"statements":{"total":15,"covered":10,"skipped":0,"pct":66.67},"branches":{"total":4,"covered":4,"skipped":0,"pct":100}}
,"/media/ramdisk/1/KIT-PSE_Sensordatenbankmanagementsystem/frontend/src/material/ThingName.ts": {"lines":{"total":3,"covered":1,"skipped":0,"pct":33.33},"functions":{"total":2,"covered":1,"skipped":0,"pct":50},"statements":{"total":3,"covered":1,"skipped":0,"pct":33.33},"branches":{"total":0,"covered":0,"skipped":0,"pct":100}}
,"/media/ramdisk/1/KIT-PSE_Sensordatenbankmanagementsystem/frontend/src/material/ThingProperty.ts": {"lines":{"total":2,"covered":2,"skipped":0,"pct":100},"functions":{"total":1,"covered":1,"skipped":0,"pct":100},"statements":{"total":2,"covered":2,"skipped":0,"pct":100},"branches":{"total":0,"covered":0,"skipped":0,"pct":100}}
,"/media/ramdisk/1/KIT-PSE_Sensordatenbankmanagementsystem/frontend/src/material/Unit.ts": {"lines":{"total":10,"covered":1,"skipped":0,"pct":10},"functions":{"total":3,"covered":0,"skipped":0,"pct":0},"statements":{"total":10,"covered":1,"skipped":0,"pct":10},"branches":{"total":2,"covered":0,"skipped":0,"pct":0}}
,"/media/ramdisk/1/KIT-PSE_Sensordatenbankmanagementsystem/frontend/src/material/User.ts": {"lines":{"total":1,"covered":0,"skipped":0,"pct":0},"functions":{"total":1,"covered":0,"skipped":0,"pct":0},"statements":{"total":1,"covered":0,"skipped":0,"pct":0},"branches":{"total":0,"covered":0,"skipped":0,"pct":100}}
,"/media/ramdisk/1/KIT-PSE_Sensordatenbankmanagementsystem/frontend/src/routes/ReplayRouter.tsx": {"lines":{"total":3,"covered":0,"skipped":0,"pct":0},"functions":{"total":1,"covered":0,"skipped":0,"pct":0},"statements":{"total":3,"covered":0,"skipped":0,"pct":0},"branches":{"total":0,"covered":0,"skipped":0,"pct":100}}
,"/media/ramdisk/1/KIT-PSE_Sensordatenbankmanagementsystem/frontend/src/routes/Router.tsx": {"lines":{"total":3,"covered":0,"skipped":0,"pct":0},"functions":{"total":2,"covered":0,"skipped":0,"pct":0},"statements":{"total":4,"covered":0,"skipped":0,"pct":0},"branches":{"total":0,"covered":0,"skipped":0,"pct":100}}
,"/media/ramdisk/1/KIT-PSE_Sensordatenbankmanagementsystem/frontend/src/routes/SubscribeRouter.tsx": {"lines":{"total":3,"covered":0,"skipped":0,"pct":0},"functions":{"total":1,"covered":0,"skipped":0,"pct":0},"statements":{"total":3,"covered":0,"skipped":0,"pct":0},"branches":{"total":0,"covered":0,"skipped":0,"pct":100}}
,"/media/ramdisk/1/KIT-PSE_Sensordatenbankmanagementsystem/frontend/src/store/DatastreamStore.ts": {"lines":{"total":53,"covered":6,"skipped":0,"pct":11.32},"functions":{"total":17,"covered":1,"skipped":0,"pct":5.88},"statements":{"total":54,"covered":6,"skipped":0,"pct":11.11},"branches":{"total":7,"covered":0,"skipped":0,"pct":0}}
,"/media/ramdisk/1/KIT-PSE_Sensordatenbankmanagementsystem/frontend/src/store/ReplayStore.ts": {"lines":{"total":14,"covered":0,"skipped":0,"pct":0},"functions":{"total":6,"covered":0,"skipped":0,"pct":0},"statements":{"total":14,"covered":0,"skipped":0,"pct":0},"branches":{"total":0,"covered":0,"skipped":0,"pct":100}}
,"/media/ramdisk/1/KIT-PSE_Sensordatenbankmanagementsystem/frontend/src/store/SubscriptionStore.ts": {"lines":{"total":57,"covered":0,"skipped":0,"pct":0},"functions":{"total":17,"covered":0,"skipped":0,"pct":0},"statements":{"total":61,"covered":0,"skipped":0,"pct":0},"branches":{"total":10,"covered":0,"skipped":0,"pct":0}}
,"/media/ramdisk/1/KIT-PSE_Sensordatenbankmanagementsystem/frontend/src/store/ThingStore.ts": {"lines":{"total":77,"covered":53,"skipped":0,"pct":68.83},"functions":{"total":24,"covered":13,"skipped":0,"pct":54.17},"statements":{"total":78,"covered":54,"skipped":0,"pct":69.23},"branches":{"total":24,"covered":15,"skipped":0,"pct":62.5}}
,"/media/ramdisk/1/KIT-PSE_Sensordatenbankmanagementsystem/frontend/src/store/UserStore.ts": {"lines":{"total":17,"covered":0,"skipped":0,"pct":0},"functions":{"total":5,"covered":0,"skipped":0,"pct":0},"statements":{"total":17,"covered":0,"skipped":0,"pct":0},"branches":{"total":2,"covered":0,"skipped":0,"pct":0}}
,"/media/ramdisk/1/KIT-PSE_Sensordatenbankmanagementsystem/frontend/src/store/communication/backendJsonCreator.ts": {"lines":{"total":9,"covered":0,"skipped":0,"pct":0},"functions":{"total":3,"covered":0,"skipped":0,"pct":0},"statements":{"total":11,"covered":0,"skipped":0,"pct":0},"branches":{"total":0,"covered":0,"skipped":0,"pct":100}}
,"/media/ramdisk/1/KIT-PSE_Sensordatenbankmanagementsystem/frontend/src/store/communication/backendUrlCreator.ts": {"lines":{"total":17,"covered":14,"skipped":0,"pct":82.35},"functions":{"total":7,"covered":4,"skipped":0,"pct":57.14},"statements":{"total":20,"covered":15,"skipped":0,"pct":75},"branches":{"total":2,"covered":1,"skipped":0,"pct":50}}
,"/media/ramdisk/1/KIT-PSE_Sensordatenbankmanagementsystem/frontend/src/store/communication/notificationUrlCreator.ts": {"lines":{"total":5,"covered":0,"skipped":0,"pct":0},"functions":{"total":0,"covered":0,"skipped":0,"pct":100},"statements":{"total":5,"covered":0,"skipped":0,"pct":0},"branches":{"total":0,"covered":0,"skipped":0,"pct":100}}
,"/media/ramdisk/1/KIT-PSE_Sensordatenbankmanagementsystem/frontend/src/store/communication/restClient.ts": {"lines":{"total":15,"covered":0,"skipped":0,"pct":0},"functions":{"total":5,"covered":0,"skipped":0,"pct":0},"statements":{"total":15,"covered":0,"skipped":0,"pct":0},"branches":{"total":0,"covered":0,"skipped":0,"pct":100}}
,"/media/ramdisk/1/KIT-PSE_Sensordatenbankmanagementsystem/frontend/src/test/mock/store/communication/restClientMock.js": {"lines":{"total":4,"covered":2,"skipped":0,"pct":50},"functions":{"total":2,"covered":1,"skipped":0,"pct":50},"statements":{"total":4,"covered":2,"skipped":0,"pct":50},"branches":{"total":0,"covered":0,"skipped":0,"pct":100}}
,"/media/ramdisk/1/KIT-PSE_Sensordatenbankmanagementsystem/frontend/src/test/mock/store/communication/mockData/backend/getJson.js": {"lines":{"total":34,"covered":34,"skipped":0,"pct":100},"functions":{"total":0,"covered":0,"skipped":0,"pct":100},"statements":{"total":34,"covered":34,"skipped":0,"pct":100},"branches":{"total":0,"covered":0,"skipped":0,"pct":100}}
,"/media/ramdisk/1/KIT-PSE_Sensordatenbankmanagementsystem/frontend/src/test/mock/store/communication/mockData/backend/getText.js": {"lines":{"total":4,"covered":4,"skipped":0,"pct":100},"functions":{"total":0,"covered":0,"skipped":0,"pct":100},"statements":{"total":4,"covered":4,"skipped":0,"pct":100},"branches":{"total":0,"covered":0,"skipped":0,"pct":100}}
,"/media/ramdisk/1/KIT-PSE_Sensordatenbankmanagementsystem/frontend/src/test/mock/store/communication/mockData/backend/files/csvFiles.js": {"lines":{"total":3,"covered":3,"skipped":0,"pct":100},"functions":{"total":0,"covered":0,"skipped":0,"pct":100},"statements":{"total":3,"covered":3,"skipped":0,"pct":100},"branches":{"total":0,"covered":0,"skipped":0,"pct":100}}
}
