{"/media/ramdisk/1/KIT-PSE_Sensordatenbankmanagementsystem/frontend/src/App.tsx": {"path":"/media/ramdisk/1/KIT-PSE_Sensordatenbankmanagementsystem/frontend/src/App.tsx","statementMap":{"0":{"start":{"line":6,"column":2},"end":{"line":23,"column":4}}},"fnMap":{"0":{"name":"App","decl":{"start":{"line":5,"column":9},"end":{"line":5,"column":12}},"loc":{"start":{"line":5,"column":15},"end":{"line":24,"column":1}},"line":5}},"branchMap":{},"s":{"0":1},"f":{"0":1},"b":{},"_coverageSchema":"1a1c01bbd47fc00a2c39e90264f33305004495a9","hash":"5b0bde6362423dcffd43f638e0753d0b92474ae9"}
,"/media/ramdisk/1/KIT-PSE_Sensordatenbankmanagementsystem/frontend/src/index.tsx": {"path":"/media/ramdisk/1/KIT-PSE_Sensordatenbankmanagementsystem/frontend/src/index.tsx","statementMap":{"0":{"start":{"line":8,"column":0},"end":{"line":15,"column":1}},"1":{"start":{"line":20,"column":0},"end":{"line":20,"column":17}}},"fnMap":{},"branchMap":{},"s":{"0":0,"1":0},"f":{},"b":{}}
,"/media/ramdisk/1/KIT-PSE_Sensordatenbankmanagementsystem/frontend/src/reportWebVitals.ts": {"path":"/media/ramdisk/1/KIT-PSE_Sensordatenbankmanagementsystem/frontend/src/reportWebVitals.ts","statementMap":{"0":{"start":{"line":3,"column":24},"end":{"line":13,"column":1}},"1":{"start":{"line":4,"column":2},"end":{"line":12,"column":3}},"2":{"start":{"line":5,"column":4},"end":{"line":11,"column":6}},"3":{"start":{"line":6,"column":6},"end":{"line":6,"column":25}},"4":{"start":{"line":7,"column":6},"end":{"line":7,"column":25}},"5":{"start":{"line":8,"column":6},"end":{"line":8,"column":25}},"6":{"start":{"line":9,"column":6},"end":{"line":9,"column":25}},"7":{"start":{"line":10,"column":6},"end":{"line":10,"column":26}}},"fnMap":{"0":{"name":"(anonymous_0)","decl":{"start":{"line":3,"column":24},"end":{"line":3,"column":25}},"loc":{"start":{"line":3,"column":57},"end":{"line":13,"column":1}},"line":3},"1":{"name":"(anonymous_1)","decl":{"start":{"line":5,"column":30},"end":{"line":5,"column":31}},"loc":{"start":{"line":5,"column":77},"end":{"line":11,"column":5}},"line":5}},"branchMap":{"0":{"loc":{"start":{"line":4,"column":2},"end":{"line":12,"column":3}},"type":"if","locations":[{"start":{"line":4,"column":2},"end":{"line":12,"column":3}},{"start":{"line":4,"column":2},"end":{"line":12,"column":3}}],"line":4},"1":{"loc":{"start":{"line":4,"column":6},"end":{"line":4,"column":52}},"type":"binary-expr","locations":[{"start":{"line":4,"column":6},"end":{"line":4,"column":17}},{"start":{"line":4,"column":21},"end":{"line":4,"column":52}}],"line":4}},"s":{"0":0,"1":0,"2":0,"3":0,"4":0,"5":0,"6":0,"7":0},"f":{"0":0,"1":0},"b":{"0":[0,0],"1":[0,0]}}
,"/media/ramdisk/1/KIT-PSE_Sensordatenbankmanagementsystem/frontend/src/setupProxy.js": {"path":"/media/ramdisk/1/KIT-PSE_Sensordatenbankmanagementsystem/frontend/src/setupProxy.js","statementMap":{"0":{"start":{"line":1,"column":32},"end":{"line":1,"column":64}},"1":{"start":{"line":3,"column":14},"end":{"line":3,"column":21}},"2":{"start":{"line":5,"column":0},"end":{"line":27,"column":1}},"3":{"start":{"line":6,"column":2},"end":{"line":15,"column":3}},"4":{"start":{"line":17,"column":2},"end":{"line":26,"column":3}}},"fnMap":{"0":{"name":"(anonymous_0)","decl":{"start":{"line":5,"column":17},"end":{"line":5,"column":18}},"loc":{"start":{"line":5,"column":31},"end":{"line":27,"column":1}},"line":5}},"branchMap":{"0":{"loc":{"start":{"line":9,"column":14},"end":{"line":9,"column":60}},"type":"binary-expr","locations":[{"start":{"line":9,"column":14},"end":{"line":9,"column":33}},{"start":{"line":9,"column":37},"end":{"line":9,"column":60}}],"line":9},"1":{"loc":{"start":{"line":20,"column":14},"end":{"line":20,"column":65}},"type":"binary-expr","locations":[{"start":{"line":20,"column":14},"end":{"line":20,"column":38}},{"start":{"line":20,"column":42},"end":{"line":20,"column":65}}],"line":20}},"s":{"0":0,"1":0,"2":0,"3":0,"4":0},"f":{"0":0},"b":{"0":[0,0],"1":[0,0]}}
,"/media/ramdisk/1/KIT-PSE_Sensordatenbankmanagementsystem/frontend/src/components/Loading.tsx": {"path":"/media/ramdisk/1/KIT-PSE_Sensordatenbankmanagementsystem/frontend/src/components/Loading.tsx","statementMap":{"0":{"start":{"line":5,"column":18},"end":{"line":33,"column":2}},"1":{"start":{"line":35,"column":16},"end":{"line":55,"column":1}},"2":{"start":{"line":36,"column":18},"end":{"line":36,"column":29}},"3":{"start":{"line":38,"column":2},"end":{"line":54,"column":3}}},"fnMap":{"0":{"name":"(anonymous_0)","decl":{"start":{"line":35,"column":16},"end":{"line":35,"column":17}},"loc":{"start":{"line":35,"column":22},"end":{"line":55,"column":1}},"line":35}},"branchMap":{},"s":{"0":0,"1":0,"2":0,"3":0},"f":{"0":0},"b":{}}
,"/media/ramdisk/1/KIT-PSE_Sensordatenbankmanagementsystem/frontend/src/components/Providers.tsx": {"path":"/media/ramdisk/1/KIT-PSE_Sensordatenbankmanagementsystem/frontend/src/components/Providers.tsx","statementMap":{"0":{"start":{"line":10,"column":22},"end":{"line":24,"column":1}},"1":{"start":{"line":11,"column":2},"end":{"line":23,"column":23}}},"fnMap":{"0":{"name":"(anonymous_0)","decl":{"start":{"line":10,"column":22},"end":{"line":10,"column":23}},"loc":{"start":{"line":11,"column":2},"end":{"line":23,"column":23}},"line":11}},"branchMap":{},"s":{"0":0,"1":0},"f":{"0":0},"b":{}}
,"/media/ramdisk/1/KIT-PSE_Sensordatenbankmanagementsystem/frontend/src/components/datastreams/Data.tsx": {"path":"/media/ramdisk/1/KIT-PSE_Sensordatenbankmanagementsystem/frontend/src/components/datastreams/Data.tsx","statementMap":{"0":{"start":{"line":21,"column":19},"end":{"line":21,"column":40}},"1":{"start":{"line":23,"column":24},"end":{"line":34,"column":12}},"2":{"start":{"line":24,"column":2},"end":{"line":33,"column":4}},"3":{"start":{"line":36,"column":23},"end":{"line":42,"column":11}},"4":{"start":{"line":37,"column":2},"end":{"line":41,"column":4}},"5":{"start":{"line":44,"column":18},"end":{"line":51,"column":2}},"6":{"start":{"line":53,"column":13},"end":{"line":62,"column":1}},"7":{"start":{"line":54,"column":18},"end":{"line":54,"column":33}},"8":{"start":{"line":55,"column":2},"end":{"line":59,"column":3}},"9":{"start":{"line":56,"column":4},"end":{"line":56,"column":55}},"10":{"start":{"line":61,"column":2},"end":{"line":61,"column":58}},"11":{"start":{"line":68,"column":13},"end":{"line":113,"column":1}},"12":{"start":{"line":69,"column":18},"end":{"line":69,"column":29}},"13":{"start":{"line":71,"column":34},"end":{"line":71,"column":92}},"14":{"start":{"line":72,"column":2},"end":{"line":77,"column":8}},"15":{"start":{"line":73,"column":4},"end":{"line":75,"column":6}},"16":{"start":{"line":74,"column":6},"end":{"line":74,"column":23}},"17":{"start":{"line":79,"column":2},"end":{"line":112,"column":3}},"18":{"start":{"line":100,"column":12},"end":{"line":107,"column":29}}},"fnMap":{"0":{"name":"(anonymous_0)","decl":{"start":{"line":23,"column":35},"end":{"line":23,"column":36}},"loc":{"start":{"line":24,"column":2},"end":{"line":33,"column":4}},"line":24},"1":{"name":"(anonymous_1)","decl":{"start":{"line":36,"column":34},"end":{"line":36,"column":35}},"loc":{"start":{"line":37,"column":2},"end":{"line":41,"column":4}},"line":37},"2":{"name":"(anonymous_2)","decl":{"start":{"line":53,"column":13},"end":{"line":53,"column":14}},"loc":{"start":{"line":53,"column":39},"end":{"line":62,"column":1}},"line":53},"3":{"name":"(anonymous_3)","decl":{"start":{"line":68,"column":13},"end":{"line":68,"column":14}},"loc":{"start":{"line":68,"column":57},"end":{"line":113,"column":1}},"line":68},"4":{"name":"(anonymous_4)","decl":{"start":{"line":72,"column":12},"end":{"line":72,"column":13}},"loc":{"start":{"line":72,"column":18},"end":{"line":77,"column":3}},"line":72},"5":{"name":"(anonymous_5)","decl":{"start":{"line":73,"column":37},"end":{"line":73,"column":38}},"loc":{"start":{"line":73,"column":45},"end":{"line":75,"column":5}},"line":73},"6":{"name":"(anonymous_6)","decl":{"start":{"line":99,"column":24},"end":{"line":99,"column":25}},"loc":{"start":{"line":100,"column":12},"end":{"line":107,"column":29}},"line":100}},"branchMap":{},"s":{"0":0,"1":0,"2":0,"3":0,"4":0,"5":0,"6":0,"7":0,"8":0,"9":0,"10":0,"11":0,"12":0,"13":0,"14":0,"15":0,"16":0,"17":0,"18":0},"f":{"0":0,"1":0,"2":0,"3":0,"4":0,"5":0,"6":0},"b":{}}
,"/media/ramdisk/1/KIT-PSE_Sensordatenbankmanagementsystem/frontend/src/components/datastreams/DatastreamView.tsx": {"path":"/media/ramdisk/1/KIT-PSE_Sensordatenbankmanagementsystem/frontend/src/components/datastreams/DatastreamView.tsx","statementMap":{"0":{"start":{"line":18,"column":18},"end":{"line":32,"column":2}},"1":{"start":{"line":34,"column":22},"end":{"line":36,"column":1}},"2":{"start":{"line":35,"column":2},"end":{"line":35,"column":28}},"3":{"start":{"line":38,"column":18},"end":{"line":56,"column":1}},"4":{"start":{"line":45,"column":2},"end":{"line":55,"column":3}},"5":{"start":{"line":46,"column":4},"end":{"line":54,"column":8}},"6":{"start":{"line":49,"column":8},"end":{"line":49,"column":26}},"7":{"start":{"line":50,"column":8},"end":{"line":50,"column":30}},"8":{"start":{"line":53,"column":8},"end":{"line":53,"column":30}},"9":{"start":{"line":58,"column":23},"end":{"line":76,"column":1}},"10":{"start":{"line":65,"column":2},"end":{"line":75,"column":3}},"11":{"start":{"line":66,"column":4},"end":{"line":74,"column":8}},"12":{"start":{"line":69,"column":8},"end":{"line":69,"column":36}},"13":{"start":{"line":70,"column":8},"end":{"line":70,"column":35}},"14":{"start":{"line":73,"column":8},"end":{"line":73,"column":35}},"15":{"start":{"line":82,"column":27},"end":{"line":124,"column":1}},"16":{"start":{"line":83,"column":18},"end":{"line":83,"column":29}},"17":{"start":{"line":84,"column":21},"end":{"line":84,"column":36}},"18":{"start":{"line":85,"column":26},"end":{"line":85,"column":46}},"19":{"start":{"line":87,"column":42},"end":{"line":87,"column":56}},"20":{"start":{"line":88,"column":28},"end":{"line":88,"column":66}},"21":{"start":{"line":89,"column":20},"end":{"line":89,"column":50}},"22":{"start":{"line":90,"column":2},"end":{"line":92,"column":61}},"23":{"start":{"line":91,"column":4},"end":{"line":91,"column":68}},"24":{"start":{"line":94,"column":52},"end":{"line":94,"column":66}},"25":{"start":{"line":95,"column":38},"end":{"line":95,"column":81}},"26":{"start":{"line":96,"column":25},"end":{"line":96,"column":60}},"27":{"start":{"line":97,"column":2},"end":{"line":99,"column":86}},"28":{"start":{"line":98,"column":4},"end":{"line":98,"column":98}},"29":{"start":{"line":101,"column":2},"end":{"line":101,"column":59}},"30":{"start":{"line":101,"column":41},"end":{"line":101,"column":59}},"31":{"start":{"line":102,"column":2},"end":{"line":102,"column":53}},"32":{"start":{"line":102,"column":29},"end":{"line":102,"column":53}},"33":{"start":{"line":104,"column":2},"end":{"line":123,"column":3}}},"fnMap":{"0":{"name":"(anonymous_0)","decl":{"start":{"line":34,"column":22},"end":{"line":34,"column":23}},"loc":{"start":{"line":34,"column":28},"end":{"line":36,"column":1}},"line":34},"1":{"name":"(anonymous_1)","decl":{"start":{"line":38,"column":18},"end":{"line":38,"column":19}},"loc":{"start":{"line":44,"column":5},"end":{"line":56,"column":1}},"line":44},"2":{"name":"(anonymous_2)","decl":{"start":{"line":48,"column":12},"end":{"line":48,"column":13}},"loc":{"start":{"line":48,"column":24},"end":{"line":51,"column":7}},"line":48},"3":{"name":"(anonymous_3)","decl":{"start":{"line":52,"column":13},"end":{"line":52,"column":14}},"loc":{"start":{"line":52,"column":19},"end":{"line":54,"column":7}},"line":52},"4":{"name":"(anonymous_4)","decl":{"start":{"line":58,"column":23},"end":{"line":58,"column":24}},"loc":{"start":{"line":64,"column":5},"end":{"line":76,"column":1}},"line":64},"5":{"name":"(anonymous_5)","decl":{"start":{"line":68,"column":12},"end":{"line":68,"column":13}},"loc":{"start":{"line":68,"column":29},"end":{"line":71,"column":7}},"line":68},"6":{"name":"(anonymous_6)","decl":{"start":{"line":72,"column":13},"end":{"line":72,"column":14}},"loc":{"start":{"line":72,"column":19},"end":{"line":74,"column":7}},"line":72},"7":{"name":"(anonymous_7)","decl":{"start":{"line":82,"column":27},"end":{"line":82,"column":28}},"loc":{"start":{"line":82,"column":33},"end":{"line":124,"column":1}},"line":82},"8":{"name":"(anonymous_8)","decl":{"start":{"line":90,"column":12},"end":{"line":90,"column":13}},"loc":{"start":{"line":90,"column":18},"end":{"line":92,"column":3}},"line":90},"9":{"name":"(anonymous_9)","decl":{"start":{"line":97,"column":12},"end":{"line":97,"column":13}},"loc":{"start":{"line":97,"column":18},"end":{"line":99,"column":3}},"line":97}},"branchMap":{"0":{"loc":{"start":{"line":45,"column":2},"end":{"line":55,"column":3}},"type":"if","locations":[{"start":{"line":45,"column":2},"end":{"line":55,"column":3}},{"start":{"line":45,"column":2},"end":{"line":55,"column":3}}],"line":45},"1":{"loc":{"start":{"line":45,"column":6},"end":{"line":45,"column":26}},"type":"binary-expr","locations":[{"start":{"line":45,"column":6},"end":{"line":45,"column":16}},{"start":{"line":45,"column":20},"end":{"line":45,"column":26}}],"line":45},"2":{"loc":{"start":{"line":65,"column":2},"end":{"line":75,"column":3}},"type":"if","locations":[{"start":{"line":65,"column":2},"end":{"line":75,"column":3}},{"start":{"line":65,"column":2},"end":{"line":75,"column":3}}],"line":65},"3":{"loc":{"start":{"line":65,"column":6},"end":{"line":65,"column":36}},"type":"binary-expr","locations":[{"start":{"line":65,"column":6},"end":{"line":65,"column":21}},{"start":{"line":65,"column":25},"end":{"line":65,"column":36}}],"line":65},"4":{"loc":{"start":{"line":101,"column":2},"end":{"line":101,"column":59}},"type":"if","locations":[{"start":{"line":101,"column":2},"end":{"line":101,"column":59}},{"start":{"line":101,"column":2},"end":{"line":101,"column":59}}],"line":101},"5":{"loc":{"start":{"line":101,"column":6},"end":{"line":101,"column":39}},"type":"binary-expr","locations":[{"start":{"line":101,"column":6},"end":{"line":101,"column":18}},{"start":{"line":101,"column":22},"end":{"line":101,"column":39}}],"line":101},"6":{"loc":{"start":{"line":102,"column":2},"end":{"line":102,"column":53}},"type":"if","locations":[{"start":{"line":102,"column":2},"end":{"line":102,"column":53}},{"start":{"line":102,"column":2},"end":{"line":102,"column":53}}],"line":102},"7":{"loc":{"start":{"line":102,"column":6},"end":{"line":102,"column":27}},"type":"binary-expr","locations":[{"start":{"line":102,"column":6},"end":{"line":102,"column":12}},{"start":{"line":102,"column":16},"end":{"line":102,"column":27}}],"line":102},"8":{"loc":{"start":{"line":112,"column":13},"end":{"line":112,"column":57}},"type":"cond-expr","locations":[{"start":{"line":112,"column":21},"end":{"line":112,"column":49}},{"start":{"line":112,"column":52},"end":{"line":112,"column":57}}],"line":112}},"s":{"0":0,"1":0,"2":0,"3":0,"4":0,"5":0,"6":0,"7":0,"8":0,"9":0,"10":0,"11":0,"12":0,"13":0,"14":0,"15":0,"16":0,"17":0,"18":0,"19":0,"20":0,"21":0,"22":0,"23":0,"24":0,"25":0,"26":0,"27":0,"28":0,"29":0,"30":0,"31":0,"32":0,"33":0},"f":{"0":0,"1":0,"2":0,"3":0,"4":0,"5":0,"6":0,"7":0,"8":0,"9":0},"b":{"0":[0,0],"1":[0,0],"2":[0,0],"3":[0,0],"4":[0,0],"5":[0,0],"6":[0,0],"7":[0,0],"8":[0,0]}}
,"/media/ramdisk/1/KIT-PSE_Sensordatenbankmanagementsystem/frontend/src/components/datastreams/Export.tsx": {"path":"/media/ramdisk/1/KIT-PSE_Sensordatenbankmanagementsystem/frontend/src/components/datastreams/Export.tsx","statementMap":{"0":{"start":{"line":9,"column":19},"end":{"line":9,"column":40}},"1":{"start":{"line":11,"column":23},"end":{"line":11,"column":103}},"2":{"start":{"line":11,"column":39},"end":{"line":11,"column":103}},"3":{"start":{"line":12,"column":19},"end":{"line":12,"column":65}},"4":{"start":{"line":12,"column":35},"end":{"line":12,"column":65}},"5":{"start":{"line":14,"column":18},"end":{"line":31,"column":1}},"6":{"start":{"line":15,"column":2},"end":{"line":30,"column":4}},"7":{"start":{"line":37,"column":15},"end":{"line":110,"column":1}},"8":{"start":{"line":38,"column":18},"end":{"line":38,"column":29}},"9":{"start":{"line":40,"column":41},"end":{"line":40,"column":67}},"10":{"start":{"line":41,"column":37},"end":{"line":41,"column":63}},"11":{"start":{"line":42,"column":42},"end":{"line":42,"column":114}},"12":{"start":{"line":43,"column":42},"end":{"line":45,"column":3}},"13":{"start":{"line":47,"column":23},"end":{"line":52,"column":3}},"14":{"start":{"line":48,"column":20},"end":{"line":48,"column":44}},"15":{"start":{"line":49,"column":4},"end":{"line":49,"column":30}},"16":{"start":{"line":50,"column":4},"end":{"line":50,"column":81}},"17":{"start":{"line":51,"column":4},"end":{"line":51,"column":114}},"18":{"start":{"line":54,"column":21},"end":{"line":59,"column":3}},"19":{"start":{"line":55,"column":20},"end":{"line":55,"column":44}},"20":{"start":{"line":56,"column":4},"end":{"line":56,"column":28}},"21":{"start":{"line":57,"column":4},"end":{"line":57,"column":83}},"22":{"start":{"line":58,"column":4},"end":{"line":58,"column":116}},"23":{"start":{"line":61,"column":2},"end":{"line":109,"column":3}}},"fnMap":{"0":{"name":"(anonymous_0)","decl":{"start":{"line":11,"column":23},"end":{"line":11,"column":24}},"loc":{"start":{"line":11,"column":39},"end":{"line":11,"column":103}},"line":11},"1":{"name":"(anonymous_1)","decl":{"start":{"line":12,"column":19},"end":{"line":12,"column":20}},"loc":{"start":{"line":12,"column":35},"end":{"line":12,"column":65}},"line":12},"2":{"name":"(anonymous_2)","decl":{"start":{"line":14,"column":29},"end":{"line":14,"column":30}},"loc":{"start":{"line":15,"column":2},"end":{"line":30,"column":4}},"line":15},"3":{"name":"(anonymous_3)","decl":{"start":{"line":37,"column":15},"end":{"line":37,"column":16}},"loc":{"start":{"line":37,"column":59},"end":{"line":110,"column":1}},"line":37},"4":{"name":"(anonymous_4)","decl":{"start":{"line":47,"column":23},"end":{"line":47,"column":24}},"loc":{"start":{"line":47,"column":95},"end":{"line":52,"column":3}},"line":47},"5":{"name":"(anonymous_5)","decl":{"start":{"line":54,"column":21},"end":{"line":54,"column":22}},"loc":{"start":{"line":54,"column":93},"end":{"line":59,"column":3}},"line":54}},"branchMap":{},"s":{"0":0,"1":0,"2":0,"3":0,"4":0,"5":0,"6":0,"7":0,"8":0,"9":0,"10":0,"11":0,"12":0,"13":0,"14":0,"15":0,"16":0,"17":0,"18":0,"19":0,"20":0,"21":0,"22":0,"23":0},"f":{"0":0,"1":0,"2":0,"3":0,"4":0,"5":0},"b":{}}
,"/media/ramdisk/1/KIT-PSE_Sensordatenbankmanagementsystem/frontend/src/components/header/NavigationBar.tsx": {"path":"/media/ramdisk/1/KIT-PSE_Sensordatenbankmanagementsystem/frontend/src/components/header/NavigationBar.tsx","statementMap":{"0":{"start":{"line":7,"column":22},"end":{"line":9,"column":1}}},"fnMap":{"0":{"name":"(anonymous_0)","decl":{"start":{"line":7,"column":22},"end":{"line":7,"column":23}},"loc":{"start":{"line":7,"column":28},"end":{"line":9,"column":1}},"line":7}},"branchMap":{},"s":{"0":0},"f":{"0":0},"b":{}}
,"/media/ramdisk/1/KIT-PSE_Sensordatenbankmanagementsystem/frontend/src/components/header/NavigationButton.tsx": {"path":"/media/ramdisk/1/KIT-PSE_Sensordatenbankmanagementsystem/frontend/src/components/header/NavigationButton.tsx","statementMap":{"0":{"start":{"line":8,"column":25},"end":{"line":10,"column":1}}},"fnMap":{"0":{"name":"(anonymous_0)","decl":{"start":{"line":8,"column":25},"end":{"line":8,"column":26}},"loc":{"start":{"line":8,"column":31},"end":{"line":10,"column":1}},"line":8}},"branchMap":{},"s":{"0":0},"f":{"0":0},"b":{}}
,"/media/ramdisk/1/KIT-PSE_Sensordatenbankmanagementsystem/frontend/src/components/header/UserMenu.tsx": {"path":"/media/ramdisk/1/KIT-PSE_Sensordatenbankmanagementsystem/frontend/src/components/header/UserMenu.tsx","statementMap":{"0":{"start":{"line":7,"column":17},"end":{"line":9,"column":1}}},"fnMap":{"0":{"name":"(anonymous_0)","decl":{"start":{"line":7,"column":17},"end":{"line":7,"column":18}},"loc":{"start":{"line":7,"column":23},"end":{"line":9,"column":1}},"line":7}},"branchMap":{},"s":{"0":0},"f":{"0":0},"b":{}}
,"/media/ramdisk/1/KIT-PSE_Sensordatenbankmanagementsystem/frontend/src/components/layout/AppLayout.tsx": {"path":"/media/ramdisk/1/KIT-PSE_Sensordatenbankmanagementsystem/frontend/src/components/layout/AppLayout.tsx","statementMap":{"0":{"start":{"line":11,"column":18},"end":{"line":19,"column":2}},"1":{"start":{"line":21,"column":22},"end":{"line":81,"column":1}},"2":{"start":{"line":22,"column":18},"end":{"line":22,"column":30}},"3":{"start":{"line":23,"column":18},"end":{"line":23,"column":29}},"4":{"start":{"line":24,"column":28},"end":{"line":24,"column":50}},"5":{"start":{"line":25,"column":20},"end":{"line":25,"column":34}},"6":{"start":{"line":27,"column":22},"end":{"line":35,"column":3}},"7":{"start":{"line":29,"column":6},"end":{"line":32,"column":8}},"8":{"start":{"line":37,"column":19},"end":{"line":37,"column":75}},"9":{"start":{"line":38,"column":17},"end":{"line":41,"column":3}},"10":{"start":{"line":39,"column":4},"end":{"line":39,"column":29}},"11":{"start":{"line":40,"column":4},"end":{"line":40,"column":21}},"12":{"start":{"line":43,"column":2},"end":{"line":80,"column":3}},"13":{"start":{"line":47,"column":84},"end":{"line":47,"column":101}},"14":{"start":{"line":50,"column":49},"end":{"line":50,"column":79}},"15":{"start":{"line":57,"column":27},"end":{"line":57,"column":107}},"16":{"start":{"line":62,"column":83},"end":{"line":62,"column":105}}},"fnMap":{"0":{"name":"(anonymous_0)","decl":{"start":{"line":21,"column":22},"end":{"line":21,"column":23}},"loc":{"start":{"line":21,"column":38},"end":{"line":81,"column":1}},"line":21},"1":{"name":"(anonymous_1)","decl":{"start":{"line":28,"column":4},"end":{"line":28,"column":5}},"loc":{"start":{"line":28,"column":14},"end":{"line":33,"column":5}},"line":28},"2":{"name":"(anonymous_2)","decl":{"start":{"line":38,"column":17},"end":{"line":38,"column":18}},"loc":{"start":{"line":38,"column":23},"end":{"line":41,"column":3}},"line":38},"3":{"name":"(anonymous_3)","decl":{"start":{"line":47,"column":78},"end":{"line":47,"column":79}},"loc":{"start":{"line":47,"column":84},"end":{"line":47,"column":101}},"line":47},"4":{"name":"(anonymous_4)","decl":{"start":{"line":50,"column":43},"end":{"line":50,"column":44}},"loc":{"start":{"line":50,"column":49},"end":{"line":50,"column":79}},"line":50},"5":{"name":"(anonymous_5)","decl":{"start":{"line":57,"column":21},"end":{"line":57,"column":22}},"loc":{"start":{"line":57,"column":27},"end":{"line":57,"column":107}},"line":57},"6":{"name":"(anonymous_6)","decl":{"start":{"line":62,"column":77},"end":{"line":62,"column":78}},"loc":{"start":{"line":62,"column":83},"end":{"line":62,"column":105}},"line":62}},"branchMap":{"0":{"loc":{"start":{"line":37,"column":19},"end":{"line":37,"column":75}},"type":"cond-expr","locations":[{"start":{"line":37,"column":54},"end":{"line":37,"column":63}},{"start":{"line":37,"column":66},"end":{"line":37,"column":75}}],"line":37},"1":{"loc":{"start":{"line":57,"column":39},"end":{"line":57,"column":106}},"type":"cond-expr","locations":[{"start":{"line":57,"column":74},"end":{"line":57,"column":88}},{"start":{"line":57,"column":91},"end":{"line":57,"column":106}}],"line":57},"2":{"loc":{"start":{"line":61,"column":11},"end":{"line":67,"column":11}},"type":"binary-expr","locations":[{"start":{"line":61,"column":11},"end":{"line":61,"column":27}},{"start":{"line":62,"column":12},"end":{"line":66,"column":21}}],"line":61},"3":{"loc":{"start":{"line":68,"column":11},"end":{"line":74,"column":11}},"type":"binary-expr","locations":[{"start":{"line":68,"column":11},"end":{"line":68,"column":26}},{"start":{"line":69,"column":12},"end":{"line":73,"column":21}}],"line":68}},"s":{"0":0,"1":0,"2":0,"3":0,"4":0,"5":0,"6":0,"7":0,"8":0,"9":0,"10":0,"11":0,"12":0,"13":0,"14":0,"15":0,"16":0},"f":{"0":0,"1":0,"2":0,"3":0,"4":0,"5":0,"6":0},"b":{"0":[0,0],"1":[0,0],"2":[0,0],"3":[0,0]}}
,"/media/ramdisk/1/KIT-PSE_Sensordatenbankmanagementsystem/frontend/src/components/login/LoginStep1.tsx": {"path":"/media/ramdisk/1/KIT-PSE_Sensordatenbankmanagementsystem/frontend/src/components/login/LoginStep1.tsx","statementMap":{"0":{"start":{"line":12,"column":18},"end":{"line":30,"column":3}},"1":{"start":{"line":12,"column":39},"end":{"line":30,"column":1}},"2":{"start":{"line":36,"column":19},"end":{"line":70,"column":1}},"3":{"start":{"line":37,"column":38},"end":{"line":37,"column":50}},"4":{"start":{"line":38,"column":18},"end":{"line":38,"column":29}},"5":{"start":{"line":40,"column":2},"end":{"line":69,"column":3}},"6":{"start":{"line":50,"column":55},"end":{"line":50,"column":81}},"7":{"start":{"line":61,"column":26},"end":{"line":61,"column":80}}},"fnMap":{"0":{"name":"(anonymous_0)","decl":{"start":{"line":12,"column":29},"end":{"line":12,"column":30}},"loc":{"start":{"line":12,"column":39},"end":{"line":30,"column":1}},"line":12},"1":{"name":"(anonymous_1)","decl":{"start":{"line":36,"column":19},"end":{"line":36,"column":20}},"loc":{"start":{"line":36,"column":89},"end":{"line":70,"column":1}},"line":36},"2":{"name":"(anonymous_2)","decl":{"start":{"line":50,"column":49},"end":{"line":50,"column":50}},"loc":{"start":{"line":50,"column":55},"end":{"line":50,"column":81}},"line":50},"3":{"name":"(anonymous_3)","decl":{"start":{"line":61,"column":21},"end":{"line":61,"column":22}},"loc":{"start":{"line":61,"column":26},"end":{"line":61,"column":80}},"line":61}},"branchMap":{},"s":{"0":0,"1":0,"2":0,"3":0,"4":0,"5":0,"6":0,"7":0},"f":{"0":0,"1":0,"2":0,"3":0},"b":{}}
,"/media/ramdisk/1/KIT-PSE_Sensordatenbankmanagementsystem/frontend/src/components/login/LoginStep2.tsx": {"path":"/media/ramdisk/1/KIT-PSE_Sensordatenbankmanagementsystem/frontend/src/components/login/LoginStep2.tsx","statementMap":{"0":{"start":{"line":12,"column":18},"end":{"line":30,"column":3}},"1":{"start":{"line":12,"column":39},"end":{"line":30,"column":1}},"2":{"start":{"line":36,"column":19},"end":{"line":70,"column":1}},"3":{"start":{"line":37,"column":38},"end":{"line":37,"column":50}},"4":{"start":{"line":38,"column":18},"end":{"line":38,"column":29}},"5":{"start":{"line":40,"column":2},"end":{"line":69,"column":3}},"6":{"start":{"line":50,"column":55},"end":{"line":50,"column":78}},"7":{"start":{"line":61,"column":26},"end":{"line":61,"column":80}}},"fnMap":{"0":{"name":"(anonymous_0)","decl":{"start":{"line":12,"column":29},"end":{"line":12,"column":30}},"loc":{"start":{"line":12,"column":39},"end":{"line":30,"column":1}},"line":12},"1":{"name":"(anonymous_1)","decl":{"start":{"line":36,"column":19},"end":{"line":36,"column":20}},"loc":{"start":{"line":36,"column":81},"end":{"line":70,"column":1}},"line":36},"2":{"name":"(anonymous_2)","decl":{"start":{"line":50,"column":49},"end":{"line":50,"column":50}},"loc":{"start":{"line":50,"column":55},"end":{"line":50,"column":78}},"line":50},"3":{"name":"(anonymous_3)","decl":{"start":{"line":61,"column":21},"end":{"line":61,"column":22}},"loc":{"start":{"line":61,"column":26},"end":{"line":61,"column":80}},"line":61}},"branchMap":{},"s":{"0":0,"1":0,"2":0,"3":0,"4":0,"5":0,"6":0,"7":0},"f":{"0":0,"1":0,"2":0,"3":0},"b":{}}
,"/media/ramdisk/1/KIT-PSE_Sensordatenbankmanagementsystem/frontend/src/components/login/LoginView.tsx": {"path":"/media/ramdisk/1/KIT-PSE_Sensordatenbankmanagementsystem/frontend/src/components/login/LoginView.tsx","statementMap":{"0":{"start":{"line":15,"column":18},"end":{"line":35,"column":1}},"1":{"start":{"line":16,"column":18},"end":{"line":16,"column":30}},"2":{"start":{"line":17,"column":20},"end":{"line":17,"column":34}},"3":{"start":{"line":19,"column":38},"end":{"line":19,"column":53}},"4":{"start":{"line":20,"column":38},"end":{"line":20,"column":50}},"5":{"start":{"line":22,"column":18},"end":{"line":26,"column":3}},"6":{"start":{"line":23,"column":4},"end":{"line":23,"column":22}},"7":{"start":{"line":24,"column":4},"end":{"line":24,"column":23}},"8":{"start":{"line":25,"column":4},"end":{"line":25,"column":43}},"9":{"start":{"line":28,"column":22},"end":{"line":32,"column":3}},"10":{"start":{"line":29,"column":4},"end":{"line":31,"column":5}},"11":{"start":{"line":30,"column":6},"end":{"line":30,"column":23}},"12":{"start":{"line":34,"column":2},"end":{"line":34,"column":112}}},"fnMap":{"0":{"name":"(anonymous_0)","decl":{"start":{"line":15,"column":18},"end":{"line":15,"column":19}},"loc":{"start":{"line":15,"column":24},"end":{"line":35,"column":1}},"line":15},"1":{"name":"(anonymous_1)","decl":{"start":{"line":22,"column":18},"end":{"line":22,"column":19}},"loc":{"start":{"line":22,"column":35},"end":{"line":26,"column":3}},"line":22},"2":{"name":"(anonymous_2)","decl":{"start":{"line":28,"column":22},"end":{"line":28,"column":23}},"loc":{"start":{"line":28,"column":40},"end":{"line":32,"column":3}},"line":28}},"branchMap":{"0":{"loc":{"start":{"line":29,"column":4},"end":{"line":31,"column":5}},"type":"if","locations":[{"start":{"line":29,"column":4},"end":{"line":31,"column":5}},{"start":{"line":29,"column":4},"end":{"line":31,"column":5}}],"line":29},"1":{"loc":{"start":{"line":34,"column":12},"end":{"line":34,"column":108}},"type":"cond-expr","locations":[{"start":{"line":34,"column":26},"end":{"line":34,"column":65}},{"start":{"line":34,"column":68},"end":{"line":34,"column":108}}],"line":34}},"s":{"0":0,"1":0,"2":0,"3":0,"4":0,"5":0,"6":0,"7":0,"8":0,"9":0,"10":0,"11":0,"12":0},"f":{"0":0,"1":0,"2":0},"b":{"0":[0,0],"1":[0,0]}}
,"/media/ramdisk/1/KIT-PSE_Sensordatenbankmanagementsystem/frontend/src/components/replay/ReplayHelp.tsx": {"path":"/media/ramdisk/1/KIT-PSE_Sensordatenbankmanagementsystem/frontend/src/components/replay/ReplayHelp.tsx","statementMap":{"0":{"start":{"line":6,"column":18},"end":{"line":11,"column":2}},"1":{"start":{"line":17,"column":19},"end":{"line":51,"column":1}},"2":{"start":{"line":18,"column":26},"end":{"line":18,"column":47}},"3":{"start":{"line":19,"column":18},"end":{"line":19,"column":29}},"4":{"start":{"line":21,"column":26},"end":{"line":23,"column":3}},"5":{"start":{"line":22,"column":4},"end":{"line":22,"column":17}},"6":{"start":{"line":25,"column":22},"end":{"line":27,"column":3}},"7":{"start":{"line":26,"column":4},"end":{"line":26,"column":18}},"8":{"start":{"line":29,"column":2},"end":{"line":50,"column":3}}},"fnMap":{"0":{"name":"(anonymous_0)","decl":{"start":{"line":17,"column":19},"end":{"line":17,"column":20}},"loc":{"start":{"line":17,"column":25},"end":{"line":51,"column":1}},"line":17},"1":{"name":"(anonymous_1)","decl":{"start":{"line":21,"column":26},"end":{"line":21,"column":27}},"loc":{"start":{"line":21,"column":32},"end":{"line":23,"column":3}},"line":21},"2":{"name":"(anonymous_2)","decl":{"start":{"line":25,"column":22},"end":{"line":25,"column":23}},"loc":{"start":{"line":25,"column":28},"end":{"line":27,"column":3}},"line":25}},"branchMap":{},"s":{"0":0,"1":0,"2":0,"3":0,"4":0,"5":0,"6":0,"7":0,"8":0},"f":{"0":0,"1":0,"2":0},"b":{}}
,"/media/ramdisk/1/KIT-PSE_Sensordatenbankmanagementsystem/frontend/src/components/replay/ReplayRequest.tsx": {"path":"/media/ramdisk/1/KIT-PSE_Sensordatenbankmanagementsystem/frontend/src/components/replay/ReplayRequest.tsx","statementMap":{"0":{"start":{"line":8,"column":18},"end":{"line":12,"column":2}},"1":{"start":{"line":18,"column":22},"end":{"line":34,"column":1}},"2":{"start":{"line":19,"column":18},"end":{"line":19,"column":29}},"3":{"start":{"line":21,"column":2},"end":{"line":32,"column":3}},"4":{"start":{"line":22,"column":4},"end":{"line":31,"column":5}},"5":{"start":{"line":33,"column":2},"end":{"line":33,"column":14}}},"fnMap":{"0":{"name":"(anonymous_0)","decl":{"start":{"line":18,"column":22},"end":{"line":18,"column":23}},"loc":{"start":{"line":18,"column":61},"end":{"line":34,"column":1}},"line":18}},"branchMap":{"0":{"loc":{"start":{"line":21,"column":2},"end":{"line":32,"column":3}},"type":"if","locations":[{"start":{"line":21,"column":2},"end":{"line":32,"column":3}},{"start":{"line":21,"column":2},"end":{"line":32,"column":3}}],"line":21}},"s":{"0":0,"1":0,"2":0,"3":0,"4":0,"5":0},"f":{"0":0},"b":{"0":[0,0]}}
,"/media/ramdisk/1/KIT-PSE_Sensordatenbankmanagementsystem/frontend/src/components/replay/ReplaySettings.tsx": {"path":"/media/ramdisk/1/KIT-PSE_Sensordatenbankmanagementsystem/frontend/src/components/replay/ReplaySettings.tsx","statementMap":{"0":{"start":{"line":23,"column":19},"end":{"line":23,"column":40}},"1":{"start":{"line":25,"column":23},"end":{"line":25,"column":103}},"2":{"start":{"line":25,"column":39},"end":{"line":25,"column":103}},"3":{"start":{"line":27,"column":24},"end":{"line":38,"column":12}},"4":{"start":{"line":28,"column":2},"end":{"line":37,"column":4}},"5":{"start":{"line":40,"column":23},"end":{"line":46,"column":11}},"6":{"start":{"line":41,"column":2},"end":{"line":45,"column":4}},"7":{"start":{"line":48,"column":18},"end":{"line":61,"column":2}},"8":{"start":{"line":68,"column":23},"end":{"line":164,"column":1}},"9":{"start":{"line":69,"column":18},"end":{"line":69,"column":29}},"10":{"start":{"line":70,"column":22},"end":{"line":70,"column":38}},"11":{"start":{"line":72,"column":41},"end":{"line":72,"column":112}},"12":{"start":{"line":72,"column":62},"end":{"line":72,"column":98}},"13":{"start":{"line":73,"column":37},"end":{"line":73,"column":108}},"14":{"start":{"line":73,"column":58},"end":{"line":73,"column":94}},"15":{"start":{"line":74,"column":45},"end":{"line":74,"column":73}},"16":{"start":{"line":76,"column":23},"end":{"line":79,"column":3}},"17":{"start":{"line":77,"column":20},"end":{"line":77,"column":44}},"18":{"start":{"line":78,"column":4},"end":{"line":78,"column":30}},"19":{"start":{"line":81,"column":21},"end":{"line":84,"column":3}},"20":{"start":{"line":82,"column":20},"end":{"line":82,"column":44}},"21":{"start":{"line":83,"column":4},"end":{"line":83,"column":28}},"22":{"start":{"line":87,"column":25},"end":{"line":90,"column":3}},"23":{"start":{"line":88,"column":21},"end":{"line":88,"column":54}},"24":{"start":{"line":89,"column":4},"end":{"line":89,"column":33}},"25":{"start":{"line":92,"column":23},"end":{"line":96,"column":3}},"26":{"start":{"line":93,"column":4},"end":{"line":95,"column":6}},"27":{"start":{"line":94,"column":6},"end":{"line":94,"column":26}},"28":{"start":{"line":98,"column":2},"end":{"line":163,"column":3}}},"fnMap":{"0":{"name":"(anonymous_0)","decl":{"start":{"line":25,"column":23},"end":{"line":25,"column":24}},"loc":{"start":{"line":25,"column":39},"end":{"line":25,"column":103}},"line":25},"1":{"name":"(anonymous_1)","decl":{"start":{"line":27,"column":35},"end":{"line":27,"column":36}},"loc":{"start":{"line":28,"column":2},"end":{"line":37,"column":4}},"line":28},"2":{"name":"(anonymous_2)","decl":{"start":{"line":40,"column":34},"end":{"line":40,"column":35}},"loc":{"start":{"line":41,"column":2},"end":{"line":45,"column":4}},"line":41},"3":{"name":"(anonymous_3)","decl":{"start":{"line":68,"column":23},"end":{"line":68,"column":24}},"loc":{"start":{"line":68,"column":86},"end":{"line":164,"column":1}},"line":68},"4":{"name":"(anonymous_4)","decl":{"start":{"line":72,"column":57},"end":{"line":72,"column":58}},"loc":{"start":{"line":72,"column":62},"end":{"line":72,"column":98}},"line":72},"5":{"name":"(anonymous_5)","decl":{"start":{"line":73,"column":53},"end":{"line":73,"column":54}},"loc":{"start":{"line":73,"column":58},"end":{"line":73,"column":94}},"line":73},"6":{"name":"(anonymous_6)","decl":{"start":{"line":76,"column":23},"end":{"line":76,"column":24}},"loc":{"start":{"line":76,"column":95},"end":{"line":79,"column":3}},"line":76},"7":{"name":"(anonymous_7)","decl":{"start":{"line":81,"column":21},"end":{"line":81,"column":22}},"loc":{"start":{"line":81,"column":93},"end":{"line":84,"column":3}},"line":81},"8":{"name":"(anonymous_8)","decl":{"start":{"line":87,"column":25},"end":{"line":87,"column":26}},"loc":{"start":{"line":87,"column":76},"end":{"line":90,"column":3}},"line":87},"9":{"name":"(anonymous_9)","decl":{"start":{"line":92,"column":23},"end":{"line":92,"column":24}},"loc":{"start":{"line":92,"column":35},"end":{"line":96,"column":3}},"line":92},"10":{"name":"(anonymous_10)","decl":{"start":{"line":93,"column":76},"end":{"line":93,"column":77}},"loc":{"start":{"line":93,"column":89},"end":{"line":95,"column":5}},"line":93}},"branchMap":{},"s":{"0":0,"1":0,"2":0,"3":0,"4":0,"5":0,"6":0,"7":0,"8":0,"9":0,"10":0,"11":0,"12":0,"13":0,"14":0,"15":0,"16":0,"17":0,"18":0,"19":0,"20":0,"21":0,"22":0,"23":0,"24":0,"25":0,"26":0,"27":0,"28":0},"f":{"0":0,"1":0,"2":0,"3":0,"4":0,"5":0,"6":0,"7":0,"8":0,"9":0,"10":0},"b":{}}
,"/media/ramdisk/1/KIT-PSE_Sensordatenbankmanagementsystem/frontend/src/components/replay/ReplayThingList.tsx": {"path":"/media/ramdisk/1/KIT-PSE_Sensordatenbankmanagementsystem/frontend/src/components/replay/ReplayThingList.tsx","statementMap":{"0":{"start":{"line":20,"column":24},"end":{"line":31,"column":12}},"1":{"start":{"line":21,"column":2},"end":{"line":30,"column":4}},"2":{"start":{"line":33,"column":23},"end":{"line":39,"column":11}},"3":{"start":{"line":34,"column":2},"end":{"line":38,"column":4}},"4":{"start":{"line":41,"column":18},"end":{"line":45,"column":2}},"5":{"start":{"line":51,"column":24},"end":{"line":89,"column":1}},"6":{"start":{"line":52,"column":18},"end":{"line":52,"column":29}},"7":{"start":{"line":53,"column":21},"end":{"line":53,"column":36}},"8":{"start":{"line":55,"column":2},"end":{"line":88,"column":3}},"9":{"start":{"line":76,"column":12},"end":{"line":83,"column":29}}},"fnMap":{"0":{"name":"(anonymous_0)","decl":{"start":{"line":20,"column":35},"end":{"line":20,"column":36}},"loc":{"start":{"line":21,"column":2},"end":{"line":30,"column":4}},"line":21},"1":{"name":"(anonymous_1)","decl":{"start":{"line":33,"column":34},"end":{"line":33,"column":35}},"loc":{"start":{"line":34,"column":2},"end":{"line":38,"column":4}},"line":34},"2":{"name":"(anonymous_2)","decl":{"start":{"line":51,"column":24},"end":{"line":51,"column":25}},"loc":{"start":{"line":51,"column":60},"end":{"line":89,"column":1}},"line":51},"3":{"name":"(anonymous_3)","decl":{"start":{"line":75,"column":34},"end":{"line":75,"column":35}},"loc":{"start":{"line":76,"column":12},"end":{"line":83,"column":29}},"line":76}},"branchMap":{},"s":{"0":0,"1":0,"2":0,"3":0,"4":0,"5":0,"6":0,"7":0,"8":0,"9":0},"f":{"0":0,"1":0,"2":0,"3":0},"b":{}}
,"/media/ramdisk/1/KIT-PSE_Sensordatenbankmanagementsystem/frontend/src/components/replay/ReplayView.tsx": {"path":"/media/ramdisk/1/KIT-PSE_Sensordatenbankmanagementsystem/frontend/src/components/replay/ReplayView.tsx","statementMap":{"0":{"start":{"line":11,"column":18},"end":{"line":18,"column":2}},"1":{"start":{"line":24,"column":19},"end":{"line":55,"column":1}},"2":{"start":{"line":25,"column":18},"end":{"line":25,"column":29}},"3":{"start":{"line":27,"column":30},"end":{"line":27,"column":56}},"4":{"start":{"line":28,"column":30},"end":{"line":28,"column":59}},"5":{"start":{"line":30,"column":2},"end":{"line":37,"column":8}},"6":{"start":{"line":31,"column":24},"end":{"line":31,"column":40}},"7":{"start":{"line":32,"column":4},"end":{"line":34,"column":6}},"8":{"start":{"line":33,"column":6},"end":{"line":33,"column":24}},"9":{"start":{"line":35,"column":4},"end":{"line":35,"column":26}},"10":{"start":{"line":39,"column":2},"end":{"line":54,"column":3}}},"fnMap":{"0":{"name":"(anonymous_0)","decl":{"start":{"line":24,"column":19},"end":{"line":24,"column":20}},"loc":{"start":{"line":24,"column":35},"end":{"line":55,"column":1}},"line":24},"1":{"name":"(anonymous_1)","decl":{"start":{"line":30,"column":12},"end":{"line":30,"column":13}},"loc":{"start":{"line":30,"column":18},"end":{"line":37,"column":3}},"line":30},"2":{"name":"(anonymous_2)","decl":{"start":{"line":32,"column":48},"end":{"line":32,"column":49}},"loc":{"start":{"line":32,"column":62},"end":{"line":34,"column":5}},"line":32}},"branchMap":{},"s":{"0":0,"1":0,"2":0,"3":0,"4":0,"5":0,"6":0,"7":0,"8":0,"9":0,"10":0},"f":{"0":0,"1":0,"2":0},"b":{}}
,"/media/ramdisk/1/KIT-PSE_Sensordatenbankmanagementsystem/frontend/src/components/startpage/Search.tsx": {"path":"/media/ramdisk/1/KIT-PSE_Sensordatenbankmanagementsystem/frontend/src/components/startpage/Search.tsx","statementMap":{"0":{"start":{"line":5,"column":18},"end":{"line":19,"column":3}},"1":{"start":{"line":5,"column":39},"end":{"line":19,"column":1}},"2":{"start":{"line":26,"column":15},"end":{"line":36,"column":1}},"3":{"start":{"line":27,"column":18},"end":{"line":27,"column":29}},"4":{"start":{"line":28,"column":42},"end":{"line":28,"column":54}},"5":{"start":{"line":30,"column":23},"end":{"line":33,"column":3}},"6":{"start":{"line":31,"column":4},"end":{"line":31,"column":26}},"7":{"start":{"line":32,"column":4},"end":{"line":32,"column":58}},"8":{"start":{"line":35,"column":2},"end":{"line":35,"column":107}},"9":{"start":{"line":35,"column":87},"end":{"line":35,"column":103}}},"fnMap":{"0":{"name":"(anonymous_0)","decl":{"start":{"line":5,"column":29},"end":{"line":5,"column":30}},"loc":{"start":{"line":5,"column":39},"end":{"line":19,"column":1}},"line":5},"1":{"name":"(anonymous_1)","decl":{"start":{"line":26,"column":15},"end":{"line":26,"column":16}},"loc":{"start":{"line":26,"column":70},"end":{"line":36,"column":1}},"line":26},"2":{"name":"(anonymous_2)","decl":{"start":{"line":30,"column":23},"end":{"line":30,"column":24}},"loc":{"start":{"line":30,"column":42},"end":{"line":33,"column":3}},"line":30},"3":{"name":"(anonymous_3)","decl":{"start":{"line":35,"column":81},"end":{"line":35,"column":82}},"loc":{"start":{"line":35,"column":87},"end":{"line":35,"column":103}},"line":35}},"branchMap":{},"s":{"0":0,"1":0,"2":0,"3":0,"4":0,"5":0,"6":0,"7":0,"8":0,"9":0},"f":{"0":0,"1":0,"2":0,"3":0},"b":{}}
,"/media/ramdisk/1/KIT-PSE_Sensordatenbankmanagementsystem/frontend/src/components/startpage/StartpageView.tsx": {"path":"/media/ramdisk/1/KIT-PSE_Sensordatenbankmanagementsystem/frontend/src/components/startpage/StartpageView.tsx","statementMap":{"0":{"start":{"line":10,"column":18},"end":{"line":17,"column":2}},"1":{"start":{"line":23,"column":26},"end":{"line":75,"column":1}},"2":{"start":{"line":24,"column":18},"end":{"line":24,"column":30}},"3":{"start":{"line":25,"column":18},"end":{"line":25,"column":29}},"4":{"start":{"line":27,"column":27},"end":{"line":27,"column":53}},"5":{"start":{"line":28,"column":50},"end":{"line":28,"column":83}},"6":{"start":{"line":30,"column":27},"end":{"line":36,"column":3}},"7":{"start":{"line":31,"column":4},"end":{"line":35,"column":6}},"8":{"start":{"line":38,"column":24},"end":{"line":44,"column":3}},"9":{"start":{"line":39,"column":4},"end":{"line":43,"column":6}},"10":{"start":{"line":46,"column":2},"end":{"line":74,"column":3}},"11":{"start":{"line":58,"column":56},"end":{"line":58,"column":74}}},"fnMap":{"0":{"name":"(anonymous_0)","decl":{"start":{"line":23,"column":26},"end":{"line":23,"column":27}},"loc":{"start":{"line":23,"column":32},"end":{"line":75,"column":1}},"line":23},"1":{"name":"(anonymous_1)","decl":{"start":{"line":30,"column":27},"end":{"line":30,"column":28}},"loc":{"start":{"line":30,"column":33},"end":{"line":36,"column":3}},"line":30},"2":{"name":"(anonymous_2)","decl":{"start":{"line":38,"column":24},"end":{"line":38,"column":25}},"loc":{"start":{"line":38,"column":30},"end":{"line":44,"column":3}},"line":38},"3":{"name":"(anonymous_3)","decl":{"start":{"line":58,"column":50},"end":{"line":58,"column":51}},"loc":{"start":{"line":58,"column":56},"end":{"line":58,"column":74}},"line":58}},"branchMap":{},"s":{"0":0,"1":0,"2":0,"3":0,"4":0,"5":0,"6":0,"7":0,"8":0,"9":0,"10":0,"11":0},"f":{"0":0,"1":0,"2":0,"3":0},"b":{}}
,"/media/ramdisk/1/KIT-PSE_Sensordatenbankmanagementsystem/frontend/src/components/startpage/ThingList.tsx": {"path":"/media/ramdisk/1/KIT-PSE_Sensordatenbankmanagementsystem/frontend/src/components/startpage/ThingList.tsx","statementMap":{"0":{"start":{"line":23,"column":24},"end":{"line":34,"column":12}},"1":{"start":{"line":24,"column":2},"end":{"line":33,"column":4}},"2":{"start":{"line":36,"column":23},"end":{"line":42,"column":11}},"3":{"start":{"line":37,"column":2},"end":{"line":41,"column":4}},"4":{"start":{"line":44,"column":18},"end":{"line":63,"column":1}},"5":{"start":{"line":45,"column":2},"end":{"line":62,"column":4}},"6":{"start":{"line":69,"column":18},"end":{"line":152,"column":1}},"7":{"start":{"line":70,"column":18},"end":{"line":70,"column":30}},"8":{"start":{"line":71,"column":18},"end":{"line":71,"column":29}},"9":{"start":{"line":72,"column":21},"end":{"line":72,"column":36}},"10":{"start":{"line":74,"column":36},"end":{"line":74,"column":103}},"11":{"start":{"line":76,"column":56},"end":{"line":76,"column":82}},"12":{"start":{"line":78,"column":2},"end":{"line":84,"column":32}},"13":{"start":{"line":79,"column":4},"end":{"line":83,"column":5}},"14":{"start":{"line":80,"column":6},"end":{"line":82,"column":8}},"15":{"start":{"line":81,"column":8},"end":{"line":81,"column":35}},"16":{"start":{"line":86,"column":2},"end":{"line":151,"column":3}},"17":{"start":{"line":111,"column":33},"end":{"line":119,"column":13}},"18":{"start":{"line":112,"column":14},"end":{"line":118,"column":15}},"19":{"start":{"line":113,"column":16},"end":{"line":113,"column":41}},"20":{"start":{"line":114,"column":16},"end":{"line":114,"column":70}},"21":{"start":{"line":115,"column":21},"end":{"line":118,"column":15}},"22":{"start":{"line":116,"column":16},"end":{"line":116,"column":44}},"23":{"start":{"line":117,"column":16},"end":{"line":117,"column":70}},"24":{"start":{"line":120,"column":12},"end":{"line":145,"column":13}},"25":{"start":{"line":121,"column":14},"end":{"line":144,"column":15}},"26":{"start":{"line":129,"column":37},"end":{"line":129,"column":67}},"27":{"start":{"line":138,"column":37},"end":{"line":138,"column":93}},"28":{"start":{"line":146,"column":12},"end":{"line":146,"column":24}}},"fnMap":{"0":{"name":"(anonymous_0)","decl":{"start":{"line":23,"column":35},"end":{"line":23,"column":36}},"loc":{"start":{"line":24,"column":2},"end":{"line":33,"column":4}},"line":24},"1":{"name":"(anonymous_1)","decl":{"start":{"line":36,"column":34},"end":{"line":36,"column":35}},"loc":{"start":{"line":37,"column":2},"end":{"line":41,"column":4}},"line":37},"2":{"name":"(anonymous_2)","decl":{"start":{"line":44,"column":29},"end":{"line":44,"column":30}},"loc":{"start":{"line":45,"column":2},"end":{"line":62,"column":4}},"line":45},"3":{"name":"(anonymous_3)","decl":{"start":{"line":69,"column":18},"end":{"line":69,"column":19}},"loc":{"start":{"line":69,"column":114},"end":{"line":152,"column":1}},"line":69},"4":{"name":"(anonymous_4)","decl":{"start":{"line":78,"column":12},"end":{"line":78,"column":13}},"loc":{"start":{"line":78,"column":18},"end":{"line":84,"column":3}},"line":78},"5":{"name":"(anonymous_5)","decl":{"start":{"line":80,"column":29},"end":{"line":80,"column":30}},"loc":{"start":{"line":80,"column":46},"end":{"line":82,"column":7}},"line":80},"6":{"name":"(anonymous_6)","decl":{"start":{"line":110,"column":25},"end":{"line":110,"column":26}},"loc":{"start":{"line":110,"column":34},"end":{"line":147,"column":11}},"line":110},"7":{"name":"(anonymous_7)","decl":{"start":{"line":111,"column":33},"end":{"line":111,"column":34}},"loc":{"start":{"line":111,"column":51},"end":{"line":119,"column":13}},"line":111},"8":{"name":"(anonymous_8)","decl":{"start":{"line":129,"column":32},"end":{"line":129,"column":33}},"loc":{"start":{"line":129,"column":37},"end":{"line":129,"column":67}},"line":129},"9":{"name":"(anonymous_9)","decl":{"start":{"line":138,"column":31},"end":{"line":138,"column":32}},"loc":{"start":{"line":138,"column":37},"end":{"line":138,"column":93}},"line":138}},"branchMap":{"0":{"loc":{"start":{"line":74,"column":45},"end":{"line":74,"column":102}},"type":"cond-expr","locations":[{"start":{"line":74,"column":58},"end":{"line":74,"column":81}},{"start":{"line":74,"column":84},"end":{"line":74,"column":102}}],"line":74},"1":{"loc":{"start":{"line":79,"column":4},"end":{"line":83,"column":5}},"type":"if","locations":[{"start":{"line":79,"column":4},"end":{"line":83,"column":5}},{"start":{"line":79,"column":4},"end":{"line":83,"column":5}}],"line":79},"2":{"loc":{"start":{"line":101,"column":11},"end":{"line":109,"column":11}},"type":"binary-expr","locations":[{"start":{"line":101,"column":11},"end":{"line":101,"column":31}},{"start":{"line":102,"column":12},"end":{"line":108,"column":23}}],"line":101},"3":{"loc":{"start":{"line":112,"column":14},"end":{"line":118,"column":15}},"type":"if","locations":[{"start":{"line":112,"column":14},"end":{"line":118,"column":15}},{"start":{"line":112,"column":14},"end":{"line":118,"column":15}}],"line":112},"4":{"loc":{"start":{"line":112,"column":18},"end":{"line":112,"column":56}},"type":"binary-expr","locations":[{"start":{"line":112,"column":18},"end":{"line":112,"column":21}},{"start":{"line":112,"column":25},"end":{"line":112,"column":56}}],"line":112},"5":{"loc":{"start":{"line":115,"column":21},"end":{"line":118,"column":15}},"type":"if","locations":[{"start":{"line":115,"column":21},"end":{"line":118,"column":15}},{"start":{"line":115,"column":21},"end":{"line":118,"column":15}}],"line":115},"6":{"loc":{"start":{"line":120,"column":12},"end":{"line":145,"column":13}},"type":"if","locations":[{"start":{"line":120,"column":12},"end":{"line":145,"column":13}},{"start":{"line":120,"column":12},"end":{"line":145,"column":13}}],"line":120}},"s":{"0":0,"1":0,"2":0,"3":0,"4":0,"5":0,"6":0,"7":0,"8":0,"9":0,"10":0,"11":0,"12":0,"13":0,"14":0,"15":0,"16":0,"17":0,"18":0,"19":0,"20":0,"21":0,"22":0,"23":0,"24":0,"25":0,"26":0,"27":0,"28":0},"f":{"0":0,"1":0,"2":0,"3":0,"4":0,"5":0,"6":0,"7":0,"8":0,"9":0},"b":{"0":[0,0],"1":[0,0],"2":[0,0],"3":[0,0],"4":[0,0],"5":[0,0],"6":[0,0]}}
,"/media/ramdisk/1/KIT-PSE_Sensordatenbankmanagementsystem/frontend/src/components/subscribe/SubscriptionEditorView.tsx": {"path":"/media/ramdisk/1/KIT-PSE_Sensordatenbankmanagementsystem/frontend/src/components/subscribe/SubscriptionEditorView.tsx","statementMap":{"0":{"start":{"line":29,"column":24},"end":{"line":40,"column":12}},"1":{"start":{"line":30,"column":2},"end":{"line":39,"column":4}},"2":{"start":{"line":42,"column":23},"end":{"line":48,"column":11}},"3":{"start":{"line":43,"column":2},"end":{"line":47,"column":4}},"4":{"start":{"line":50,"column":18},"end":{"line":57,"column":2}},"5":{"start":{"line":59,"column":19},"end":{"line":85,"column":1}},"6":{"start":{"line":60,"column":2},"end":{"line":84,"column":3}},"7":{"start":{"line":75,"column":12},"end":{"line":79,"column":29}},"8":{"start":{"line":87,"column":22},"end":{"line":89,"column":1}},"9":{"start":{"line":88,"column":2},"end":{"line":88,"column":28}},"10":{"start":{"line":92,"column":19},"end":{"line":100,"column":1}},"11":{"start":{"line":93,"column":2},"end":{"line":93,"column":26}},"12":{"start":{"line":93,"column":14},"end":{"line":93,"column":26}},"13":{"start":{"line":94,"column":2},"end":{"line":94,"column":35}},"14":{"start":{"line":94,"column":23},"end":{"line":94,"column":35}},"15":{"start":{"line":95,"column":2},"end":{"line":95,"column":41}},"16":{"start":{"line":95,"column":29},"end":{"line":95,"column":41}},"17":{"start":{"line":96,"column":2},"end":{"line":96,"column":56}},"18":{"start":{"line":96,"column":44},"end":{"line":96,"column":56}},"19":{"start":{"line":97,"column":2},"end":{"line":97,"column":66}},"20":{"start":{"line":97,"column":54},"end":{"line":97,"column":66}},"21":{"start":{"line":99,"column":2},"end":{"line":99,"column":13}},"22":{"start":{"line":107,"column":31},"end":{"line":171,"column":1}},"23":{"start":{"line":108,"column":18},"end":{"line":108,"column":29}},"24":{"start":{"line":109,"column":18},"end":{"line":109,"column":30}},"25":{"start":{"line":110,"column":27},"end":{"line":110,"column":64}},"26":{"start":{"line":111,"column":28},"end":{"line":111,"column":50}},"27":{"start":{"line":112,"column":23},"end":{"line":112,"column":81}},"28":{"start":{"line":114,"column":2},"end":{"line":116,"column":3}},"29":{"start":{"line":115,"column":4},"end":{"line":115,"column":28}},"30":{"start":{"line":117,"column":21},"end":{"line":117,"column":34}},"31":{"start":{"line":119,"column":54},"end":{"line":121,"column":48}},"32":{"start":{"line":122,"column":52},"end":{"line":124,"column":47}},"33":{"start":{"line":126,"column":17},"end":{"line":126,"column":35}},"34":{"start":{"line":127,"column":2},"end":{"line":131,"column":3}},"35":{"start":{"line":128,"column":4},"end":{"line":130,"column":6}},"36":{"start":{"line":129,"column":6},"end":{"line":129,"column":20}},"37":{"start":{"line":133,"column":25},"end":{"line":133,"column":52}},"38":{"start":{"line":135,"column":29},"end":{"line":145,"column":7}},"39":{"start":{"line":137,"column":8},"end":{"line":137,"column":106}},"40":{"start":{"line":137,"column":100},"end":{"line":137,"column":106}},"41":{"start":{"line":138,"column":8},"end":{"line":138,"column":92}},"42":{"start":{"line":139,"column":8},"end":{"line":139,"column":38}},"43":{"start":{"line":142,"column":8},"end":{"line":142,"column":33}},"44":{"start":{"line":142,"column":27},"end":{"line":142,"column":33}},"45":{"start":{"line":143,"column":8},"end":{"line":143,"column":81}},"46":{"start":{"line":143,"column":31},"end":{"line":143,"column":81}},"47":{"start":{"line":144,"column":8},"end":{"line":144,"column":105}},"48":{"start":{"line":144,"column":53},"end":{"line":144,"column":105}},"49":{"start":{"line":147,"column":2},"end":{"line":170,"column":3}},"50":{"start":{"line":164,"column":52},"end":{"line":164,"column":72}}},"fnMap":{"0":{"name":"(anonymous_0)","decl":{"start":{"line":29,"column":35},"end":{"line":29,"column":36}},"loc":{"start":{"line":30,"column":2},"end":{"line":39,"column":4}},"line":30},"1":{"name":"(anonymous_1)","decl":{"start":{"line":42,"column":34},"end":{"line":42,"column":35}},"loc":{"start":{"line":43,"column":2},"end":{"line":47,"column":4}},"line":43},"2":{"name":"(anonymous_2)","decl":{"start":{"line":59,"column":19},"end":{"line":59,"column":20}},"loc":{"start":{"line":59,"column":57},"end":{"line":85,"column":1}},"line":59},"3":{"name":"(anonymous_3)","decl":{"start":{"line":74,"column":22},"end":{"line":74,"column":23}},"loc":{"start":{"line":75,"column":12},"end":{"line":79,"column":29}},"line":75},"4":{"name":"(anonymous_4)","decl":{"start":{"line":87,"column":22},"end":{"line":87,"column":23}},"loc":{"start":{"line":87,"column":28},"end":{"line":89,"column":1}},"line":87},"5":{"name":"(anonymous_5)","decl":{"start":{"line":92,"column":19},"end":{"line":92,"column":20}},"loc":{"start":{"line":92,"column":35},"end":{"line":100,"column":1}},"line":92},"6":{"name":"(anonymous_6)","decl":{"start":{"line":107,"column":31},"end":{"line":107,"column":32}},"loc":{"start":{"line":107,"column":47},"end":{"line":171,"column":1}},"line":107},"7":{"name":"(anonymous_7)","decl":{"start":{"line":128,"column":48},"end":{"line":128,"column":49}},"loc":{"start":{"line":128,"column":62},"end":{"line":130,"column":5}},"line":128},"8":{"name":"(anonymous_8)","decl":{"start":{"line":136,"column":6},"end":{"line":136,"column":7}},"loc":{"start":{"line":136,"column":12},"end":{"line":140,"column":7}},"line":136},"9":{"name":"(anonymous_9)","decl":{"start":{"line":141,"column":6},"end":{"line":141,"column":7}},"loc":{"start":{"line":141,"column":12},"end":{"line":145,"column":7}},"line":141},"10":{"name":"(anonymous_10)","decl":{"start":{"line":164,"column":46},"end":{"line":164,"column":47}},"loc":{"start":{"line":164,"column":52},"end":{"line":164,"column":72}},"line":164}},"branchMap":{"0":{"loc":{"start":{"line":93,"column":2},"end":{"line":93,"column":26}},"type":"if","locations":[{"start":{"line":93,"column":2},"end":{"line":93,"column":26}},{"start":{"line":93,"column":2},"end":{"line":93,"column":26}}],"line":93},"1":{"loc":{"start":{"line":94,"column":2},"end":{"line":94,"column":35}},"type":"if","locations":[{"start":{"line":94,"column":2},"end":{"line":94,"column":35}},{"start":{"line":94,"column":2},"end":{"line":94,"column":35}}],"line":94},"2":{"loc":{"start":{"line":95,"column":2},"end":{"line":95,"column":41}},"type":"if","locations":[{"start":{"line":95,"column":2},"end":{"line":95,"column":41}},{"start":{"line":95,"column":2},"end":{"line":95,"column":41}}],"line":95},"3":{"loc":{"start":{"line":96,"column":2},"end":{"line":96,"column":56}},"type":"if","locations":[{"start":{"line":96,"column":2},"end":{"line":96,"column":56}},{"start":{"line":96,"column":2},"end":{"line":96,"column":56}}],"line":96},"4":{"loc":{"start":{"line":97,"column":2},"end":{"line":97,"column":66}},"type":"if","locations":[{"start":{"line":97,"column":2},"end":{"line":97,"column":66}},{"start":{"line":97,"column":2},"end":{"line":97,"column":66}}],"line":97},"5":{"loc":{"start":{"line":114,"column":2},"end":{"line":116,"column":3}},"type":"if","locations":[{"start":{"line":114,"column":2},"end":{"line":116,"column":3}},{"start":{"line":114,"column":2},"end":{"line":116,"column":3}}],"line":114},"6":{"loc":{"start":{"line":114,"column":6},"end":{"line":114,"column":41}},"type":"binary-expr","locations":[{"start":{"line":114,"column":6},"end":{"line":114,"column":19}},{"start":{"line":114,"column":23},"end":{"line":114,"column":41}}],"line":114},"7":{"loc":{"start":{"line":119,"column":54},"end":{"line":121,"column":48}},"type":"cond-expr","locations":[{"start":{"line":120,"column":6},"end":{"line":120,"column":21}},{"start":{"line":121,"column":6},"end":{"line":121,"column":48}}],"line":119},"8":{"loc":{"start":{"line":122,"column":52},"end":{"line":124,"column":47}},"type":"cond-expr","locations":[{"start":{"line":123,"column":6},"end":{"line":123,"column":46}},{"start":{"line":124,"column":6},"end":{"line":124,"column":47}}],"line":122},"9":{"loc":{"start":{"line":127,"column":2},"end":{"line":131,"column":3}},"type":"if","locations":[{"start":{"line":127,"column":2},"end":{"line":131,"column":3}},{"start":{"line":127,"column":2},"end":{"line":131,"column":3}}],"line":127},"10":{"loc":{"start":{"line":133,"column":25},"end":{"line":133,"column":52}},"type":"binary-expr","locations":[{"start":{"line":133,"column":25},"end":{"line":133,"column":31}},{"start":{"line":133,"column":35},"end":{"line":133,"column":52}}],"line":133},"11":{"loc":{"start":{"line":135,"column":29},"end":{"line":145,"column":7}},"type":"cond-expr","locations":[{"start":{"line":136,"column":6},"end":{"line":140,"column":7}},{"start":{"line":141,"column":6},"end":{"line":145,"column":7}}],"line":135},"12":{"loc":{"start":{"line":137,"column":8},"end":{"line":137,"column":106}},"type":"if","locations":[{"start":{"line":137,"column":8},"end":{"line":137,"column":106}},{"start":{"line":137,"column":8},"end":{"line":137,"column":106}}],"line":137},"13":{"loc":{"start":{"line":137,"column":12},"end":{"line":137,"column":98}},"type":"binary-expr","locations":[{"start":{"line":137,"column":12},"end":{"line":137,"column":30}},{"start":{"line":137,"column":34},"end":{"line":137,"column":52}},{"start":{"line":137,"column":56},"end":{"line":137,"column":98}}],"line":137},"14":{"loc":{"start":{"line":142,"column":8},"end":{"line":142,"column":33}},"type":"if","locations":[{"start":{"line":142,"column":8},"end":{"line":142,"column":33}},{"start":{"line":142,"column":8},"end":{"line":142,"column":33}}],"line":142},"15":{"loc":{"start":{"line":143,"column":8},"end":{"line":143,"column":81}},"type":"if","locations":[{"start":{"line":143,"column":8},"end":{"line":143,"column":81}},{"start":{"line":143,"column":8},"end":{"line":143,"column":81}}],"line":143},"16":{"loc":{"start":{"line":144,"column":8},"end":{"line":144,"column":105}},"type":"if","locations":[{"start":{"line":144,"column":8},"end":{"line":144,"column":105}},{"start":{"line":144,"column":8},"end":{"line":144,"column":105}}],"line":144},"17":{"loc":{"start":{"line":150,"column":9},"end":{"line":156,"column":9}},"type":"cond-expr","locations":[{"start":{"line":151,"column":10},"end":{"line":153,"column":17}},{"start":{"line":155,"column":10},"end":{"line":155,"column":15}}],"line":150},"18":{"loc":{"start":{"line":150,"column":9},"end":{"line":150,"column":33}},"type":"binary-expr","locations":[{"start":{"line":150,"column":9},"end":{"line":150,"column":23}},{"start":{"line":150,"column":27},"end":{"line":150,"column":33}}],"line":150},"19":{"loc":{"start":{"line":157,"column":23},"end":{"line":157,"column":46}},"type":"cond-expr","locations":[{"start":{"line":157,"column":40},"end":{"line":157,"column":41}},{"start":{"line":157,"column":44},"end":{"line":157,"column":46}}],"line":157},"20":{"loc":{"start":{"line":165,"column":41},"end":{"line":165,"column":76}},"type":"cond-expr","locations":[{"start":{"line":165,"column":54},"end":{"line":165,"column":65}},{"start":{"line":165,"column":68},"end":{"line":165,"column":76}}],"line":165}},"s":{"0":0,"1":0,"2":0,"3":0,"4":0,"5":0,"6":0,"7":0,"8":0,"9":0,"10":0,"11":0,"12":0,"13":0,"14":0,"15":0,"16":0,"17":0,"18":0,"19":0,"20":0,"21":0,"22":0,"23":0,"24":0,"25":0,"26":0,"27":0,"28":0,"29":0,"30":0,"31":0,"32":0,"33":0,"34":0,"35":0,"36":0,"37":0,"38":0,"39":0,"40":0,"41":0,"42":0,"43":0,"44":0,"45":0,"46":0,"47":0,"48":0,"49":0,"50":0},"f":{"0":0,"1":0,"2":0,"3":0,"4":0,"5":0,"6":0,"7":0,"8":0,"9":0,"10":0},"b":{"0":[0,0],"1":[0,0],"2":[0,0],"3":[0,0],"4":[0,0],"5":[0,0],"6":[0,0],"7":[0,0],"8":[0,0],"9":[0,0],"10":[0,0],"11":[0,0],"12":[0,0],"13":[0,0,0],"14":[0,0],"15":[0,0],"16":[0,0],"17":[0,0],"18":[0,0],"19":[0,0],"20":[0,0]}}
,"/media/ramdisk/1/KIT-PSE_Sensordatenbankmanagementsystem/frontend/src/components/subscribe/SubscriptionList.tsx": {"path":"/media/ramdisk/1/KIT-PSE_Sensordatenbankmanagementsystem/frontend/src/components/subscribe/SubscriptionList.tsx","statementMap":{"0":{"start":{"line":26,"column":24},"end":{"line":37,"column":12}},"1":{"start":{"line":27,"column":2},"end":{"line":36,"column":4}},"2":{"start":{"line":39,"column":23},"end":{"line":45,"column":11}},"3":{"start":{"line":40,"column":2},"end":{"line":44,"column":4}},"4":{"start":{"line":47,"column":18},"end":{"line":62,"column":1}},"5":{"start":{"line":48,"column":2},"end":{"line":61,"column":4}},"6":{"start":{"line":68,"column":29},"end":{"line":184,"column":1}},"7":{"start":{"line":69,"column":18},"end":{"line":69,"column":29}},"8":{"start":{"line":70,"column":18},"end":{"line":70,"column":30}},"9":{"start":{"line":71,"column":28},"end":{"line":71,"column":50}},"10":{"start":{"line":73,"column":26},"end":{"line":73,"column":41}},"11":{"start":{"line":74,"column":56},"end":{"line":74,"column":91}},"12":{"start":{"line":76,"column":26},"end":{"line":79,"column":3}},"13":{"start":{"line":77,"column":4},"end":{"line":77,"column":40}},"14":{"start":{"line":78,"column":4},"end":{"line":78,"column":17}},"15":{"start":{"line":81,"column":22},"end":{"line":83,"column":3}},"16":{"start":{"line":82,"column":4},"end":{"line":82,"column":18}},"17":{"start":{"line":85,"column":23},"end":{"line":89,"column":3}},"18":{"start":{"line":86,"column":4},"end":{"line":86,"column":62}},"19":{"start":{"line":86,"column":29},"end":{"line":86,"column":62}},"20":{"start":{"line":87,"column":4},"end":{"line":87,"column":32}},"21":{"start":{"line":88,"column":4},"end":{"line":88,"column":18}},"22":{"start":{"line":91,"column":2},"end":{"line":183,"column":3}},"23":{"start":{"line":126,"column":14},"end":{"line":159,"column":31}},"24":{"start":{"line":149,"column":35},"end":{"line":149,"column":114}},"25":{"start":{"line":155,"column":79},"end":{"line":155,"column":108}}},"fnMap":{"0":{"name":"(anonymous_0)","decl":{"start":{"line":26,"column":35},"end":{"line":26,"column":36}},"loc":{"start":{"line":27,"column":2},"end":{"line":36,"column":4}},"line":27},"1":{"name":"(anonymous_1)","decl":{"start":{"line":39,"column":34},"end":{"line":39,"column":35}},"loc":{"start":{"line":40,"column":2},"end":{"line":44,"column":4}},"line":40},"2":{"name":"(anonymous_2)","decl":{"start":{"line":47,"column":29},"end":{"line":47,"column":30}},"loc":{"start":{"line":48,"column":2},"end":{"line":61,"column":4}},"line":48},"3":{"name":"(anonymous_3)","decl":{"start":{"line":68,"column":29},"end":{"line":68,"column":30}},"loc":{"start":{"line":68,"column":35},"end":{"line":184,"column":1}},"line":68},"4":{"name":"(anonymous_4)","decl":{"start":{"line":76,"column":26},"end":{"line":76,"column":27}},"loc":{"start":{"line":76,"column":58},"end":{"line":79,"column":3}},"line":76},"5":{"name":"(anonymous_5)","decl":{"start":{"line":81,"column":22},"end":{"line":81,"column":23}},"loc":{"start":{"line":81,"column":28},"end":{"line":83,"column":3}},"line":81},"6":{"name":"(anonymous_6)","decl":{"start":{"line":85,"column":23},"end":{"line":85,"column":24}},"loc":{"start":{"line":85,"column":29},"end":{"line":89,"column":3}},"line":85},"7":{"name":"(anonymous_7)","decl":{"start":{"line":125,"column":55},"end":{"line":125,"column":56}},"loc":{"start":{"line":126,"column":14},"end":{"line":159,"column":31}},"line":126},"8":{"name":"(anonymous_8)","decl":{"start":{"line":149,"column":29},"end":{"line":149,"column":30}},"loc":{"start":{"line":149,"column":35},"end":{"line":149,"column":114}},"line":149},"9":{"name":"(anonymous_9)","decl":{"start":{"line":155,"column":73},"end":{"line":155,"column":74}},"loc":{"start":{"line":155,"column":79},"end":{"line":155,"column":108}},"line":155}},"branchMap":{"0":{"loc":{"start":{"line":86,"column":4},"end":{"line":86,"column":62}},"type":"if","locations":[{"start":{"line":86,"column":4},"end":{"line":86,"column":62}},{"start":{"line":86,"column":4},"end":{"line":86,"column":62}}],"line":86}},"s":{"0":0,"1":0,"2":0,"3":0,"4":0,"5":0,"6":0,"7":0,"8":0,"9":0,"10":0,"11":0,"12":0,"13":0,"14":0,"15":0,"16":0,"17":0,"18":0,"19":0,"20":0,"21":0,"22":0,"23":0,"24":0,"25":0},"f":{"0":0,"1":0,"2":0,"3":0,"4":0,"5":0,"6":0,"7":0,"8":0,"9":0},"b":{"0":[0,0]}}
,"/media/ramdisk/1/KIT-PSE_Sensordatenbankmanagementsystem/frontend/src/components/subscribe/SubscriptionListView.tsx": {"path":"/media/ramdisk/1/KIT-PSE_Sensordatenbankmanagementsystem/frontend/src/components/subscribe/SubscriptionListView.tsx","statementMap":{"0":{"start":{"line":18,"column":24},"end":{"line":29,"column":12}},"1":{"start":{"line":19,"column":2},"end":{"line":28,"column":4}},"2":{"start":{"line":31,"column":23},"end":{"line":37,"column":11}},"3":{"start":{"line":32,"column":2},"end":{"line":36,"column":4}},"4":{"start":{"line":39,"column":18},"end":{"line":54,"column":1}},"5":{"start":{"line":40,"column":2},"end":{"line":53,"column":4}},"6":{"start":{"line":60,"column":33},"end":{"line":70,"column":1}},"7":{"start":{"line":61,"column":18},"end":{"line":61,"column":29}},"8":{"start":{"line":63,"column":2},"end":{"line":69,"column":3}}},"fnMap":{"0":{"name":"(anonymous_0)","decl":{"start":{"line":18,"column":35},"end":{"line":18,"column":36}},"loc":{"start":{"line":19,"column":2},"end":{"line":28,"column":4}},"line":19},"1":{"name":"(anonymous_1)","decl":{"start":{"line":31,"column":34},"end":{"line":31,"column":35}},"loc":{"start":{"line":32,"column":2},"end":{"line":36,"column":4}},"line":32},"2":{"name":"(anonymous_2)","decl":{"start":{"line":39,"column":29},"end":{"line":39,"column":30}},"loc":{"start":{"line":40,"column":2},"end":{"line":53,"column":4}},"line":40},"3":{"name":"(anonymous_3)","decl":{"start":{"line":60,"column":33},"end":{"line":60,"column":34}},"loc":{"start":{"line":60,"column":39},"end":{"line":70,"column":1}},"line":60}},"branchMap":{},"s":{"0":0,"1":0,"2":0,"3":0,"4":0,"5":0,"6":0,"7":0,"8":0},"f":{"0":0,"1":0,"2":0,"3":0},"b":{}}
,"/media/ramdisk/1/KIT-PSE_Sensordatenbankmanagementsystem/frontend/src/components/subscribe/SubscriptionSettings.jsx": {"path":"/media/ramdisk/1/KIT-PSE_Sensordatenbankmanagementsystem/frontend/src/components/subscribe/SubscriptionSettings.jsx","statementMap":{"0":{"start":{"line":8,"column":18},"end":{"line":13,"column":2}},"1":{"start":{"line":20,"column":29},"end":{"line":75,"column":1}},"2":{"start":{"line":21,"column":18},"end":{"line":21,"column":29}},"3":{"start":{"line":23,"column":2},"end":{"line":74,"column":3}},"4":{"start":{"line":34,"column":33},"end":{"line":34,"column":72}},"5":{"start":{"line":48,"column":33},"end":{"line":48,"column":118}},"6":{"start":{"line":64,"column":34},"end":{"line":64,"column":119}}},"fnMap":{"0":{"name":"(anonymous_0)","decl":{"start":{"line":20,"column":29},"end":{"line":20,"column":30}},"loc":{"start":{"line":20,"column":119},"end":{"line":75,"column":1}},"line":20},"1":{"name":"(anonymous_1)","decl":{"start":{"line":34,"column":28},"end":{"line":34,"column":29}},"loc":{"start":{"line":34,"column":33},"end":{"line":34,"column":72}},"line":34},"2":{"name":"(anonymous_2)","decl":{"start":{"line":48,"column":28},"end":{"line":48,"column":29}},"loc":{"start":{"line":48,"column":33},"end":{"line":48,"column":118}},"line":48},"3":{"name":"(anonymous_3)","decl":{"start":{"line":64,"column":29},"end":{"line":64,"column":30}},"loc":{"start":{"line":64,"column":34},"end":{"line":64,"column":119}},"line":64}},"branchMap":{},"s":{"0":0,"1":0,"2":0,"3":0,"4":0,"5":0,"6":0},"f":{"0":0,"1":0,"2":0,"3":0},"b":{}}
,"/media/ramdisk/1/KIT-PSE_Sensordatenbankmanagementsystem/frontend/src/components/thingInformation/DatastreamList.tsx": {"path":"/media/ramdisk/1/KIT-PSE_Sensordatenbankmanagementsystem/frontend/src/components/thingInformation/DatastreamList.tsx","statementMap":{"0":{"start":{"line":22,"column":24},"end":{"line":33,"column":12}},"1":{"start":{"line":23,"column":2},"end":{"line":32,"column":4}},"2":{"start":{"line":35,"column":23},"end":{"line":41,"column":11}},"3":{"start":{"line":36,"column":2},"end":{"line":40,"column":4}},"4":{"start":{"line":43,"column":18},"end":{"line":50,"column":2}},"5":{"start":{"line":56,"column":23},"end":{"line":112,"column":1}},"6":{"start":{"line":57,"column":18},"end":{"line":57,"column":30}},"7":{"start":{"line":58,"column":18},"end":{"line":58,"column":29}},"8":{"start":{"line":60,"column":46},"end":{"line":60,"column":98}},"9":{"start":{"line":61,"column":2},"end":{"line":65,"column":13}},"10":{"start":{"line":62,"column":4},"end":{"line":64,"column":6}},"11":{"start":{"line":63,"column":6},"end":{"line":63,"column":29}},"12":{"start":{"line":67,"column":2},"end":{"line":111,"column":3}},"13":{"start":{"line":88,"column":12},"end":{"line":106,"column":29}},"14":{"start":{"line":100,"column":20},"end":{"line":100,"column":114}}},"fnMap":{"0":{"name":"(anonymous_0)","decl":{"start":{"line":22,"column":35},"end":{"line":22,"column":36}},"loc":{"start":{"line":23,"column":2},"end":{"line":32,"column":4}},"line":23},"1":{"name":"(anonymous_1)","decl":{"start":{"line":35,"column":34},"end":{"line":35,"column":35}},"loc":{"start":{"line":36,"column":2},"end":{"line":40,"column":4}},"line":36},"2":{"name":"(anonymous_2)","decl":{"start":{"line":56,"column":23},"end":{"line":56,"column":24}},"loc":{"start":{"line":56,"column":52},"end":{"line":112,"column":1}},"line":56},"3":{"name":"(anonymous_3)","decl":{"start":{"line":61,"column":12},"end":{"line":61,"column":13}},"loc":{"start":{"line":61,"column":18},"end":{"line":65,"column":3}},"line":61},"4":{"name":"(anonymous_4)","decl":{"start":{"line":62,"column":32},"end":{"line":62,"column":33}},"loc":{"start":{"line":62,"column":40},"end":{"line":64,"column":5}},"line":62},"5":{"name":"(anonymous_5)","decl":{"start":{"line":87,"column":30},"end":{"line":87,"column":31}},"loc":{"start":{"line":88,"column":12},"end":{"line":106,"column":29}},"line":88},"6":{"name":"(anonymous_6)","decl":{"start":{"line":99,"column":27},"end":{"line":99,"column":28}},"loc":{"start":{"line":100,"column":20},"end":{"line":100,"column":114}},"line":100}},"branchMap":{},"s":{"0":0,"1":0,"2":0,"3":0,"4":0,"5":0,"6":0,"7":0,"8":0,"9":0,"10":0,"11":0,"12":0,"13":0,"14":0},"f":{"0":0,"1":0,"2":0,"3":0,"4":0,"5":0,"6":0},"b":{}}
,"/media/ramdisk/1/KIT-PSE_Sensordatenbankmanagementsystem/frontend/src/components/thingInformation/Export.tsx": {"path":"/media/ramdisk/1/KIT-PSE_Sensordatenbankmanagementsystem/frontend/src/components/thingInformation/Export.tsx","statementMap":{"0":{"start":{"line":6,"column":18},"end":{"line":23,"column":1}},"1":{"start":{"line":7,"column":2},"end":{"line":22,"column":4}},"2":{"start":{"line":29,"column":15},"end":{"line":103,"column":1}},"3":{"start":{"line":30,"column":18},"end":{"line":30,"column":29}},"4":{"start":{"line":32,"column":2},"end":{"line":102,"column":3}}},"fnMap":{"0":{"name":"(anonymous_0)","decl":{"start":{"line":6,"column":29},"end":{"line":6,"column":30}},"loc":{"start":{"line":7,"column":2},"end":{"line":22,"column":4}},"line":7},"1":{"name":"(anonymous_1)","decl":{"start":{"line":29,"column":15},"end":{"line":29,"column":16}},"loc":{"start":{"line":29,"column":21},"end":{"line":103,"column":1}},"line":29}},"branchMap":{},"s":{"0":0,"1":0,"2":0,"3":0,"4":0},"f":{"0":0,"1":0},"b":{}}
,"/media/ramdisk/1/KIT-PSE_Sensordatenbankmanagementsystem/frontend/src/components/thingInformation/Properties.tsx": {"path":"/media/ramdisk/1/KIT-PSE_Sensordatenbankmanagementsystem/frontend/src/components/thingInformation/Properties.tsx","statementMap":{"0":{"start":{"line":20,"column":24},"end":{"line":31,"column":12}},"1":{"start":{"line":21,"column":2},"end":{"line":30,"column":4}},"2":{"start":{"line":33,"column":23},"end":{"line":39,"column":11}},"3":{"start":{"line":34,"column":2},"end":{"line":38,"column":4}},"4":{"start":{"line":41,"column":18},"end":{"line":45,"column":2}},"5":{"start":{"line":47,"column":20},"end":{"line":93,"column":1}},"6":{"start":{"line":48,"column":2},"end":{"line":82,"column":3}},"7":{"start":{"line":49,"column":4},"end":{"line":81,"column":5}},"8":{"start":{"line":83,"column":2},"end":{"line":92,"column":3}},"9":{"start":{"line":99,"column":19},"end":{"line":129,"column":1}},"10":{"start":{"line":100,"column":18},"end":{"line":100,"column":29}},"11":{"start":{"line":102,"column":2},"end":{"line":128,"column":3}},"12":{"start":{"line":116,"column":12},"end":{"line":123,"column":29}}},"fnMap":{"0":{"name":"(anonymous_0)","decl":{"start":{"line":20,"column":35},"end":{"line":20,"column":36}},"loc":{"start":{"line":21,"column":2},"end":{"line":30,"column":4}},"line":21},"1":{"name":"(anonymous_1)","decl":{"start":{"line":33,"column":34},"end":{"line":33,"column":35}},"loc":{"start":{"line":34,"column":2},"end":{"line":38,"column":4}},"line":34},"2":{"name":"(anonymous_2)","decl":{"start":{"line":47,"column":20},"end":{"line":47,"column":21}},"loc":{"start":{"line":47,"column":58},"end":{"line":93,"column":1}},"line":47},"3":{"name":"(anonymous_3)","decl":{"start":{"line":99,"column":19},"end":{"line":99,"column":20}},"loc":{"start":{"line":99,"column":48},"end":{"line":129,"column":1}},"line":99},"4":{"name":"(anonymous_4)","decl":{"start":{"line":115,"column":32},"end":{"line":115,"column":33}},"loc":{"start":{"line":116,"column":12},"end":{"line":123,"column":29}},"line":116}},"branchMap":{"0":{"loc":{"start":{"line":48,"column":2},"end":{"line":82,"column":3}},"type":"if","locations":[{"start":{"line":48,"column":2},"end":{"line":82,"column":3}},{"start":{"line":48,"column":2},"end":{"line":82,"column":3}}],"line":48}},"s":{"0":0,"1":0,"2":0,"3":0,"4":0,"5":0,"6":0,"7":0,"8":0,"9":0,"10":0,"11":0,"12":0},"f":{"0":0,"1":0,"2":0,"3":0,"4":0},"b":{"0":[0,0]}}
,"/media/ramdisk/1/KIT-PSE_Sensordatenbankmanagementsystem/frontend/src/components/thingInformation/ThingInformationView.tsx": {"path":"/media/ramdisk/1/KIT-PSE_Sensordatenbankmanagementsystem/frontend/src/components/thingInformation/ThingInformationView.tsx","statementMap":{"0":{"start":{"line":14,"column":18},"end":{"line":28,"column":2}},"1":{"start":{"line":30,"column":22},"end":{"line":32,"column":1}},"2":{"start":{"line":31,"column":2},"end":{"line":31,"column":28}},"3":{"start":{"line":38,"column":33},"end":{"line":120,"column":1}},"4":{"start":{"line":39,"column":18},"end":{"line":39,"column":30}},"5":{"start":{"line":40,"column":18},"end":{"line":40,"column":29}},"6":{"start":{"line":41,"column":21},"end":{"line":41,"column":36}},"7":{"start":{"line":42,"column":20},"end":{"line":42,"column":50}},"8":{"start":{"line":44,"column":32},"end":{"line":44,"column":46}},"9":{"start":{"line":45,"column":28},"end":{"line":45,"column":66}},"10":{"start":{"line":46,"column":2},"end":{"line":58,"column":56}},"11":{"start":{"line":47,"column":4},"end":{"line":57,"column":5}},"12":{"start":{"line":48,"column":6},"end":{"line":56,"column":10}},"13":{"start":{"line":51,"column":10},"end":{"line":51,"column":28}},"14":{"start":{"line":52,"column":10},"end":{"line":52,"column":27}},"15":{"start":{"line":55,"column":10},"end":{"line":55,"column":27}},"16":{"start":{"line":60,"column":27},"end":{"line":69,"column":3}},"17":{"start":{"line":61,"column":4},"end":{"line":61,"column":22}},"18":{"start":{"line":61,"column":16},"end":{"line":61,"column":22}},"19":{"start":{"line":62,"column":27},"end":{"line":62,"column":43}},"20":{"start":{"line":63,"column":4},"end":{"line":63,"column":29}},"21":{"start":{"line":64,"column":4},"end":{"line":68,"column":6}},"22":{"start":{"line":71,"column":24},"end":{"line":80,"column":3}},"23":{"start":{"line":72,"column":4},"end":{"line":72,"column":22}},"24":{"start":{"line":72,"column":16},"end":{"line":72,"column":22}},"25":{"start":{"line":73,"column":27},"end":{"line":73,"column":43}},"26":{"start":{"line":74,"column":4},"end":{"line":74,"column":29}},"27":{"start":{"line":75,"column":4},"end":{"line":79,"column":6}},"28":{"start":{"line":82,"column":2},"end":{"line":82,"column":33}},"29":{"start":{"line":82,"column":15},"end":{"line":82,"column":33}},"30":{"start":{"line":83,"column":2},"end":{"line":83,"column":38}},"31":{"start":{"line":83,"column":14},"end":{"line":83,"column":38}},"32":{"start":{"line":85,"column":2},"end":{"line":119,"column":3}}},"fnMap":{"0":{"name":"(anonymous_0)","decl":{"start":{"line":30,"column":22},"end":{"line":30,"column":23}},"loc":{"start":{"line":30,"column":28},"end":{"line":32,"column":1}},"line":30},"1":{"name":"(anonymous_1)","decl":{"start":{"line":38,"column":33},"end":{"line":38,"column":34}},"loc":{"start":{"line":38,"column":39},"end":{"line":120,"column":1}},"line":38},"2":{"name":"(anonymous_2)","decl":{"start":{"line":46,"column":12},"end":{"line":46,"column":13}},"loc":{"start":{"line":46,"column":18},"end":{"line":58,"column":3}},"line":46},"3":{"name":"(anonymous_3)","decl":{"start":{"line":50,"column":14},"end":{"line":50,"column":15}},"loc":{"start":{"line":50,"column":26},"end":{"line":53,"column":9}},"line":50},"4":{"name":"(anonymous_4)","decl":{"start":{"line":54,"column":15},"end":{"line":54,"column":16}},"loc":{"start":{"line":54,"column":21},"end":{"line":56,"column":9}},"line":54},"5":{"name":"(anonymous_5)","decl":{"start":{"line":60,"column":27},"end":{"line":60,"column":28}},"loc":{"start":{"line":60,"column":33},"end":{"line":69,"column":3}},"line":60},"6":{"name":"(anonymous_6)","decl":{"start":{"line":71,"column":24},"end":{"line":71,"column":25}},"loc":{"start":{"line":71,"column":30},"end":{"line":80,"column":3}},"line":71}},"branchMap":{"0":{"loc":{"start":{"line":47,"column":4},"end":{"line":57,"column":5}},"type":"if","locations":[{"start":{"line":47,"column":4},"end":{"line":57,"column":5}},{"start":{"line":47,"column":4},"end":{"line":57,"column":5}}],"line":47},"1":{"loc":{"start":{"line":47,"column":8},"end":{"line":47,"column":28}},"type":"binary-expr","locations":[{"start":{"line":47,"column":8},"end":{"line":47,"column":18}},{"start":{"line":47,"column":22},"end":{"line":47,"column":28}}],"line":47},"2":{"loc":{"start":{"line":61,"column":4},"end":{"line":61,"column":22}},"type":"if","locations":[{"start":{"line":61,"column":4},"end":{"line":61,"column":22}},{"start":{"line":61,"column":4},"end":{"line":61,"column":22}}],"line":61},"3":{"loc":{"start":{"line":72,"column":4},"end":{"line":72,"column":22}},"type":"if","locations":[{"star
[...]
":{"line":83,"column":13}},"type":"if","locations":[{"start":{"line":79,"column":12},"end":{"line":83,"column":13}},{"start":{"line":79,"column":12},"end":{"line":83,"column":13}}],"line":79},"2":{"loc":{"start":{"line":79,"column":16},"end":{"line":79,"column":57}},"type":"binary-expr","locations":[{"start":{"line":79,"column":16},"end":{"line":79,"column":33}},{"start":{"line":79,"column":37},"end":{"line":79,"column":57}}],"line":79},"3":{"loc":{"start":{"line":89,"column":10},"end":{"line":91,"column":11}},"type":"if","locations":[{"start":{"line":89,"column":10},"end":{"line":91,"column":11}},{"start":{"line":89,"column":10},"end":{"line":91,"column":11}}],"line":89},"4":{"loc":{"start":{"line":89,"column":14},"end":{"line":89,"column":74}},"type":"binary-expr","locations":[{"start":{"line":89,"column":14},"end":{"line":89,"column":41}},{"start":{"line":89,"column":45},"end":{"line":89,"column":74}}],"line":89},"5":{"loc":{"start":{"line":92,"column":38},"end":{"line":92,"column":84}},"type":"cond-expr","locations":[{"start":{"line":92,"column":60},"end":{"line":92,"column":79}},{"start":{"line":92,"column":82},"end":{"line":92,"column":84}}],"line":92},"6":{"loc":{"start":{"line":105,"column":6},"end":{"line":105,"column":28}},"type":"if","locations":[{"start":{"line":105,"column":6},"end":{"line":105,"column":28}},{"start":{"line":105,"column":6},"end":{"line":105,"column":28}}],"line":105},"7":{"loc":{"start":{"line":117,"column":4},"end":{"line":119,"column":5}},"type":"if","locations":[{"start":{"line":117,"column":4},"end":{"line":119,"column":5}},{"start":{"line":117,"column":4},"end":{"line":119,"column":5}}],"line":117},"8":{"loc":{"start":{"line":117,"column":8},"end":{"line":117,"column":27}},"type":"binary-expr","locations":[{"start":{"line":117,"column":8},"end":{"line":117,"column":12}},{"start":{"line":117,"column":16},"end":{"line":117,"column":27}}],"line":117},"9":{"loc":{"start":{"line":133,"column":16},"end":{"line":133,"column":118}},"type":"cond-expr","locations":[{"start":{"line":133,"column":37},"end":{"line":133,"column":54}},{"start":{"line":133,"column":57},"end":{"line":133,"column":118}}],"line":133},"10":{"loc":{"start":{"line":133,"column":57},"end":{"line":133,"column":118}},"type":"cond-expr","locations":[{"start":{"line":133,"column":79},"end":{"line":133,"column":97}},{"start":{"line":133,"column":100},"end":{"line":133,"column":118}}],"line":133},"11":{"loc":{"start":{"line":159,"column":8},"end":{"line":161,"column":9}},"type":"if","locations":[{"start":{"line":159,"column":8},"end":{"line":161,"column":9}},{"start":{"line":159,"column":8},"end":{"line":161,"column":9}}],"line":159}},"s":{"0":1,"1":1,"2":1,"3":1,"4":1,"5":1,"6":1,"7":1,"8":1,"9":1,"10":3,"11":1,"12":1,"13":0,"14":0,"15":0,"16":0,"17":0,"18":1,"19":2,"20":2,"21":2,"22":2,"23":6,"24":6,"25":6,"26":6,"27":3,"28":3,"29":3,"30":3,"31":3,"32":3,"33":3,"34":3,"35":6,"36":6,"37":6,"38":2,"39":2,"40":1,"41":6,"42":52,"43":6,"44":46,"45":46,"46":1,"47":3,"48":3,"49":3,"50":3,"51":3,"52":2,"53":1,"54":1,"55":3,"56":3,"57":0,"58":0,"59":0,"60":0,"61":0,"62":0,"63":0,"64":0,"65":3,"66":1,"67":0,"68":0,"69":0,"70":0,"71":0,"72":0,"73":0,"74":0,"75":0,"76":0,"77":0},"f":{"0":1,"1":1,"2":1,"3":1,"4":3,"5":0,"6":0,"7":2,"8":2,"9":2,"10":6,"11":6,"12":52,"13":3,"14":3,"15":0,"16":0,"17":0,"18":0,"19":0,"20":0,"21":0,"22":0,"23":0},"b":{"0":[3,3],"1":[3,0],"2":[3,3],"3":[6,0],"4":[6,6],"5":[6,0],"6":[6,46],"7":[2,1],"8":[3,2],"9":[0,0],"10":[0,0],"11":[0,0]},"_coverageSchema":"1a1c01bbd47fc00a2c39e90264f33305004495a9","hash":"19531f5124176bb0751c04325f3aceb3168afef5"}
,"/media/ramdisk/1/KIT-PSE_Sensordatenbankmanagementsystem/frontend/src/store/UserStore.ts": {"path":"/media/ramdisk/1/KIT-PSE_Sensordatenbankmanagementsystem/frontend/src/store/UserStore.ts","statementMap":{"0":{"start":{"line":21,"column":22},"end":{"line":21,"column":26}},"1":{"start":{"line":31,"column":17},"end":{"line":38,"column":3}},"2":{"start":{"line":32,"column":17},"end":{"line":32,"column":58}},"3":{"start":{"line":33,"column":4},"end":{"line":37,"column":6}},"4":{"start":{"line":35,"column":6},"end":{"line":35,"column":28}},"5":{"start":{"line":36,"column":6},"end":{"line":36,"column":42}},"6":{"start":{"line":47,"column":16},"end":{"line":66,"column":3}},"7":{"start":{"line":48,"column":23},"end":{"line":51,"column":5}},"8":{"start":{"line":49,"column":6},"end":{"line":49,"column":22}},"9":{"start":{"line":50,"column":6},"end":{"line":50,"column":31}},"10":{"start":{"line":53,"column":4},"end":{"line":61,"column":5}},"11":{"start":{"line":54,"column":6},"end":{"line":58,"column":15}},"12":{"start":{"line":56,"column":10},"end":{"line":56,"column":22}},"13":{"start":{"line":60,"column":6},"end":{"line":60,"column":22}},"14":{"start":{"line":63,"column":19},"end":{"line":63,"column":23}},"15":{"start":{"line":64,"column":4},"end":{"line":64,"column":29}},"16":{"start":{"line":65,"column":4},"end":{"line":65,"column":15}}},"fnMap":{"0":{"name":"(anonymous_0)","decl":{"start":{"line":31,"column":17},"end":{"line":31,"column":18}},"loc":{"start":{"line":31,"column":41},"end":{"line":38,"column":3}},"line":31},"1":{"name":"(anonymous_1)","decl":{"start":{"line":33,"column":23},"end":{"line":33,"column":24}},"loc":{"start":{"line":33,"column":36},"end":{"line":37,"column":5}},"line":33},"2":{"name":"(anonymous_2)","decl":{"start":{"line":47,"column":16},"end":{"line":47,"column":17}},"loc":{"start":{"line":47,"column":69},"end":{"line":66,"column":3}},"line":47},"3":{"name":"(anonymous_3)","decl":{"start":{"line":48,"column":23},"end":{"line":48,"column":24}},"loc":{"start":{"line":48,"column":29},"end":{"line":51,"column":5}},"line":48},"4":{"name":"(anonymous_4)","decl":{"start":{"line":55,"column":8},"end":{"line":55,"column":9}},"loc":{"start":{"line":55,"column":23},"end":{"line":57,"column":9}},"line":55}},"branchMap":{"0":{"loc":{"start":{"line":53,"column":4},"end":{"line":61,"column":5}},"type":"if","locations":[{"start":{"line":53,"column":4},"end":{"line":61,"column":5}},{"start":{"line":53,"column":4},"end":{"line":61,"column":5}}],"line":53}},"s":{"0":0,"1":0,"2":0,"3":0,"4":0,"5":0,"6":0,"7":0,"8":0,"9":0,"10":0,"11":0,"12":0,"13":0,"14":0,"15":0,"16":0},"f":{"0":0,"1":0,"2":0,"3":0,"4":0},"b":{"0":[0,0]}}
,"/media/ramdisk/1/KIT-PSE_Sensordatenbankmanagementsystem/frontend/src/store/communication/backendJsonCreator.ts": {"path":"/media/ramdisk/1/KIT-PSE_Sensordatenbankmanagementsystem/frontend/src/store/communication/backendJsonCreator.ts","statementMap":{"0":{"start":{"line":5,"column":19},"end":{"line":5,"column":40}},"1":{"start":{"line":7,"column":26},"end":{"line":7,"column":81}},"2":{"start":{"line":7,"column":42},"end":{"line":7,"column":81}},"3":{"start":{"line":10,"column":39},"end":{"line":24,"column":1}},"4":{"start":{"line":11,"column":25},"end":{"line":11,"column":49}},"5":{"start":{"line":12,"column":23},"end":{"line":12,"column":45}},"6":{"start":{"line":13,"column":22},"end":{"line":13,"column":38}},"7":{"start":{"line":14,"column":32},"end":{"line":14,"column":84}},"8":{"start":{"line":14,"column":64},"end":{"line":14,"column":83}},"9":{"start":{"line":16,"column":15},"end":{"line":21,"column":3}},"10":{"start":{"line":23,"column":2},"end":{"line":23,"column":13}}},"fnMap":{"0":{"name":"(anonymous_0)","decl":{"start":{"line":7,"column":26},"end":{"line":7,"column":27}},"loc":{"start":{"line":7,"column":42},"end":{"line":7,"column":81}},"line":7},"1":{"name":"(anonymous_1)","decl":{"start":{"line":10,"column":39},"end":{"line":10,"column":40}},"loc":{"start":{"line":10,"column":112},"end":{"line":24,"column":1}},"line":10},"2":{"name":"(anonymous_2)","decl":{"start":{"line":14,"column":55},"end":{"line":14,"column":56}},"loc":{"start":{"line":14,"column":64},"end":{"line":14,"column":83}},"line":14}},"branchMap":{},"s":{"0":0,"1":0,"2":0,"3":0,"4":0,"5":0,"6":0,"7":0,"8":0,"9":0,"10":0},"f":{"0":0,"1":0,"2":0},"b":{}}
,"/media/ramdisk/1/KIT-PSE_Sensordatenbankmanagementsystem/frontend/src/store/communication/backendUrlCreator.ts": {"path":"/media/ramdisk/1/KIT-PSE_Sensordatenbankmanagementsystem/frontend/src/store/communication/backendUrlCreator.ts","statementMap":{"0":{"start":{"line":4,"column":19},"end":{"line":4,"column":40}},"1":{"start":{"line":6,"column":22},"end":{"line":6,"column":77}},"2":{"start":{"line":6,"column":38},"end":{"line":6,"column":77}},"3":{"start":{"line":8,"column":28},"end":{"line":8,"column":94}},"4":{"start":{"line":10,"column":26},"end":{"line":10,"column":60}},"5":{"start":{"line":12,"column":33},"end":{"line":12,"column":115}},"6":{"start":{"line":12,"column":58},"end":{"line":12,"column":115}},"7":{"start":{"line":14,"column":41},"end":{"line":15,"column":71}},"8":{"start":{"line":15,"column":2},"end":{"line":15,"column":71}},"9":{"start":{"line":17,"column":38},"end":{"line":18,"column":104}},"10":{"start":{"line":18,"column":2},"end":{"line":18,"column":104}},"11":{"start":{"line":20,"column":29},"end":{"line":20,"column":65}},"12":{"start":{"line":22,"column":35},"end":{"line":22,"column":120}},"13":{"start":{"line":22,"column":61},"end":{"line":22,"column":120}},"14":{"start":{"line":24,"column":33},"end":{"line":29,"column":1}},"15":{"start":{"line":25,"column":24},"end":{"line":25,"column":59}},"16":{"start":{"line":26,"column":22},"end":{"line":26,"column":53}},"17":{"start":{"line":28,"column":2},"end":{"line":28,"column":106}},"18":{"start":{"line":31,"column":32},"end":{"line":32,"column":74}},"19":{"start":{"line":32,"column":2},"end":{"line":32,"column":74}}},"fnMap":{"0":{"name":"(anonymous_0)","decl":{"start":{"line":6,"column":22},"end":{"line":6,"column":23}},"loc":{"start":{"line":6,"column":38},"end":{"line":6,"column":77}},"line":6},"1":{"name":"(anonymous_1)","decl":{"start":{"line":12,"column":33},"end":{"line":12,"column":34}},"loc":{"start":{"line":12,"column":58},"end":{"line":12,"column":115}},"line":12},"2":{"name":"(anonymous_2)","decl":{"start":{"line":14,"column":41},"end":{"line":14,"column":42}},"loc":{"start":{"line":15,"column":2},"end":{"line":15,"column":71}},"line":15},"3":{"name":"(anonymous_3)","decl":{"start":{"line":17,"column":38},"end":{"line":17,"column":39}},"loc":{"start":{"line":18,"column":2},"end":{"line":18,"column":104}},"line":18},"4":{"name":"(anonymous_4)","decl":{"start":{"line":22,"column":35},"end":{"line":22,"column":36}},"loc":{"start":{"line":22,"column":61},"end":{"line":22,"column":120}},"line":22},"5":{"name":"(anonymous_5)","decl":{"start":{"line":24,"column":33},"end":{"line":24,"column":34}},"loc":{"start":{"line":24,"column":95},"end":{"line":29,"column":1}},"line":24},"6":{"name":"(anonymous_6)","decl":{"start":{"line":31,"column":32},"end":{"line":31,"column":33}},"loc":{"start":{"line":32,"column":2},"end":{"line":32,"column":74}},"line":32}},"branchMap":{"0":{"loc":{"start":{"line":18,"column":68},"end":{"line":18,"column":102}},"type":"cond-expr","locations":[{"start":{"line":18,"column":80},"end":{"line":18,"column":82}},{"start":{"line":18,"column":85},"end":{"line":18,"column":102}}],"line":18}},"s":{"0":1,"1":1,"2":0,"3":1,"4":1,"5":1,"6":3,"7":1,"8":3,"9":1,"10":3,"11":1,"12":1,"13":0,"14":1,"15":0,"16":0,"17":0,"18":1,"19":3},"f":{"0":0,"1":3,"2":3,"3":3,"4":0,"5":0,"6":3},"b":{"0":[0,3]},"_coverageSchema":"1a1c01bbd47fc00a2c39e90264f33305004495a9","hash":"2beda8e1f2a44f9812026ae3b5cad318ed2a6fc6"}
,"/media/ramdisk/1/KIT-PSE_Sensordatenbankmanagementsystem/frontend/src/store/communication/notificationUrlCreator.ts": {"path":"/media/ramdisk/1/KIT-PSE_Sensordatenbankmanagementsystem/frontend/src/store/communication/notificationUrlCreator.ts","statementMap":{"0":{"start":{"line":1,"column":33},"end":{"line":1,"column":104}},"1":{"start":{"line":3,"column":32},"end":{"line":3,"column":69}},"2":{"start":{"line":5,"column":38},"end":{"line":5,"column":77}},"3":{"start":{"line":7,"column":37},"end":{"line":7,"column":75}},"4":{"start":{"line":9,"column":37},"end":{"line":9,"column":76}}},"fnMap":{},"branchMap":{},"s":{"0":0,"1":0,"2":0,"3":0,"4":0},"f":{},"b":{}}
,"/media/ramdisk/1/KIT-PSE_Sensordatenbankmanagementsystem/frontend/src/store/communication/restClient.ts": {"path":"/media/ramdisk/1/KIT-PSE_Sensordatenbankmanagementsystem/frontend/src/store/communication/restClient.ts","statementMap":{"0":{"start":{"line":5,"column":19},"end":{"line":5,"column":36}},"1":{"start":{"line":6,"column":15},"end":{"line":6,"column":36}},"2":{"start":{"line":8,"column":2},"end":{"line":8,"column":13}},"3":{"start":{"line":12,"column":19},"end":{"line":12,"column":36}},"4":{"start":{"line":13,"column":15},"end":{"line":13,"column":36}},"5":{"start":{"line":15,"column":2},"end":{"line":15,"column":13}},"6":{"start":{"line":20,"column":19},"end":{"line":24,"column":4}},"7":{"start":{"line":25,"column":15},"end":{"line":25,"column":36}},"8":{"start":{"line":27,"column":2},"end":{"line":27,"column":13}},"9":{"start":{"line":32,"column":19},"end":{"line":36,"column":4}},"10":{"start":{"line":37,"column":15},"end":{"line":37,"column":36}},"11":{"start":{"line":39,"column":2},"end":{"line":39,"column":13}},"12":{"start":{"line":44,"column":19},"end":{"line":47,"column":4}},"13":{"start":{"line":48,"column":15},"end":{"line":48,"column":36}},"14":{"start":{"line":50,"column":2},"end":{"line":50,"column":13}}},"fnMap":{"0":{"name":"getJson","decl":{"start":{"line":4,"column":22},"end":{"line":4,"column":29}},"loc":{"start":{"line":4,"column":58},"end":{"line":9,"column":1}},"line":4},"1":{"name":"getText","decl":{"start":{"line":11,"column":22},"end":{"line":11,"column":29}},"loc":{"start":{"line":11,"column":61},"end":{"line":16,"column":1}},"line":11},"2":{"name":"postJsonGetJson","decl":{"start":{"line":19,"column":22},"end":{"line":19,"column":37}},"loc":{"start":{"line":19,"column":81},"end":{"line":28,"column":1}},"line":19},"3":{"name":"postJsonGetText","decl":{"start":{"line":31,"column":22},"end":{"line":31,"column":37}},"loc":{"start":{"line":31,"column":84},"end":{"line":40,"column":1}},"line":31},"4":{"name":"postJsonAsURLGetText","decl":{"start":{"line":43,"column":22},"end":{"line":43,"column":42}},"loc":{"start":{"line":43,"column":74},"end":{"line":51,"column":1}},"line":43}},"branchMap":{},"s":{"0":0,"1":0,"2":0,"3":0,"4":0,"5":0,"6":0,"7":0,"8":0,"9":0,"10":0,"11":0,"12":0,"13":0,"14":0},"f":{"0":0,"1":0,"2":0,"3":0,"4":0},"b":{},"_coverageSchema":"1a1c01bbd47fc00a2c39e90264f33305004495a9","hash":"5a4d8e5f5f854fd92ac8ae56844b1f99b0f990fc"}
,"/media/ramdisk/1/KIT-PSE_Sensordatenbankmanagementsystem/frontend/src/test/mock/store/communication/restClientMock.js": {"path":"/media/ramdisk/1/KIT-PSE_Sensordatenbankmanagementsystem/frontend/src/test/mock/store/communication/restClientMock.js","statementMap":{"0":{"start":{"line":6,"column":19},"end":{"line":6,"column":39}},"1":{"start":{"line":7,"column":2},"end":{"line":7,"column":17}},"2":{"start":{"line":11,"column":19},"end":{"line":11,"column":39}},"3":{"start":{"line":12,"column":2},"end":{"line":12,"column":17}}},"fnMap":{"0":{"name":"getJson","decl":{"start":{"line":5,"column":22},"end":{"line":5,"column":29}},"loc":{"start":{"line":5,"column":58},"end":{"line":8,"column":1}},"line":5},"1":{"name":"getText","decl":{"start":{"line":10,"column":22},"end":{"line":10,"column":29}},"loc":{"start":{"line":10,"column":61},"end":{"line":13,"column":1}},"line":10}},"branchMap":{},"s":{"0":2,"1":2,"2":0,"3":0},"f":{"0":2,"1":0},"b":{},"_coverageSchema":"1a1c01bbd47fc00a2c39e90264f33305004495a9","hash":"9a93d56f52912d3876ad9aa042b81f408d37a3a8"}
,"/media/ramdisk/1/KIT-PSE_Sensordatenbankmanagementsystem/frontend/src/test/mock/store/communication/mockData/backend/getJson.js": {"path":"/media/ramdisk/1/KIT-PSE_Sensordatenbankmanagementsystem/frontend/src/test/mock/store/communication/mockData/backend/getJson.js","statementMap":{"0":{"start":{"line":10,"column":18},"end":{"line":10,"column":34}},"1":{"start":{"line":11,"column":18},"end":{"line":11,"column":62}},"2":{"start":{"line":12,"column":18},"end":{"line":12,"column":34}},"3":{"start":{"line":14,"column":23},"end":{"line":14,"column":591}},"4":{"start":{"line":15,"column":23},"end":{"line":15,"column":544}},"5":{"start":{"line":16,"column":23},"end":{"line":16,"column":1166}},"6":{"start":{"line":18,"column":18},"end":{"line":18,"column":45}},"7":{"start":{"line":20,"column":35},"end":{"line":20,"column":52}},"8":{"start":{"line":21,"column":35},"end":{"line":21,"column":52}},"9":{"start":{"line":22,"column":35},"end":{"line":22,"column":52}},"10":{"start":{"line":24,"column":38},"end":{"line":24,"column":59}},"11":{"start":{"line":25,"column":36},"end":{"line":25,"column":57}},"12":{"start":{"line":26,"column":38},"end":{"line":26,"column":59}},"13":{"start":{"line":27,"column":36},"end":{"line":27,"column":57}},"14":{"start":{"line":28,"column":38},"end":{"line":28,"column":59}},"15":{"start":{"line":29,"column":36},"end":{"line":29,"column":57}},"16":{"start":{"line":31,"column":33},"end":{"line":31,"column":428}},"17":{"start":{"line":32,"column":33},"end":{"line":32,"column":509}},"18":{"start":{"line":33,"column":33},"end":{"line":33,"column":477}},"19":{"start":{"line":34,"column":30},"end":{"line":34,"column":87}},"20":{"start":{"line":36,"column":27},"end":{"line":36,"column":33}},"21":{"start":{"line":37,"column":27},"end":{"line":37,"column":34}},"22":{"start":{"line":38,"column":27},"end":{"line":38,"column":30}},"23":{"start":{"line":41,"column":26},"end":{"line":41,"column":35}},"24":{"start":{"line":42,"column":0},"end":{"line":42,"column":37}},"25":{"start":{"line":44,"column":0},"end":{"line":44,"column":72}},"26":{"start":{"line":45,"column":0},"end":{"line":45,"column":72}},"27":{"start":{"line":46,"column":0},"end":{"line":46,"column":72}},"28":{"start":{"line":48,"column":0},"end":{"line":48,"column":81}},"29":{"start":{"line":49,"column":0},"end":{"line":49,"column":80}},"30":{"start":{"line":51,"column":0},"end":{"line":51,"column":81}},"31":{"start":{"line":52,"column":0},"end":{"line":52,"column":80}},"32":{"start":{"line":54,"column":0},"end":{"line":54,"column":81}},"33":{"start":{"line":55,"column":0},"end":{"line":55,"column":80}}},"fnMap":{},"branchMap":{},"s":{"0":1,"1":1,"2":1,"3":1,"4":1,"5":1,"6":1,"7":1,"8":1,"9":1,"10":1,"11":1,"12":1,"13":1,"14":1,"15":1,"16":1,"17":1,"18":1,"19":1,"20":1,"21":1,"22":1,"23":1,"24":1,"25":1,"26":1,"27":1,"28":1,"29":1,"30":1,"31":1,"32":1,"33":1},"f":{},"b":{},"_coverageSchema":"1a1c01bbd47fc00a2c39e90264f33305004495a9","hash":"f1e177fe4661c8cd5da67942e5258758628a5f9a"}
,"/media/ramdisk/1/KIT-PSE_Sensordatenbankmanagementsystem/frontend/src/test/mock/store/communication/mockData/backend/getText.js": {"path":"/media/ramdisk/1/KIT-PSE_Sensordatenbankmanagementsystem/frontend/src/test/mock/store/communication/mockData/backend/getText.js","statementMap":{"0":{"start":{"line":8,"column":26},"end":{"line":8,"column":35}},"1":{"start":{"line":10,"column":0},"end":{"line":10,"column":87}},"2":{"start":{"line":11,"column":0},"end":{"line":11,"column":87}},"3":{"start":{"line":12,"column":0},"end":{"line":12,"column":87}}},"fnMap":{},"branchMap":{},"s":{"0":1,"1":1,"2":1,"3":1},"f":{},"b":{},"_coverageSchema":"1a1c01bbd47fc00a2c39e90264f33305004495a9","hash":"0d8d9ce98ba2814c0d8f2d587eccce43e509c771"}
,"/media/ramdisk/1/KIT-PSE_Sensordatenbankmanagementsystem/frontend/src/test/mock/store/communication/mockData/backend/files/csvFiles.js": {"path":"/media/ramdisk/1/KIT-PSE_Sensordatenbankmanagementsystem/frontend/src/test/mock/store/communication/mockData/backend/files/csvFiles.js","statementMap":{"0":{"start":{"line":3,"column":30},"end":{"line":28,"column":130}},"1":{"start":{"line":30,"column":30},"end":{"line":55,"column":122}},"2":{"start":{"line":57,"column":30},"end":{"line":82,"column":105}}},"fnMap":{},"branchMap":{},"s":{"0":1,"1":1,"2":1},"f":{},"b":{},"_coverageSchema":"1a1c01bbd47fc00a2c39e90264f33305004495a9","hash":"84f04665c7f4a4484a2712630dc74d3fcd360aaf"}
}
