TN:
SF:src/App.tsx
FN:5,App
FNF:1
FNH:1
FNDA:1,App
DA:6,1
LF:1
LH:1
BRF:0
BRH:0
end_of_record
TN:
SF:src/index.tsx
FNF:0
FNH:0
DA:8,0
DA:20,0
LF:2
LH:0
BRF:0
BRH:0
end_of_record
TN:
SF:src/reportWebVitals.ts
FN:3,(anonymous_0)
FN:5,(anonymous_1)
FNF:2
FNH:0
FNDA:0,(anonymous_0)
FNDA:0,(anonymous_1)
DA:3,0
DA:4,0
DA:5,0
DA:6,0
DA:7,0
DA:8,0
DA:9,0
DA:10,0
LF:8
LH:0
BRDA:4,0,0,0
BRDA:4,0,1,0
BRDA:4,1,0,0
BRDA:4,1,1,0
BRF:4
BRH:0
end_of_record
TN:
SF:src/setupProxy.js
FN:5,(anonymous_0)
FNF:1
FNH:0
FNDA:0,(anonymous_0)
DA:1,0
DA:3,0
DA:5,0
DA:6,0
DA:17,0
LF:5
LH:0
BRDA:9,0,0,0
BRDA:9,0,1,0
BRDA:20,1,0,0
BRDA:20,1,1,0
BRF:4
BRH:0
end_of_record
TN:
SF:src/components/Loading.tsx
FN:35,(anonymous_0)
FNF:1
FNH:0
FNDA:0,(anonymous_0)
DA:5,0
DA:35,0
DA:36,0
DA:38,0
LF:4
LH:0
BRF:0
BRH:0
end_of_record
TN:
SF:src/components/Providers.tsx
FN:10,(anonymous_0)
FNF:1
FNH:0
FNDA:0,(anonymous_0)
DA:10,0
DA:11,0
LF:2
LH:0
BRF:0
BRH:0
end_of_record
TN:
SF:src/components/datastreams/Data.tsx
FN:23,(anonymous_0)
FN:36,(anonymous_1)
FN:53,(anonymous_2)
FN:68,(anonymous_3)
FN:72,(anonymous_4)
FN:73,(anonymous_5)
FN:99,(anonymous_6)
FNF:7
FNH:0
FNDA:0,(anonymous_0)
FNDA:0,(anonymous_1)
FNDA:0,(anonymous_2)
FNDA:0,(anonymous_3)
FNDA:0,(anonymous_4)
FNDA:0,(anonymous_5)
FNDA:0,(anonymous_6)
DA:21,0
DA:23,0
DA:24,0
DA:36,0
DA:37,0
DA:44,0
DA:53,0
DA:54,0
DA:55,0
DA:56,0
DA:61,0
DA:68,0
DA:69,0
DA:71,0
DA:72,0
DA:73,0
DA:74,0
DA:79,0
DA:100,0
LF:19
LH:0
BRF:0
BRH:0
end_of_record
TN:
SF:src/components/datastreams/DatastreamView.tsx
FN:34,(anonymous_0)
FN:38,(anonymous_1)
FN:48,(anonymous_2)
FN:52,(anonymous_3)
FN:58,(anonymous_4)
FN:68,(anonymous_5)
FN:72,(anonymous_6)
FN:82,(anonymous_7)
FN:90,(anonymous_8)
FN:97,(anonymous_9)
FNF:10
FNH:0
FNDA:0,(anonymous_0)
FNDA:0,(anonymous_1)
FNDA:0,(anonymous_2)
FNDA:0,(anonymous_3)
FNDA:0,(anonymous_4)
FNDA:0,(anonymous_5)
FNDA:0,(anonymous_6)
FNDA:0,(anonymous_7)
FNDA:0,(anonymous_8)
FNDA:0,(anonymous_9)
DA:18,0
DA:34,0
DA:35,0
DA:38,0
DA:45,0
DA:46,0
DA:49,0
DA:50,0
DA:53,0
DA:58,0
DA:65,0
DA:66,0
DA:69,0
DA:70,0
DA:73,0
DA:82,0
DA:83,0
DA:84,0
DA:85,0
DA:87,0
DA:88,0
DA:89,0
DA:90,0
DA:91,0
DA:94,0
DA:95,0
DA:96,0
DA:97,0
DA:98,0
DA:101,0
DA:102,0
DA:104,0
LF:32
LH:0
BRDA:45,0,0,0
BRDA:45,0,1,0
BRDA:45,1,0,0
BRDA:45,1,1,0
BRDA:65,2,0,0
BRDA:65,2,1,0
BRDA:65,3,0,0
BRDA:65,3,1,0
BRDA:101,4,0,0
BRDA:101,4,1,0
BRDA:101,5,0,0
BRDA:101,5,1,0
BRDA:102,6,0,0
BRDA:102,6,1,0
BRDA:102,7,0,0
BRDA:102,7,1,0
BRDA:112,8,0,0
BRDA:112,8,1,0
BRF:18
BRH:0
end_of_record
TN:
SF:src/components/datastreams/Export.tsx
FN:11,(anonymous_0)
FN:12,(anonymous_1)
FN:14,(anonymous_2)
FN:37,(anonymous_3)
FN:47,(anonymous_4)
FN:54,(anonymous_5)
FNF:6
FNH:0
FNDA:0,(anonymous_0)
FNDA:0,(anonymous_1)
FNDA:0,(anonymous_2)
FNDA:0,(anonymous_3)
FNDA:0,(anonymous_4)
FNDA:0,(anonymous_5)
DA:9,0
DA:11,0
DA:12,0
DA:14,0
DA:15,0
DA:37,0
DA:38,0
DA:40,0
DA:41,0
DA:42,0
DA:43,0
DA:47,0
DA:48,0
DA:49,0
DA:50,0
DA:51,0
DA:54,0
DA:55,0
DA:56,0
DA:57,0
DA:58,0
DA:61,0
LF:22
LH:0
BRF:0
BRH:0
end_of_record
TN:
SF:src/components/header/NavigationBar.tsx
FN:7,(anonymous_0)
FNF:1
FNH:0
FNDA:0,(anonymous_0)
DA:7,0
LF:1
LH:0
BRF:0
BRH:0
end_of_record
TN:
SF:src/components/header/NavigationButton.tsx
FN:8,(anonymous_0)
FNF:1
FNH:0
FNDA:0,(anonymous_0)
DA:8,0
LF:1
LH:0
BRF:0
BRH:0
end_of_record
TN:
SF:src/components/header/UserMenu.tsx
FN:7,(anonymous_0)
FNF:1
FNH:0
FNDA:0,(anonymous_0)
DA:7,0
LF:1
LH:0
BRF:0
BRH:0
end_of_record
TN:
SF:src/components/layout/AppLayout.tsx
FN:21,(anonymous_0)
FN:28,(anonymous_1)
FN:38,(anonymous_2)
FN:47,(anonymous_3)
FN:50,(anonymous_4)
FN:57,(anonymous_5)
FN:62,(anonymous_6)
FNF:7
FNH:0
FNDA:0,(anonymous_0)
FNDA:0,(anonymous_1)
FNDA:0,(anonymous_2)
FNDA:0,(anonymous_3)
FNDA:0,(anonymous_4)
FNDA:0,(anonymous_5)
FNDA:0,(anonymous_6)
DA:11,0
DA:21,0
DA:22,0
DA:23,0
DA:24,0
DA:25,0
DA:27,0
DA:29,0
DA:37,0
DA:38,0
DA:39,0
DA:40,0
DA:43,0
DA:47,0
DA:50,0
DA:57,0
DA:62,0
LF:17
LH:0
BRDA:37,0,0,0
BRDA:37,0,1,0
BRDA:57,1,0,0
BRDA:57,1,1,0
BRDA:61,2,0,0
BRDA:61,2,1,0
BRDA:68,3,0,0
BRDA:68,3,1,0
BRF:8
BRH:0
end_of_record
TN:
SF:src/components/login/LoginStep1.tsx
FN:12,(anonymous_0)
FN:36,(anonymous_1)
FN:50,(anonymous_2)
FN:61,(anonymous_3)
FNF:4
FNH:0
FNDA:0,(anonymous_0)
FNDA:0,(anonymous_1)
FNDA:0,(anonymous_2)
FNDA:0,(anonymous_3)
DA:12,0
DA:36,0
DA:37,0
DA:38,0
DA:40,0
DA:50,0
DA:61,0
LF:7
LH:0
BRF:0
BRH:0
end_of_record
TN:
SF:src/components/login/LoginStep2.tsx
FN:12,(anonymous_0)
FN:36,(anonymous_1)
FN:50,(anonymous_2)
FN:61,(anonymous_3)
FNF:4
FNH:0
FNDA:0,(anonymous_0)
FNDA:0,(anonymous_1)
FNDA:0,(anonymous_2)
FNDA:0,(anonymous_3)
DA:12,0
DA:36,0
DA:37,0
DA:38,0
DA:40,0
DA:50,0
DA:61,0
LF:7
LH:0
BRF:0
BRH:0
end_of_record
TN:
SF:src/components/login/LoginView.tsx
FN:15,(anonymous_0)
FN:22,(anonymous_1)
FN:28,(anonymous_2)
FNF:3
FNH:0
FNDA:0,(anonymous_0)
FNDA:0,(anonymous_1)
FNDA:0,(anonymous_2)
DA:15,0
DA:16,0
DA:17,0
DA:19,0
DA:20,0
DA:22,0
DA:23,0
DA:24,0
DA:25,0
DA:28,0
DA:29,0
DA:30,0
DA:34,0
LF:13
LH:0
BRDA:29,0,0,0
BRDA:29,0,1,0
BRDA:34,1,0,0
BRDA:34,1,1,0
BRF:4
BRH:0
end_of_record
TN:
SF:src/components/replay/ReplayHelp.tsx
FN:17,(anonymous_0)
FN:21,(anonymous_1)
FN:25,(anonymous_2)
FNF:3
FNH:0
FNDA:0,(anonymous_0)
FNDA:0,(anonymous_1)
FNDA:0,(anonymous_2)
DA:6,0
DA:17,0
DA:18,0
DA:19,0
DA:21,0
DA:22,0
DA:25,0
DA:26,0
DA:29,0
LF:9
LH:0
BRF:0
BRH:0
end_of_record
TN:
SF:src/components/replay/ReplayRequest.tsx
FN:18,(anonymous_0)
FNF:1
FNH:0
FNDA:0,(anonymous_0)
DA:8,0
DA:18,0
DA:19,0
DA:21,0
DA:22,0
DA:33,0
LF:6
LH:0
BRDA:21,0,0,0
BRDA:21,0,1,0
BRF:2
BRH:0
end_of_record
TN:
SF:src/components/replay/ReplaySettings.tsx
FN:25,(anonymous_0)
FN:27,(anonymous_1)
FN:40,(anonymous_2)
FN:68,(anonymous_3)
FN:72,(anonymous_4)
FN:73,(anonymous_5)
FN:76,(anonymous_6)
FN:81,(anonymous_7)
FN:87,(anonymous_8)
FN:92,(anonymous_9)
FN:93,(anonymous_10)
FNF:11
FNH:0
FNDA:0,(anonymous_0)
FNDA:0,(anonymous_1)
FNDA:0,(anonymous_2)
FNDA:0,(anonymous_3)
FNDA:0,(anonymous_4)
FNDA:0,(anonymous_5)
FNDA:0,(anonymous_6)
FNDA:0,(anonymous_7)
FNDA:0,(anonymous_8)
FNDA:0,(anonymous_9)
FNDA:0,(anonymous_10)
DA:23,0
DA:25,0
DA:27,0
DA:28,0
DA:40,0
DA:41,0
DA:48,0
DA:68,0
DA:69,0
DA:70,0
DA:72,0
DA:73,0
DA:74,0
DA:76,0
DA:77,0
DA:78,0
DA:81,0
DA:82,0
DA:83,0
DA:87,0
DA:88,0
DA:89,0
DA:92,0
DA:93,0
DA:94,0
DA:98,0
LF:26
LH:0
BRF:0
BRH:0
end_of_record
TN:
SF:src/components/replay/ReplayThingList.tsx
FN:20,(anonymous_0)
FN:33,(anonymous_1)
FN:51,(anonymous_2)
FN:75,(anonymous_3)
FNF:4
FNH:0
FNDA:0,(anonymous_0)
FNDA:0,(anonymous_1)
FNDA:0,(anonymous_2)
FNDA:0,(anonymous_3)
DA:20,0
DA:21,0
DA:33,0
DA:34,0
DA:41,0
DA:51,0
DA:52,0
DA:53,0
DA:55,0
DA:76,0
LF:10
LH:0
BRF:0
BRH:0
end_of_record
TN:
SF:src/components/replay/ReplayView.tsx
FN:24,(anonymous_0)
FN:30,(anonymous_1)
FN:32,(anonymous_2)
FNF:3
FNH:0
FNDA:0,(anonymous_0)
FNDA:0,(anonymous_1)
FNDA:0,(anonymous_2)
DA:11,0
DA:24,0
DA:25,0
DA:27,0
DA:28,0
DA:30,0
DA:31,0
DA:32,0
DA:33,0
DA:35,0
DA:39,0
LF:11
LH:0
BRF:0
BRH:0
end_of_record
TN:
SF:src/components/startpage/Search.tsx
FN:5,(anonymous_0)
FN:26,(anonymous_1)
FN:30,(anonymous_2)
FN:35,(anonymous_3)
FNF:4
FNH:0
FNDA:0,(anonymous_0)
FNDA:0,(anonymous_1)
FNDA:0,(anonymous_2)
FNDA:0,(anonymous_3)
DA:5,0
DA:26,0
DA:27,0
DA:28,0
DA:30,0
DA:31,0
DA:32,0
DA:35,0
LF:8
LH:0
BRF:0
BRH:0
end_of_record
TN:
SF:src/components/startpage/StartpageView.tsx
FN:23,(anonymous_0)
FN:30,(anonymous_1)
FN:38,(anonymous_2)
FN:58,(anonymous_3)
FNF:4
FNH:0
FNDA:0,(anonymous_0)
FNDA:0,(anonymous_1)
FNDA:0,(anonymous_2)
FNDA:0,(anonymous_3)
DA:10,0
DA:23,0
DA:24,0
DA:25,0
DA:27,0
DA:28,0
DA:30,0
DA:31,0
DA:38,0
DA:39,0
DA:46,0
DA:58,0
LF:12
LH:0
BRF:0
BRH:0
end_of_record
TN:
SF:src/components/startpage/ThingList.tsx
FN:23,(anonymous_0)
FN:36,(anonymous_1)
FN:44,(anonymous_2)
FN:69,(anonymous_3)
FN:78,(anonymous_4)
FN:80,(anonymous_5)
FN:110,(anonymous_6)
FN:111,(anonymous_7)
FN:129,(anonymous_8)
FN:138,(anonymous_9)
FNF:10
FNH:0
FNDA:0,(anonymous_0)
FNDA:0,(anonymous_1)
FNDA:0,(anonymous_2)
FNDA:0,(anonymous_3)
FNDA:0,(anonymous_4)
FNDA:0,(anonymous_5)
FNDA:0,(anonymous_6)
FNDA:0,(anonymous_7)
FNDA:0,(anonymous_8)
FNDA:0,(anonymous_9)
DA:23,0
DA:24,0
DA:36,0
DA:37,0
DA:44,0
DA:45,0
DA:69,0
DA:70,0
DA:71,0
DA:72,0
DA:74,0
DA:76,0
DA:78,0
DA:79,0
DA:80,0
DA:81,0
DA:86,0
DA:111,0
DA:112,0
DA:113,0
DA:114,0
DA:115,0
DA:116,0
DA:117,0
DA:120,0
DA:121,0
DA:129,0
DA:138,0
DA:146,0
LF:29
LH:0
BRDA:74,0,0,0
BRDA:74,0,1,0
BRDA:79,1,0,0
BRDA:79,1,1,0
BRDA:101,2,0,0
BRDA:101,2,1,0
BRDA:112,3,0,0
BRDA:112,3,1,0
BRDA:112,4,0,0
BRDA:112,4,1,0
BRDA:115,5,0,0
BRDA:115,5,1,0
BRDA:120,6,0,0
BRDA:120,6,1,0
BRF:14
BRH:0
end_of_record
TN:
SF:src/components/subscribe/SubscriptionEditorView.tsx
FN:29,(anonymous_0)
FN:42,(anonymous_1)
FN:59,(anonymous_2)
FN:74,(anonymous_3)
FN:87,(anonymous_4)
FN:92,(anonymous_5)
FN:107,(anonymous_6)
FN:128,(anonymous_7)
FN:136,(anonymous_8)
FN:141,(anonymous_9)
FN:164,(anonymous_10)
FNF:11
FNH:0
FNDA:0,(anonymous_0)
FNDA:0,(anonymous_1)
FNDA:0,(anonymous_2)
FNDA:0,(anonymous_3)
FNDA:0,(anonymous_4)
FNDA:0,(anonymous_5)
FNDA:0,(anonymous_6)
FNDA:0,(anonymous_7)
FNDA:0,(anonymous_8)
FNDA:0,(anonymous_9)
FNDA:0,(anonymous_10)
DA:29,0
DA:30,0
DA:42,0
DA:43,0
DA:50,0
DA:59,0
DA:60,0
DA:75,0
DA:87,0
DA:88,0
DA:92,0
DA:93,0
DA:94,0
DA:95,0
DA:96,0
DA:97,0
DA:99,0
DA:107,0
DA:108,0
DA:109,0
DA:110,0
DA:111,0
DA:112,0
DA:114,0
DA:115,0
DA:117,0
DA:119,0
DA:122,0
DA:126,0
DA:127,0
DA:128,0
DA:129,0
DA:133,0
DA:135,0
DA:137,0
DA:138,0
DA:139,0
DA:142,0
DA:143,0
DA:144,0
DA:147,0
DA:164,0
LF:42
LH:0
BRDA:93,0,0,0
BRDA:93,0,1,0
BRDA:94,1,0,0
BRDA:94,1,1,0
BRDA:95,2,0,0
BRDA:95,2,1,0
BRDA:96,3,0,0
BRDA:96,3,1,0
BRDA:97,4,0,0
BRDA:97,4,1,0
BRDA:114,5,0,0
BRDA:114,5,1,0
BRDA:114,6,0,0
BRDA:114,6,1,0
BRDA:119,7,0,0
BRDA:119,7,1,0
BRDA:122,8,0,0
BRDA:122,8,1,0
BRDA:127,9,0,0
BRDA:127,9,1,0
BRDA:133,10,0,0
BRDA:133,10,1,0
BRDA:135,11,0,0
BRDA:135,11,1,0
BRDA:137,12,0,0
BRDA:137,12,1,0
BRDA:137,13,0,0
BRDA:137,13,1,0
BRDA:137,13,2,0
BRDA:142,14,0,0
BRDA:142,14,1,0
BRDA:143,15,0,0
BRDA:143,15,1,0
BRDA:144,16,0,0
BRDA:144,16,1,0
BRDA:150,17,0,0
BRDA:150,17,1,0
BRDA:150,18,0,0
BRDA:150,18,1,0
BRDA:157,19,0,0
BRDA:157,19,1,0
BRDA:165,20,0,0
BRDA:165,20,1,0
BRF:43
BRH:0
end_of_record
TN:
SF:src/components/subscribe/SubscriptionList.tsx
FN:26,(anonymous_0)
FN:39,(anonymous_1)
FN:47,(anonymous_2)
FN:68,(anonymous_3)
FN:76,(anonymous_4)
FN:81,(anonymous_5)
FN:85,(anonymous_6)
FN:125,(anonymous_7)
FN:149,(anonymous_8)
FN:155,(anonymous_9)
FNF:10
FNH:0
FNDA:0,(anonymous_0)
FNDA:0,(anonymous_1)
FNDA:0,(anonymous_2)
FNDA:0,(anonymous_3)
FNDA:0,(anonymous_4)
FNDA:0,(anonymous_5)
FNDA:0,(anonymous_6)
FNDA:0,(anonymous_7)
FNDA:0,(anonymous_8)
FNDA:0,(anonymous_9)
DA:26,0
DA:27,0
DA:39,0
DA:40,0
DA:47,0
DA:48,0
DA:68,0
DA:69,0
DA:70,0
DA:71,0
DA:73,0
DA:74,0
DA:76,0
DA:77,0
DA:78,0
DA:81,0
DA:82,0
DA:85,0
DA:86,0
DA:87,0
DA:88,0
DA:91,0
DA:126,0
DA:149,0
DA:155,0
LF:25
LH:0
BRDA:86,0,0,0
BRDA:86,0,1,0
BRF:2
BRH:0
end_of_record
TN:
SF:src/components/subscribe/SubscriptionListView.tsx
FN:18,(anonymous_0)
FN:31,(anonymous_1)
FN:39,(anonymous_2)
FN:60,(anonymous_3)
FNF:4
FNH:0
FNDA:0,(anonymous_0)
FNDA:0,(anonymous_1)
FNDA:0,(anonymous_2)
FNDA:0,(anonymous_3)
DA:18,0
DA:19,0
DA:31,0
DA:32,0
DA:39,0
DA:40,0
DA:60,0
DA:61,0
DA:63,0
LF:9
LH:0
BRF:0
BRH:0
end_of_record
TN:
SF:src/components/subscribe/SubscriptionSettings.jsx
FN:20,(anonymous_0)
FN:34,(anonymous_1)
FN:48,(anonymous_2)
FN:64,(anonymous_3)
FNF:4
FNH:0
FNDA:0,(anonymous_0)
FNDA:0,(anonymous_1)
FNDA:0,(anonymous_2)
FNDA:0,(anonymous_3)
DA:8,0
DA:20,0
DA:21,0
DA:23,0
DA:34,0
DA:48,0
DA:64,0
LF:7
LH:0
BRF:0
BRH:0
end_of_record
TN:
SF:src/components/thingInformation/DatastreamList.tsx
FN:22,(anonymous_0)
FN:35,(anonymous_1)
FN:56,(anonymous_2)
FN:61,(anonymous_3)
FN:62,(anonymous_4)
FN:87,(anonymous_5)
FN:99,(anonymous_6)
FNF:7
FNH:0
FNDA:0,(anonymous_0)
FNDA:0,(anonymous_1)
FNDA:0,(anonymous_2)
FNDA:0,(anonymous_3)
FNDA:0,(anonymous_4)
FNDA:0,(anonymous_5)
FNDA:0,(anonymous_6)
DA:22,0
DA:23,0
DA:35,0
DA:36,0
DA:43,0
DA:56,0
DA:57,0
DA:58,0
DA:60,0
DA:61,0
DA:62,0
DA:63,0
DA:67,0
DA:88,0
DA:100,0
LF:15
LH:0
BRF:0
BRH:0
end_of_record
TN:
SF:src/components/thingInformation/Export.tsx
FN:6,(anonymous_0)
FN:29,(anonymous_1)
FNF:2
FNH:0
FNDA:0,(anonymous_0)
FNDA:0,(anonymous_1)
DA:6,0
DA:7,0
DA:29,0
DA:30,0
DA:32,0
LF:5
LH:0
BRF:0
BRH:0
end_of_record
TN:
SF:src/components/thingInformation/Properties.tsx
FN:20,(anonymous_0)
FN:33,(anonymous_1)
FN:47,(anonymous_2)
FN:99,(anonymous_3)
FN:115,(anonymous_4)
FNF:5
FNH:0
FNDA:0,(anonymous_0)
FNDA:0,(anonymous_1)
FNDA:0,(anonymous_2)
FNDA:0,(anonymous_3)
FNDA:0,(anonymous_4)
DA:20,0
DA:21,0
DA:33,0
DA:34,0
DA:41,0
DA:47,0
DA:48,0
DA:49,0
DA:83,0
DA:99,0
DA:100,0
DA:102,0
DA:116,0
LF:13
LH:0
BRDA:48,0,0,0
BRDA:48,0,1,0
BRF:2
BRH:0
end_of_record
TN:
SF:src/components/thingInformation/ThingInformationView.tsx
FN:30,(anonymous_0)
FN:38,(anonymous_1)
FN:46,(anonymous_2)
FN:50,(anonymous_3)
FN:54,(anonymous_4)
FN:60,(anonymous_5)
FN:71,(anonymous_6)
FNF:7
FNH:0
FNDA:0,(anonymous_0)
FNDA:0,(anonymous_1)
FNDA:0,(anonymous_2)
FNDA:0,(anonymous_3)
FNDA:0,(anonymous_4)
FNDA:0,(anonymous_5)
FNDA:0,(anonymous_6)
DA:14,0
DA:30,0
DA:31,0
DA:38,0
DA:39,0
DA:40,0
DA:41,0
DA:42,0
DA:44,0
DA:45,0
DA:46,0
DA:47,0
DA:48,0
DA:51,0
DA:52,0
DA:55,0
DA:60,0
DA:61,0
DA:62,0
DA:63,0
DA:64,0
DA:71,0
DA:72,0
DA:73,0
DA:74,0
DA:75,0
DA:82,0
DA:83,0
DA:85,0
LF:29
LH:0
BRDA:47,0,0,0
BRDA:47,0,1,0
BRDA:47,1,0,0
BRDA:47,1,1,0
BRDA:61,2,0,0
BRDA:61,2,1,0
BRDA:72,3,0,0
BRDA:72,3,1,0
BRDA:82,4,0,0
BRDA:82,4,1,0
BRDA:83,5,0,0
BRDA:83,5,1,0
BRDA:93,6,0,0
BRDA:93,6,1,0
BRF:14
BRH:0
end_of_record
TN:
SF:src/components/thingInformation/ThingTitle.tsx
FN:9,(anonymous_0)
FN:11,(anonymous_1)
FN:13,(anonymous_2)
FN:18,(anonymous_3)
FN:20,(anonymous_4)
FN:25,(anonymous_5)
FNF:6
FNH:0
FNDA:0,(anonymous_0)
FNDA:0,(anonymous_1)
FNDA:0,(anonymous_2)
FNDA:0,(anonymous_3)
FNDA:0,(anonymous_4)
FNDA:0,(anonymous_5)
DA:7,0
DA:9,0
DA:10,0
DA:11,0
DA:12,0
DA:13,0
DA:14,0
DA:18,0
DA:19,0
DA:20,0
DA:21,0
DA:25,0
DA:26,0
DA:30,0
LF:14
LH:0
BRDA:12,0,0,0
BRDA:12,0,1,0
BRDA:19,1,0,0
BRDA:19,1,1,0
BRDA:33,2,0,0
BRDA:33,2,1,0
BRDA:35,3,0,0
BRDA:35,3,1,0
BRF:8
BRH:0
end_of_record
TN:
SF:src/context/DatastreamStoreProvider.tsx
FN:6,(anonymous_0)
FNF:1
FNH:0
FNDA:0,(anonymous_0)
DA:4,0
DA:6,0
DA:7,0
DA:9,0
LF:4
LH:0
BRF:0
BRH:0
end_of_record
TN:
SF:src/context/LanguageProvider.js
FN:9,(anonymous_0)
FNF:1
FNH:0
FNDA:0,(anonymous_0)
DA:9,0
DA:10,0
DA:15,0
DA:17,0
DA:22,0
LF:5
LH:0
BRDA:9,0,0,0
BRF:1
BRH:0
end_of_record
TN:
SF:src/context/LanguageProviderWrapper.js
FN:5,(anonymous_0)
FNF:1
FNH:0
FNDA:0,(anonymous_0)
DA:5,0
DA:6,0
DA:8,0
LF:3
LH:0
BRF:0
BRH:0
end_of_record
TN:
SF:src/context/ReplayStoreProvider.tsx
FN:6,(anonymous_0)
FNF:1
FNH:0
FNDA:0,(anonymous_0)
DA:4,0
DA:6,0
DA:7,0
DA:9,0
LF:4
LH:0
BRF:0
BRH:0
end_of_record
TN:
SF:src/context/SubscriptionStoreProvider.tsx
FN:8,(anonymous_0)
FN:14,(anonymous_1)
FN:18,(anonymous_2)
FN:20,(anonymous_3)
FNF:4
FNH:0
FNDA:0,(anonymous_0)
FNDA:0,(anonymous_1)
FNDA:0,(anonymous_2)
FNDA:0,(anonymous_3)
DA:6,0
DA:8,0
DA:9,0
DA:10,0
DA:12,0
DA:14,0
DA:15,0
DA:18,0
DA:19,0
DA:20,0
DA:21,0
DA:26,0
LF:12
LH:0
BRDA:15,0,0,0
BRDA:15,0,1,0
BRDA:15,1,0,0
BRDA:15,1,1,0
BRDA:19,2,0,0
BRDA:19,2,1,0
BRDA:19,3,0,0
BRDA:19,3,1,0
BRF:8
BRH:0
end_of_record
TN:
SF:src/context/ThingStoreProvider.tsx
FN:7,(anonymous_0)
FN:12,(anonymous_1)
FNF:2
FNH:0
FNDA:0,(anonymous_0)
FNDA:0,(anonymous_1)
DA:5,0
DA:7,0
DA:8,0
DA:10,0
DA:12,0
DA:13,0
DA:16,0
LF:7
LH:0
BRDA:13,0,0,0
BRDA:13,0,1,0
BRF:2
BRH:0
end_of_record
TN:
SF:src/context/UserStoreProvider.tsx
FN:6,(anonymous_0)
FNF:1
FNH:0
FNDA:0,(anonymous_0)
DA:4,0
DA:6,0
DA:7,0
DA:9,0
LF:4
LH:0
BRF:0
BRH:0
end_of_record
TN:
SF:src/hooks/UseDatastreamStore.ts
FN:4,(anonymous_0)
FNF:1
FNH:0
FNDA:0,(anonymous_0)
DA:4,0
LF:1
LH:0
BRF:0
BRH:0
end_of_record
TN:
SF:src/hooks/UseReplayStore.ts
FN:4,(anonymous_0)
FNF:1
FNH:0
FNDA:0,(anonymous_0)
DA:4,0
LF:1
LH:0
BRF:0
BRH:0
end_of_record
TN:
SF:src/hooks/UseSubscriptionStore.ts
FN:4,(anonymous_0)
FNF:1
FNH:0
FNDA:0,(anonymous_0)
DA:4,0
LF:1
LH:0
BRF:0
BRH:0
end_of_record
TN:
SF:src/hooks/UseThingStore.ts
FN:4,(anonymous_0)
FNF:1
FNH:0
FNDA:0,(anonymous_0)
DA:4,0
LF:1
LH:0
BRF:0
BRH:0
end_of_record
TN:
SF:src/hooks/UseUserStore.ts
FN:4,(anonymous_0)
FNF:1
FNH:0
FNDA:0,(anonymous_0)
DA:4,0
LF:1
LH:0
BRF:0
BRH:0
end_of_record
TN:
SF:src/intl/AppContextProvider.js
FN:8,(anonymous_0)
FN:20,(anonymous_1)
FNF:2
FNH:0
FNDA:0,(anonymous_0)
FNDA:0,(anonymous_1)
DA:5,0
DA:6,0
DA:8,0
DA:9,0
DA:11,0
DA:13,0
DA:14,0
DA:16,0
DA:20,0
DA:21,0
DA:22,0
DA:24,0
LF:12
LH:0
BRDA:9,0,0,0
BRDA:9,0,1,0
BRDA:9,0,2,0
BRF:3
BRH:0
end_of_record
TN:
SF:src/intl/constants.js
FNF:0
FNH:0
DA:1,0
LF:1
LH:0
BRF:0
BRH:0
end_of_record
TN:
SF:src/intl/defaultContext.js
FNF:0
FNH:0
DA:4,0
LF:1
LH:0
BRDA:7,0,0,0
BRDA:7,0,1,0
BRF:2
BRH:0
end_of_record
TN:
SF:src/intl/localStorage.js
FN:6,(anonymous_0)
FN:14,(anonymous_1)
FNF:2
FNH:0
FNDA:0,(anonymous_0)
FNDA:0,(anonymous_1)
DA:3,0
DA:4,0
DA:6,0
DA:7,0
DA:8,0
DA:11,0
DA:14,0
DA:15,0
DA:16,0
DA:19,0
DA:20,0
DA:22,0
DA:24,0
LF:13
LH:0
BRDA:7,0,0,0
BRDA:7,0,1,0
BRDA:7,1,0,0
BRDA:7,1,1,0
BRDA:15,2,0,0
BRDA:15,2,1,0
BRDA:15,3,0,0
BRDA:15,3,1,0
BRF:8
BRH:0
end_of_record
TN:
SF:src/intl/messages/de-DE.js
FNF:0
FNH:0
LF:0
LH:0
BRF:0
BRH:0
end_of_record
TN:
SF:src/intl/messages/en-US.js
FNF:0
FNH:0
LF:0
LH:0
BRF:0
BRH:0
end_of_record
TN:
SF:src/intl/messages/messages.js
FNF:0
FNH:0
LF:0
LH:0
BRF:0
BRH:0
end_of_record
TN:
SF:src/material/Datastream.ts
FN:13,(anonymous_0)
FNF:1
FNH:0
FNDA:0,(anonymous_0)
DA:14,0
DA:15,0
DA:16,0
LF:3
LH:0
BRF:0
BRH:0
end_of_record
TN:
SF:src/material/DatastreamName.ts
FN:7,(anonymous_0)
FN:11,(anonymous_1)
FNF:2
FNH:0
FNDA:0,(anonymous_0)
FNDA:0,(anonymous_1)
DA:8,0
DA:12,0
DA:13,0
LF:3
LH:0
BRF:0
BRH:0
end_of_record
TN:
SF:src/material/DatastreamRow.ts
FNF:0
FNH:0
LF:0
LH:0
BRF:0
BRH:0
end_of_record
TN:
SF:src/material/EMail.ts
FN:10,(anonymous_0)
FN:14,(anonymous_1)
FNF:2
FNH:0
FNDA:0,(anonymous_0)
FNDA:0,(anonymous_1)
DA:11,0
DA:14,0
DA:15,0
LF:3
LH:0
BRF:0
BRH:0
end_of_record
TN:
SF:src/material/Id.ts
FN:10,(anonymous_0)
FN:14,(anonymous_1)
FNF:2
FNH:2
FNDA:18,(anonymous_0)
FNDA:21,(anonymous_1)
DA:11,18
DA:15,21
DA:16,21
LF:3
LH:3
BRF:0
BRH:0
end_of_record
TN:
SF:src/material/Location.ts
FN:6,(anonymous_0)
FN:11,(anonymous_1)
FN:16,(anonymous_2)
FNF:3
FNH:1
FNDA:6,(anonymous_0)
FNDA:0,(anonymous_1)
FNDA:0,(anonymous_2)
DA:7,6
DA:8,6
DA:12,0
DA:13,0
DA:17,0
DA:18,0
LF:6
LH:2
BRF:0
BRH:0
end_of_record
TN:
SF:src/material/LocationWithAddress.ts
FN:6,(anonymous_0)
FN:11,(anonymous_1)
FN:16,(anonymous_2)
FNF:3
FNH:1
FNDA:2,(anonymous_0)
FNDA:0,(anonymous_1)
FNDA:0,(anonymous_2)
DA:7,2
DA:8,2
DA:12,0
DA:13,0
DA:17,0
DA:18,0
LF:6
LH:2
BRF:0
BRH:0
end_of_record
TN:
SF:src/material/LoginCode.ts
FN:10,(anonymous_0)
FNF:1
FNH:0
FNDA:0,(anonymous_0)
DA:11,0
LF:1
LH:0
BRF:0
BRH:0
end_of_record
TN:
SF:src/material/NotificationLevel.ts
FN:15,(anonymous_0)
FNF:1
FNH:0
FNDA:0,(anonymous_0)
DA:16,0
DA:17,0
LF:2
LH:0
BRDA:15,0,0,0
BRF:1
BRH:0
end_of_record
TN:
SF:src/material/Replay.ts
FN:43,(anonymous_0)
FNF:1
FNH:0
FNDA:0,(anonymous_0)
DA:44,0
DA:45,0
DA:46,0
DA:47,0
DA:48,0
LF:5
LH:0
BRF:0
BRH:0
end_of_record
TN:
SF:src/material/ReplaySpeed.ts
FN:7,(anonymous_0)
FN:11,(anonymous_1)
FN:16,(anonymous_2)
FNF:3
FNH:0
FNDA:0,(anonymous_0)
FNDA:0,(anonymous_1)
FNDA:0,(anonymous_2)
DA:8,0
DA:12,0
DA:13,0
DA:17,0
DA:18,0
LF:5
LH:0
BRF:0
BRH:0
end_of_record
TN:
SF:src/material/SensorValue.ts
FN:14,(anonymous_0)
FN:19,(anonymous_1)
FN:24,(anonymous_2)
FNF:3
FNH:0
FNDA:0,(anonymous_0)
FNDA:0,(anonymous_1)
FNDA:0,(anonymous_2)
DA:15,0
DA:16,0
DA:20,0
DA:21,0
DA:25,0
DA:26,0
LF:6
LH:0
BRF:0
BRH:0
end_of_record
TN:
SF:src/material/Subscription.ts
FN:58,(anonymous_0)
FN:67,(anonymous_1)
FN:72,(anonymous_2)
FN:77,(anonymous_3)
FN:82,(anonymous_4)
FN:93,(anonymous_5)
FNF:6
FNH:0
FNDA:0,(anonymous_0)
FNDA:0,(anonymous_1)
FNDA:0,(anonymous_2)
FNDA:0,(anonymous_3)
FNDA:0,(anonymous_4)
FNDA:0,(anonymous_5)
DA:59,0
DA:60,0
DA:61,0
DA:62,0
DA:63,0
DA:64,0
DA:68,0
DA:69,0
DA:73,0
DA:74,0
DA:78,0
DA:79,0
DA:83,0
DA:84,0
DA:93,0
LF:15
LH:0
BRF:0
BRH:0
end_of_record
TN:
SF:src/material/Thing.ts
FN:34,(anonymous_0)
FN:41,(anonymous_1)
FN:45,(anonymous_2)
FN:52,(anonymous_3)
FNF:4
FNH:2
FNDA:3,(anonymous_0)
FNDA:0,(anonymous_1)
FNDA:0,(anonymous_2)
FNDA:46,(anonymous_3)
DA:30,3
DA:35,3
DA:36,3
DA:37,3
DA:38,3
DA:42,0
DA:43,0
DA:45,0
DA:46,0
DA:49,0
DA:53,46
DA:54,46
DA:55,46
DA:57,23
LF:14
LH:9
BRDA:55,0,0,23
BRDA:55,0,1,23
BRDA:55,1,0,46
BRDA:55,1,1,23
BRF:4
BRH:4
end_of_record
TN:
SF:src/material/ThingName.ts
FN:7,(anonymous_0)
FN:11,(anonymous_1)
FNF:2
FNH:1
FNDA:6,(anonymous_0)
FNDA:0,(anonymous_1)
DA:8,6
DA:12,0
DA:13,0
LF:3
LH:1
BRF:0
BRH:0
end_of_record
TN:
SF:src/material/ThingProperty.ts
FN:6,(anonymous_0)
FNF:1
FNH:1
FNDA:46,(anonymous_0)
DA:7,46
DA:8,46
LF:2
LH:2
BRF:0
BRH:0
end_of_record
TN:
SF:src/material/Unit.ts
FN:14,(anonymous_0)
FN:18,(anonymous_1)
FN:26,(anonymous_2)
FNF:3
FNH:0
FNDA:0,(anonymous_0)
FNDA:0,(anonymous_1)
FNDA:0,(anonymous_2)
DA:1,1
DA:15,0
DA:18,0
DA:19,0
DA:20,0
DA:23,0
DA:26,0
DA:27,0
DA:28,0
DA:29,0
LF:10
LH:1
BRDA:23,0,0,0
BRDA:23,0,1,0
BRF:2
BRH:0
end_of_record
TN:
SF:src/material/User.ts
FN:12,(anonymous_0)
FNF:1
FNH:0
FNDA:0,(anonymous_0)
DA:13,0
LF:1
LH:0
BRF:0
BRH:0
end_of_record
TN:
SF:src/routes/ReplayRouter.tsx
FN:7,(anonymous_0)
FNF:1
FNH:0
FNDA:0,(anonymous_0)
DA:7,0
DA:8,0
DA:10,0
LF:3
LH:0
BRF:0
BRH:0
end_of_record
TN:
SF:src/routes/Router.tsx
FN:16,(anonymous_0)
FN:21,(anonymous_1)
FNF:2
FNH:0
FNDA:0,(anonymous_0)
FNDA:0,(anonymous_1)
DA:16,0
DA:21,0
DA:22,0
LF:3
LH:0
BRF:0
BRH:0
end_of_record
TN:
SF:src/routes/SubscribeRouter.tsx
FN:8,(anonymous_0)
FNF:1
FNH:0
FNDA:0,(anonymous_0)
DA:8,0
DA:9,0
DA:11,0
LF:3
LH:0
BRF:0
BRH:0
end_of_record
TN:
SF:src/store/DatastreamStore.ts
FN:16,(anonymous_0)
FN:20,(anonymous_1)
FN:24,(anonymous_2)
FN:27,(anonymous_3)
FN:31,(anonymous_4)
FN:38,(anonymous_5)
FN:46,(anonymous_6)
FN:49,(anonymous_7)
FN:56,(anonymous_8)
FN:60,(anonymous_9)
FN:70,(anonymous_10)
FN:85,(anonymous_11)
FN:87,(anonymous_12)
FN:90,(anonymous_13)
FN:93,(anonymous_14)
FN:98,(anonymous_15)
FN:111,(anonymous_16)
FNF:17
FNH:1
FNDA:1,(anonymous_0)
FNDA:0,(anonymous_1)
FNDA:0,(anonymous_2)
FNDA:0,(anonymous_3)
FNDA:0,(anonymous_4)
FNDA:0,(anonymous_5)
FNDA:0,(anonymous_6)
FNDA:0,(anonymous_7)
FNDA:0,(anonymous_8)
FNDA:0,(anonymous_9)
FNDA:0,(anonymous_10)
FNDA:0,(anonymous_11)
FNDA:0,(anonymous_12)
FNDA:0,(anonymous_13)
FNDA:0,(anonymous_14)
FNDA:0,(anonymous_15)
FNDA:0,(anonymous_16)
DA:11,1
DA:17,1
DA:20,1
DA:21,0
DA:22,0
DA:24,0
DA:25,0
DA:28,0
DA:31,0
DA:32,0
DA:33,0
DA:36,0
DA:39,0
DA:43,0
DA:46,1
DA:47,0
DA:49,0
DA:50,0
DA:51,0
DA:52,0
DA:54,0
DA:55,0
DA:57,0
DA:58,0
DA:61,0
DA:66,0
DA:70,1
DA:71,0
DA:72,0
DA:73,0
DA:74,0
DA:76,0
DA:77,0
DA:78,0
DA:79,0
DA:82,0
DA:85,1
DA:86,0
DA:88,0
DA:90,0
DA:91,0
DA:94,0
DA:96,0
DA:98,0
DA:99,0
DA:100,0
DA:102,0
DA:103,0
DA:105,0
DA:106,0
DA:109,0
DA:112,0
DA:115,0
LF:53
LH:6
BRDA:51,0,0,0
BRDA:51,0,1,0
BRDA:77,1,0,0
BRDA:77,1,1,0
BRDA:87,2,0,0
BRDA:100,3,0,0
BRDA:100,3,1,0
BRF:7
BRH:0
end_of_record
TN:
SF:src/store/ReplayStore.ts
FN:23,(anonymous_0)
FN:27,(anonymous_1)
FN:28,(anonymous_2)
FN:45,(anonymous_3)
FN:48,(anonymous_4)
FN:49,(anonymous_5)
FNF:6
FNH:0
FNDA:0,(anonymous_0)
FNDA:0,(anonymous_1)
FNDA:0,(anonymous_2)
FNDA:0,(anonymous_3)
FNDA:0,(anonymous_4)
FNDA:0,(anonymous_5)
DA:24,0
DA:25,0
DA:27,0
DA:28,0
DA:29,0
DA:30,0
DA:32,0
DA:36,0
DA:45,0
DA:46,0
DA:48,0
DA:49,0
DA:50,0
DA:54,0
LF:14
LH:0
BRF:0
BRH:0
end_of_record
TN:
SF:src/store/SubscriptionStore.ts
FN:28,(anonymous_0)
FN:33,(anonymous_1)
FN:40,(anonymous_2)
FN:44,(anonymous_3)
FN:46,(anonymous_4)
FN:51,(anonymous_5)
FN:53,(anonymous_6)
FN:86,(anonymous_7)
FN:95,(anonymous_8)
FN:102,(anonymous_9)
FN:109,(anonymous_10)
FN:114,(anonymous_11)
FN:119,(anonymous_12)
FN:132,(anonymous_13)
FN:154,(anonymous_14)
FN:163,(anonymous_15)
FN:167,(anonymous_16)
FNF:17
FNH:0
FNDA:0,(anonymous_0)
FNDA:0,(anonymous_1)
FNDA:0,(anonymous_2)
FNDA:0,(anonymous_3)
FNDA:0,(anonymous_4)
FNDA:0,(anonymous_5)
FNDA:0,(anonymous_6)
FNDA:0,(anonymous_7)
FNDA:0,(anonymous_8)
FNDA:0,(anonymous_9)
FNDA:0,(anonymous_10)
FNDA:0,(anonymous_11)
FNDA:0,(anonymous_12)
FNDA:0,(anonymous_13)
FNDA:0,(anonymous_14)
FNDA:0,(anonymous_15)
FNDA:0,(anonymous_16)
DA:19,0
DA:29,0
DA:30,0
DA:34,0
DA:40,0
DA:41,0
DA:42,0
DA:43,0
DA:44,0
DA:46,0
DA:47,0
DA:48,0
DA:49,0
DA:50,0
DA:51,0
DA:52,0
DA:54,0
DA:57,0
DA:86,0
DA:87,0
DA:89,0
DA:91,0
DA:92,0
DA:93,0
DA:95,0
DA:96,0
DA:99,0
DA:102,0
DA:103,0
DA:104,0
DA:105,0
DA:106,0
DA:109,0
DA:114,0
DA:115,0
DA:119,0
DA:124,0
DA:126,0
DA:127,0
DA:129,0
DA:131,0
DA:133,0
DA:136,0
DA:137,0
DA:143,0
DA:151,0
DA:154,0
DA:155,0
DA:156,0
DA:157,0
DA:158,0
DA:159,0
DA:160,0
DA:163,0
DA:164,0
DA:167,0
DA:173,0
LF:57
LH:0
BRDA:42,0,0,0
BRDA:42,0,1,0
BRDA:89,1,0,0
BRDA:89,1,1,0
BRDA:129,2,0,0
BRDA:129,2,1,0
BRDA:156,3,0,0
BRDA:156,3,1,0
BRDA:157,4,0,0
BRDA:157,4,1,0
BRF:10
BRH:0
end_of_record
TN:
SF:src/store/ThingStore.ts
FN:27,(anonymous_0)
FN:34,(anonymous_1)
FN:37,(anonymous_2)
FN:38,(anonymous_3)
FN:41,(anonymous_4)
FN:52,(anonymous_5)
FN:56,(anonymous_6)
FN:66,(anonymous_7)
FN:69,(anonymous_8)
FN:70,(anonymous_9)
FN:72,(anonymous_10)
FN:103,(anonymous_11)
FN:104,(anonymous_12)
FN:111,(anonymous_13)
FN:123,(anonymous_14)
FN:127,(anonymous_15)
FN:128,(anonymous_16)
FN:130,(anonymous_17)
FN:136,(anonymous_18)
FN:144,(anonymous_19)
FN:152,(anonymous_20)
FN:155,(anonymous_21)
FN:156,(anonymous_22)
FN:169,(anonymous_23)
FNF:24
FNH:13
FNDA:1,(anonymous_0)
FNDA:1,(anonymous_1)
FNDA:1,(anonymous_2)
FNDA:1,(anonymous_3)
FNDA:3,(anonymous_4)
FNDA:0,(anonymous_5)
FNDA:0,(anonymous_6)
FNDA:2,(anonymous_7)
FNDA:2,(anonymous_8)
FNDA:2,(anonymous_9)
FNDA:6,(anonymous_10)
FNDA:6,(anonymous_11)
FNDA:52,(anonymous_12)
FNDA:3,(anonymous_13)
FNDA:3,(anonymous_14)
FNDA:0,(anonymous_15)
FNDA:0,(anonymous_16)
FNDA:0,(anonymous_17)
FNDA:0,(anonymous_18)
FNDA:0,(anonymous_19)
FNDA:0,(anonymous_20)
FNDA:0,(anonymous_21)
FNDA:0,(anonymous_22)
FNDA:0,(anonymous_23)
DA:23,1
DA:28,1
DA:29,1
DA:30,1
DA:31,1
DA:35,1
DA:37,1
DA:38,1
DA:39,1
DA:41,1
DA:42,3
DA:45,1
DA:49,1
DA:53,0
DA:54,0
DA:56,0
DA:57,0
DA:60,0
DA:66,1
DA:67,2
DA:69,2
DA:70,2
DA:72,2
DA:73,6
DA:74,6
DA:76,6
DA:77,6
DA:78,3
DA:79,3
DA:80,3
DA:81,3
DA:82,3
DA:84,3
DA:85,3
DA:87,3
DA:89,6
DA:90,6
DA:92,6
DA:95,2
DA:99,2
DA:103,1
DA:104,6
DA:105,52
DA:106,46
DA:107,46
DA:111,1
DA:112,3
DA:113,3
DA:114,3
DA:115,3
DA:117,3
DA:118,2
DA:120,1
DA:123,1
DA:124,3
DA:126,3
DA:128,0
DA:129,0
DA:131,0
DA:133,0
DA:134,0
DA:137,0
DA:141,0
DA:145,0
DA:149,3
DA:152,1
DA:153,0
DA:155,0
DA:156,0
DA:157,0
DA:158,0
DA:159,0
DA:160,0
DA:162,0
DA:166,0
DA:170,0
DA:171,0
LF:77
LH:53
BRDA:77,0,0,3
BRDA:77,0,1,3
BRDA:79,1,0,3
BRDA:79,1,1,0
BRDA:79,2,0,3
BRDA:79,2,1,3
BRDA:89,3,0,6
BRDA:89,3,1,0
BRDA:89,4,0,6
BRDA:89,4,1,6
BRDA:92,5,0,6
BRDA:92,5,1,0
BRDA:105,6,0,6
BRDA:105,6,1,46
BRDA:117,7,0,2
BRDA:117,7,1,1
BRDA:117,8,0,3
BRDA:117,8,1,2
BRDA:133,9,0,0
BRDA:133,9,1,0
BRDA:133,10,0,0
BRDA:133,10,1,0
BRDA:159,11,0,0
BRDA:159,11,1,0
BRF:24
BRH:15
end_of_record
TN:
SF:src/store/UserStore.ts
FN:31,(anonymous_0)
FN:33,(anonymous_1)
FN:47,(anonymous_2)
FN:48,(anonymous_3)
FN:55,(anonymous_4)
FNF:5
FNH:0
FNDA:0,(anonymous_0)
FNDA:0,(anonymous_1)
FNDA:0,(anonymous_2)
FNDA:0,(anonymous_3)
FNDA:0,(anonymous_4)
DA:21,0
DA:31,0
DA:32,0
DA:33,0
DA:35,0
DA:36,0
DA:47,0
DA:48,0
DA:49,0
DA:50,0
DA:53,0
DA:54,0
DA:56,0
DA:60,0
DA:63,0
DA:64,0
DA:65,0
LF:17
LH:0
BRDA:53,0,0,0
BRDA:53,0,1,0
BRF:2
BRH:0
end_of_record
TN:
SF:src/store/communication/backendJsonCreator.ts
FN:7,(anonymous_0)
FN:10,(anonymous_1)
FN:14,(anonymous_2)
FNF:3
FNH:0
FNDA:0,(anonymous_0)
FNDA:0,(anonymous_1)
FNDA:0,(anonymous_2)
DA:5,0
DA:7,0
DA:10,0
DA:11,0
DA:12,0
DA:13,0
DA:14,0
DA:16,0
DA:23,0
LF:9
LH:0
BRF:0
BRH:0
end_of_record
TN:
SF:src/store/communication/backendUrlCreator.ts
FN:6,(anonymous_0)
FN:12,(anonymous_1)
FN:14,(anonymous_2)
FN:17,(anonymous_3)
FN:22,(anonymous_4)
FN:24,(anonymous_5)
FN:31,(anonymous_6)
FNF:7
FNH:4
FNDA:0,(anonymous_0)
FNDA:3,(anonymous_1)
FNDA:3,(anonymous_2)
FNDA:3,(anonymous_3)
FNDA:0,(anonymous_4)
FNDA:0,(anonymous_5)
FNDA:3,(anonymous_6)
DA:4,1
DA:6,1
DA:8,1
DA:10,1
DA:12,3
DA:14,1
DA:15,3
DA:17,1
DA:18,3
DA:20,1
DA:22,1
DA:24,1
DA:25,0
DA:26,0
DA:28,0
DA:31,1
DA:32,3
LF:17
LH:14
BRDA:18,0,0,0
BRDA:18,0,1,3
BRF:2
BRH:1
end_of_record
TN:
SF:src/store/communication/notificationUrlCreator.ts
FNF:0
FNH:0
DA:1,0
DA:3,0
DA:5,0
DA:7,0
DA:9,0
LF:5
LH:0
BRF:0
BRH:0
end_of_record
TN:
SF:src/store/communication/restClient.ts
FN:4,getJson
FN:11,getText
FN:19,postJsonGetJson
FN:31,postJsonGetText
FN:43,postJsonAsURLGetText
FNF:5
FNH:0
FNDA:0,getJson
FNDA:0,getText
FNDA:0,postJsonGetJson
FNDA:0,postJsonGetText
FNDA:0,postJsonAsURLGetText
DA:5,0
DA:6,0
DA:8,0
DA:12,0
DA:13,0
DA:15,0
DA:20,0
DA:25,0
DA:27,0
DA:32,0
DA:37,0
DA:39,0
DA:44,0
DA:48,0
DA:50,0
LF:15
LH:0
BRF:0
BRH:0
end_of_record
TN:
SF:src/test/mock/store/communication/restClientMock.js
FN:5,getJson
FN:10,getText
FNF:2
FNH:1
FNDA:2,getJson
FNDA:0,getText
DA:6,2
DA:7,2
DA:11,0
DA:12,0
LF:4
LH:2
BRF:0
BRH:0
end_of_record
TN:
SF:src/test/mock/store/communication/mockData/backend/getJson.js
FNF:0
FNH:0
DA:10,1
DA:11,1
DA:12,1
DA:14,1
DA:15,1
DA:16,1
DA:18,1
DA:20,1
DA:21,1
DA:22,1
DA:24,1
DA:25,1
DA:26,1
DA:27,1
DA:28,1
DA:29,1
DA:31,1
DA:32,1
DA:33,1
DA:34,1
DA:36,1
DA:37,1
DA:38,1
DA:41,1
DA:42,1
DA:44,1
DA:45,1
DA:46,1
DA:48,1
DA:49,1
DA:51,1
DA:52,1
DA:54,1
DA:55,1
LF:34
LH:34
BRF:0
BRH:0
end_of_record
TN:
SF:src/test/mock/store/communication/mockData/backend/getText.js
FNF:0
FNH:0
DA:8,1
DA:10,1
DA:11,1
DA:12,1
LF:4
LH:4
BRF:0
BRH:0
end_of_record
TN:
SF:src/test/mock/store/communication/mockData/backend/files/csvFiles.js
FNF:0
FNH:0
DA:3,1
DA:30,1
DA:57,1
LF:3
LH:3
BRF:0
BRH:0
end_of_record
