<?xml version="1.0" encoding="UTF-8"?>
<testsuite xmlns:xsi="http://www.w3.org/2001/XMLSchema-instance" xsi:noNamespaceSchemaLocation="https://maven.apache.org/surefire/maven-surefire-plugin/xsd/surefire-test-report.xsd" name="notificationsystem.view.MailBuilderTests" time="1.903" tests="3" errors="0" skipped="0" failures="0">
  <properties>
[...]
</properties>
  <testcase name="testBuildAlert" classname="notificationsystem.view.MailBuilderTests" time="0.019"/>
  <testcase name="testBuildConfirmationMail" classname="notificationsystem.view.MailBuilderTests" time="0.006"/>
  <testcase name="testBuildReport" classname="notificationsystem.view.MailBuilderTests" time="0.016"/>
</testsuite>